#
# A fatal error has been detected by the Java Runtime Environment:
#
#  EXCEPTION_ACCESS_VIOLATION (0xc0000005) at pc=0x00007ffb6c61418d, pid=11876, tid=2212
#
# JRE version: OpenJDK Runtime Environment (11.0.7+10) (build 11.0.7+10-b765.53)
# Java VM: OpenJDK 64-Bit Server VM (11.0.7+10-b765.53, mixed mode, tiered, compressed oops, g1 gc, windows-amd64)
# Problematic frame:
# C  [quoteplugin.dll+0x418d]
#
# No core dump will be written. Minidumps are not enabled by default on client versions of Windows
#
# If you would like to submit a bug report, please visit:
#   http://bugreport.java.com/bugreport/crash.jsp
# The crash happened outside the Java Virtual Machine in native code.
# See problematic frame for where to report the bug.
#

---------------  S U M M A R Y ------------

Command Line: -XX:TieredStopAtLevel=1 -Xverify:none -Dspring.output.ansi.enabled=always -Dcom.sun.management.jmxremote -Dspring.jmx.enabled=true -Dspring.liveBeansView.mbeanDomain -Dspring.application.admin.enabled=true -javaagent:C:\Program Files\JetBrains\IntelliJ IDEA 2019.3.4\lib\idea_rt.jar=13988:C:\Program Files\JetBrains\IntelliJ IDEA 2019.3.4\bin -Dfile.encoding=UTF-8 com.xtp.project.Application

Host: Intel(R) Core(TM) i3-8100 CPU @ 3.60GHz, 4 cores, 15G,  Windows 10 , 64 bit Build 18362 (10.0.18362.900)
Time: Thu Jun 11 22:16:13 2020 ?D1¨²¡À¨º¡Á?¨º¡À?? elapsed time: 111 seconds (0d 0h 1m 51s)

---------------  T H R E A D  ---------------

Current thread (0x000001128d10a800):  JavaThread "http-nio-8080-exec-6" daemon [_thread_in_native, id=2212, stack(0x0000000c9d100000,0x0000000c9d200000)]

Stack: [0x0000000c9d100000,0x0000000c9d200000],  sp=0x0000000c9d1fc300,  free space=1008k
Native frames: (J=compiled Java code, j=interpreted, Vv=VM code, C=native code)
C  [quoteplugin.dll+0x418d]

Java frames: (J=compiled Java code, j=interpreted, Vv=VM code)
j  com.zts.xtp.quote.api.QuoteApi.subscribeMarketData([Ljava/lang/String;II)I+0
j  com.xtp.project.common.QuoteMethod.subscribeMarketData([Ljava/lang/String;II)V+6
j  com.xtp.project.service.QuoteService.subscribeMarketData([Ljava/lang/String;II)V+3
j  com.xtp.project.controller.QuoteController.subscribeMarketData([Ljava/lang/String;II)Lcom/xtp/project/core/Result;+15
v  ~StubRoutines::call_stub
J 2154  jdk.internal.reflect.NativeMethodAccessorImpl.invoke0(Ljava/lang/reflect/Method;Ljava/lang/Object;[Ljava/lang/Object;)Ljava/lang/Object; java.base@11.0.7 (0 bytes) @ 0x00000112ef5d1acf [0x00000112ef5d1a40+0x000000000000008f]
J 2153 c1 jdk.internal.reflect.NativeMethodAccessorImpl.invoke(Ljava/lang/Object;[Ljava/lang/Object;)Ljava/lang/Object; java.base@11.0.7 (104 bytes) @ 0x00000112ef5d1384 [0x00000112ef5d0fc0+0x00000000000003c4]
J 1982 c1 jdk.internal.reflect.DelegatingMethodAccessorImpl.invoke(Ljava/lang/Object;[Ljava/lang/Object;)Ljava/lang/Object; java.base@11.0.7 (10 bytes) @ 0x00000112ef564104 [0x00000112ef5640c0+0x0000000000000044]
J 1983 c1 java.lang.reflect.Method.invoke(Ljava/lang/Object;[Ljava/lang/Object;)Ljava/lang/Object; java.base@11.0.7 (65 bytes) @ 0x00000112ef56456c [0x00000112ef564460+0x000000000000010c]
j  org.springframework.web.method.support.InvocableHandlerMethod.doInvoke([Ljava/lang/Object;)Ljava/lang/Object;+16
j  org.springframework.web.method.support.InvocableHandlerMethod.invokeForRequest(Lorg/springframework/web/context/request/NativeWebRequest;Lorg/springframework/web/method/support/ModelAndViewContainer;[Ljava/lang/Object;)Ljava/lang/Object;+56
j  org.springframework.web.servlet.mvc.method.annotation.ServletInvocableHandlerMethod.invokeAndHandle(Lorg/springframework/web/context/request/ServletWebRequest;Lorg/springframework/web/method/support/ModelAndViewContainer;[Ljava/lang/Object;)V+4
j  org.springframework.web.servlet.mvc.method.annotation.RequestMappingHandlerAdapter.invokeHandlerMethod(Ljavax/servlet/http/HttpServletRequest;Ljavax/servlet/http/HttpServletResponse;Lorg/springframework/web/method/HandlerMethod;)Lorg/springframework/web/servlet/ModelAndView;+244
j  org.springframework.web.servlet.mvc.method.annotation.RequestMappingHandlerAdapter.handleInternal(Ljavax/servlet/http/HttpServletRequest;Ljavax/servlet/http/HttpServletResponse;Lorg/springframework/web/method/HandlerMethod;)Lorg/springframework/web/servlet/ModelAndView;+81
j  org.springframework.web.servlet.mvc.method.AbstractHandlerMethodAdapter.handle(Ljavax/servlet/http/HttpServletRequest;Ljavax/servlet/http/HttpServletResponse;Ljava/lang/Object;)Lorg/springframework/web/servlet/ModelAndView;+7
j  org.springframework.web.servlet.DispatcherServlet.doDispatch(Ljavax/servlet/http/HttpServletRequest;Ljavax/servlet/http/HttpServletResponse;)V+257
j  org.springframework.web.servlet.DispatcherServlet.doService(Ljavax/servlet/http/HttpServletRequest;Ljavax/servlet/http/HttpServletResponse;)V+212
j  org.springframework.web.servlet.FrameworkServlet.processRequest(Ljavax/servlet/http/HttpServletRequest;Ljavax/servlet/http/HttpServletResponse;)V+71
j  org.springframework.web.servlet.FrameworkServlet.doPost(Ljavax/servlet/http/HttpServletRequest;Ljavax/servlet/http/HttpServletResponse;)V+3
j  javax.servlet.http.HttpServlet.service(Ljavax/servlet/http/HttpServletRequest;Ljavax/servlet/http/HttpServletResponse;)V+149
j  org.springframework.web.servlet.FrameworkServlet.service(Ljavax/servlet/http/HttpServletRequest;Ljavax/servlet/http/HttpServletResponse;)V+33
j  javax.servlet.http.HttpServlet.service(Ljavax/servlet/ServletRequest;Ljavax/servlet/ServletResponse;)V+30
j  org.apache.catalina.core.ApplicationFilterChain.internalDoFilter(Ljavax/servlet/ServletRequest;Ljavax/servlet/ServletResponse;)V+304
j  org.apache.catalina.core.ApplicationFilterChain.doFilter(Ljavax/servlet/ServletRequest;Ljavax/servlet/ServletResponse;)V+101
j  org.apache.tomcat.websocket.server.WsFilter.doFilter(Ljavax/servlet/ServletRequest;Ljavax/servlet/ServletResponse;Ljavax/servlet/FilterChain;)V+21
j  org.apache.catalina.core.ApplicationFilterChain.internalDoFilter(Ljavax/servlet/ServletRequest;Ljavax/servlet/ServletResponse;)V+135
j  org.apache.catalina.core.ApplicationFilterChain.doFilter(Ljavax/servlet/ServletRequest;Ljavax/servlet/ServletResponse;)V+101
j  com.alibaba.druid.support.http.WebStatFilter.doFilter(Ljavax/servlet/ServletRequest;Ljavax/servlet/ServletResponse;Ljavax/servlet/FilterChain;)V+190
j  org.apache.catalina.core.ApplicationFilterChain.internalDoFilter(Ljavax/servlet/ServletRequest;Ljavax/servlet/ServletResponse;)V+135
j  org.apache.catalina.core.ApplicationFilterChain.doFilter(Ljavax/servlet/ServletRequest;Ljavax/servlet/ServletResponse;)V+101
j  org.springframework.web.filter.RequestContextFilter.doFilterInternal(Ljavax/servlet/http/HttpServletRequest;Ljavax/servlet/http/HttpServletResponse;Ljavax/servlet/FilterChain;)V+21
j  org.springframework.web.filter.OncePerRequestFilter.doFilter(Ljavax/servlet/ServletRequest;Ljavax/servlet/ServletResponse;Ljavax/servlet/FilterChain;)V+111
j  org.apache.catalina.core.ApplicationFilterChain.internalDoFilter(Ljavax/servlet/ServletRequest;Ljavax/servlet/ServletResponse;)V+135
j  org.apache.catalina.core.ApplicationFilterChain.doFilter(Ljavax/servlet/ServletRequest;Ljavax/servlet/ServletResponse;)V+101
j  org.springframework.web.filter.FormContentFilter.doFilterInternal(Ljavax/servlet/http/HttpServletRequest;Ljavax/servlet/http/HttpServletResponse;Ljavax/servlet/FilterChain;)V+38
j  org.springframework.web.filter.OncePerRequestFilter.doFilter(Ljavax/servlet/ServletRequest;Ljavax/servlet/ServletResponse;Ljavax/servlet/FilterChain;)V+111
j  org.apache.catalina.core.ApplicationFilterChain.internalDoFilter(Ljavax/servlet/ServletRequest;Ljavax/servlet/ServletResponse;)V+135
j  org.apache.catalina.core.ApplicationFilterChain.doFilter(Ljavax/servlet/ServletRequest;Ljavax/servlet/ServletResponse;)V+101
j  org.springframework.web.filter.HiddenHttpMethodFilter.doFilterInternal(Ljavax/servlet/http/HttpServletRequest;Ljavax/servlet/http/HttpServletResponse;Ljavax/servlet/FilterChain;)V+87
j  org.springframework.web.filter.OncePerRequestFilter.doFilter(Ljavax/servlet/ServletRequest;Ljavax/servlet/ServletResponse;Ljavax/servlet/FilterChain;)V+111
j  org.apache.catalina.core.ApplicationFilterChain.internalDoFilter(Ljavax/servlet/ServletRequest;Ljavax/servlet/ServletResponse;)V+135
j  org.apache.catalina.core.ApplicationFilterChain.doFilter(Ljavax/servlet/ServletRequest;Ljavax/servlet/ServletResponse;)V+101
j  org.springframework.web.filter.CharacterEncodingFilter.doFilterInternal(Ljavax/servlet/http/HttpServletRequest;Ljavax/servlet/http/HttpServletResponse;Ljavax/servlet/FilterChain;)V+53
j  org.springframework.web.filter.OncePerRequestFilter.doFilter(Ljavax/servlet/ServletRequest;Ljavax/servlet/ServletResponse;Ljavax/servlet/FilterChain;)V+111
j  org.apache.catalina.core.ApplicationFilterChain.internalDoFilter(Ljavax/servlet/ServletRequest;Ljavax/servlet/ServletResponse;)V+135
j  org.apache.catalina.core.ApplicationFilterChain.doFilter(Ljavax/servlet/ServletRequest;Ljavax/servlet/ServletResponse;)V+101
j  org.apache.catalina.core.StandardWrapperValve.invoke(Lorg/apache/catalina/connector/Request;Lorg/apache/catalina/connector/Response;)V+688
j  org.apache.catalina.core.StandardContextValve.invoke(Lorg/apache/catalina/connector/Request;Lorg/apache/catalina/connector/Response;)V+166
j  org.apache.catalina.authenticator.AuthenticatorBase.invoke(Lorg/apache/catalina/connector/Request;Lorg/apache/catalina/connector/Response;)V+260
j  org.apache.catalina.core.StandardHostValve.invoke(Lorg/apache/catalina/connector/Request;Lorg/apache/catalina/connector/Response;)V+114
j  org.apache.catalina.valves.ErrorReportValve.invoke(Lorg/apache/catalina/connector/Request;Lorg/apache/catalina/connector/Response;)V+6
j  org.apache.catalina.core.StandardEngineValve.invoke(Lorg/apache/catalina/connector/Request;Lorg/apache/catalina/connector/Response;)V+45
j  org.apache.catalina.connector.CoyoteAdapter.service(Lorg/apache/coyote/Request;Lorg/apache/coyote/Response;)V+199
j  org.apache.coyote.http11.Http11Processor.service(Lorg/apache/tomcat/util/net/SocketWrapperBase;)Lorg/apache/tomcat/util/net/AbstractEndpoint$Handler$SocketState;+791
j  org.apache.coyote.AbstractProcessorLight.process(Lorg/apache/tomcat/util/net/SocketWrapperBase;Lorg/apache/tomcat/util/net/SocketEvent;)Lorg/apache/tomcat/util/net/AbstractEndpoint$Handler$SocketState;+113
j  org.apache.coyote.AbstractProtocol$ConnectionHandler.process(Lorg/apache/tomcat/util/net/SocketWrapperBase;Lorg/apache/tomcat/util/net/SocketEvent;)Lorg/apache/tomcat/util/net/AbstractEndpoint$Handler$SocketState;+414
j  org.apache.tomcat.util.net.NioEndpoint$SocketProcessor.doRun()V+191
j  org.apache.tomcat.util.net.SocketProcessorBase.run()V+21
j  java.util.concurrent.ThreadPoolExecutor.runWorker(Ljava/util/concurrent/ThreadPoolExecutor$Worker;)V+92 java.base@11.0.7
j  java.util.concurrent.ThreadPoolExecutor$Worker.run()V+5 java.base@11.0.7
j  org.apache.tomcat.util.threads.TaskThread$WrappingRunnable.run()V+4
j  java.lang.Thread.run()V+11 java.base@11.0.7
v  ~StubRoutines::call_stub

siginfo: EXCEPTION_ACCESS_VIOLATION (0xc0000005), reading address 0x0000000000000008


Register to memory mapping:

RIP=0x00007ffb6c61418d quoteplugin.dll
RAX=0x000000000000000f is an unknown value
RBX=0x0 is NULL
RCX=0xf773b5e80cf70000 is an unknown value
RDX=0x00000112e8880000 points into unknown readable memory: 00 00 00 00 00 00 00 00
RSP=0x0000000c9d1fc300 is pointing into the stack for thread: 0x000001128d10a800
RBP=0x0000000c9d1fc3f0 is pointing into the stack for thread: 0x000001128d10a800
RSI=0x000001128b48c5a0 points into unknown readable memory: 50 66 c2 8b 12 01 00 00
RDI=0x0000000000000001 is an unknown value
R8 =0x00000112e8803e40 points into unknown readable memory: 50 0d 80 e8 12 01 00 00
R9 =0x0000000000000001 is an unknown value
R10=0x0000000000008000 is an unknown value
R11=0x0000000c9d1fc1d0 is pointing into the stack for thread: 0x000001128d10a800
R12=0x0000000c9d1fc420 is pointing into the stack for thread: 0x000001128d10a800
R13=0x0 is NULL
R14=0x0000000000000001 is an unknown value
R15=0x000001128d10ab40 points into unknown readable memory: 90 1c a0 3f fb 7f 00 00


Registers:
RAX=0x000000000000000f, RBX=0x0000000000000000, RCX=0xf773b5e80cf70000, RDX=0x00000112e8880000
RSP=0x0000000c9d1fc300, RBP=0x0000000c9d1fc3f0, RSI=0x000001128b48c5a0, RDI=0x0000000000000001
R8 =0x00000112e8803e40, R9 =0x0000000000000001, R10=0x0000000000008000, R11=0x0000000c9d1fc1d0
R12=0x0000000c9d1fc420, R13=0x0000000000000000, R14=0x0000000000000001, R15=0x000001128d10ab40
RIP=0x00007ffb6c61418d, EFLAGS=0x0000000000010206

Top of Stack: (sp=0x0000000c9d1fc300)
0x0000000c9d1fc300:   0000000c7b5cfd1f 0000000c9d1fc428
0x0000000c9d1fc310:   0000000c9d1fc3f0 0000000000000000
0x0000000c9d1fc320:   0000000000000000 000001128c1c6110
0x0000000c9d1fc330:   000001128d10a800 0000000c9d1fc428
0x0000000c9d1fc340:   000001128f3afbe8 0000000000000000
0x0000000c9d1fc350:   00000112eebc0bd7 00000112eebcf0b7
0x0000000c9d1fc360:   000001128ceed6f8 000001128f3afbf8
0x0000000c9d1fc370:   0000000c9d1fc3f0 00000112eebcedb2
0x0000000c9d1fc380:   0000011200000001 0000000c9d1fc3f0
0x0000000c9d1fc390:   00000112eebc0bd7 00000112eebc0bd7
0x0000000c9d1fc3a0:   00000112eebced56 0000000c9d1fc3a8
0x0000000c9d1fc3b0:   000001128f3afbe8 0000000c9d1fc428
0x0000000c9d1fc3c0:   000001128f3c2038 0000000000000000
0x0000000c9d1fc3d0:   0000000717d133e0 000001128f3afbf8
0x0000000c9d1fc3e0:   0000000000000000 0000000c9d1fc410
0x0000000c9d1fc3f0:   0000000c9d1fc478 00000112eebc9880 

Instructions: (pc=0x00007ffb6c61418d)
0x00007ffb6c61408d:   cc cc cc 48 89 5c 24 10 48 89 6c 24 18 56 41 54
0x00007ffb6c61409d:   41 55 41 56 41 57 48 83 ec 30 4d 8b e0 4d 63 f1
0x00007ffb6c6140ad:   48 8b da 4c 8b f9 41 b8 af 00 00 00 48 8d 15 50
0x00007ffb6c6140bd:   78 00 00 48 8d 4c 24 20 ff 15 3d 71 00 00 48 8b
0x00007ffb6c6140cd:   c8 ff 15 1c 71 00 00 48 8b c8 48 8d 15 4a 79 00
0x00007ffb6c6140dd:   00 e8 ed d0 ff ff 48 8d 4c 24 20 ff 15 0a 71 00
0x00007ffb6c6140ed:   00 49 8b 07 48 8b d3 49 8b cf ff 90 f8 00 00 00
0x00007ffb6c6140fd:   4d 8b 17 4c 8d 0d cd 74 00 00 4c 8d 05 ca 74 00
0x00007ffb6c61410d:   00 48 8b d0 49 8b cf 41 ff 92 f0 02 00 00 4d 8b
0x00007ffb6c61411d:   0f 48 8b d3 4c 8b c0 49 8b cf 41 ff 91 28 03 00
0x00007ffb6c61412d:   00 4c 8b e8 48 c7 c3 ff ff ff ff b8 08 00 00 00
0x00007ffb6c61413d:   49 f7 e6 48 0f 40 c3 48 8b c8 e8 c4 53 00 00 48
0x00007ffb6c61414d:   8b f0 48 85 c0 75 04 8b c3 eb 78 33 db 48 89 7c
0x00007ffb6c61415d:   24 60 8b fb 45 85 f6 7e 16 b9 10 00 00 00 e8 a0
0x00007ffb6c61416d:   53 00 00 48 89 04 fe 48 ff c7 49 3b fe 7c ea 45
0x00007ffb6c61417d:   8b ce 4c 8b c6 49 8b d4 49 8b cf e8 43 eb ff ff
0x00007ffb6c61418d:   49 8b 4d 08 45 8b c6 44 8b 8c 24 80 00 00 00 48
0x00007ffb6c61419d:   8b d6 48 8b 01 ff 50 38 8b f8 45 85 f6 7e 15 0f
0x00007ffb6c6141ad:   1f 40 00 48 8b 0c de e8 5f 53 00 00 48 ff c3 49
0x00007ffb6c6141bd:   3b de 7c ef 48 8b ce e8 4f 53 00 00 8b c7 48 8b
0x00007ffb6c6141cd:   7c 24 60 48 8b 5c 24 68 48 8b 6c 24 70 48 83 c4
0x00007ffb6c6141dd:   30 41 5f 41 5e 41 5d 41 5c 5e c3 cc cc cc cc cc
0x00007ffb6c6141ed:   cc cc cc 48 89 5c 24 08 48 89 6c 24 10 48 89 74
0x00007ffb6c6141fd:   24 18 57 41 54 41 55 41 56 41 57 48 83 ec 20 48
0x00007ffb6c61420d:   8b 01 4d 8b e0 4d 63 f1 48 8b da 4c 8b f9 ff 90
0x00007ffb6c61421d:   f8 00 00 00 4d 8b 17 4c 8d 0d a9 73 00 00 4c 8d
0x00007ffb6c61422d:   05 a6 73 00 00 48 8b d0 49 8b cf 41 ff 92 f0 02
0x00007ffb6c61423d:   00 00 4d 8b 0f 48 8b d3 4c 8b c0 49 8b cf 41 ff
0x00007ffb6c61424d:   91 28 03 00 00 4c 8b e8 48 c7 c1 ff ff ff ff b8
0x00007ffb6c61425d:   08 00 00 00 49 f7 e6 48 0f 40 c1 48 8b c8 e8 a0
0x00007ffb6c61426d:   52 00 00 33 db 48 8b f0 8b fb 45 85 f6 7e 1a 0f
0x00007ffb6c61427d:   1f 40 00 b9 10 00 00 00 e8 86 52 00 00 48 89 04 


Stack slot to memory mapping:
stack at sp + 0 slots: 0x0000000c7b5cfd1f is an unknown value
stack at sp + 1 slots: 0x0000000c9d1fc428 is pointing into the stack for thread: 0x000001128d10a800
stack at sp + 2 slots: 0x0000000c9d1fc3f0 is pointing into the stack for thread: 0x000001128d10a800
stack at sp + 3 slots: 0x0 is NULL
stack at sp + 4 slots: 0x0 is NULL
stack at sp + 5 slots: 0x000001128c1c6110 points into unknown readable memory: 00 00 00 00 20 a1 be 20
stack at sp + 6 slots: 0x000001128d10a800 is a thread
stack at sp + 7 slots: 0x0000000c9d1fc428 is pointing into the stack for thread: 0x000001128d10a800


---------------  P R O C E S S  ---------------

Threads class SMR info:
_java_thread_list=0x000001128c178600, length=34, elements={
0x00000112ff946000, 0x00000112ff949800, 0x00000112ff99b800, 0x00000112ff99c800,
0x00000112ff99d800, 0x00000112ff9a0800, 0x00000112ff920800, 0x000001128a756000,
0x000001128a756800, 0x000001128a96d800, 0x000001128b6be800, 0x000001128b9f2000,
0x000001128be38000, 0x000001128d092800, 0x000001128d0c1800, 0x000001128d10c000,
0x000001128d10c800, 0x000001128d10d800, 0x000001128d108800, 0x000001128d109800,
0x000001128d108000, 0x000001128d10e800, 0x000001128d10b000, 0x000001128d10a800,
0x000001128d4c7800, 0x000001128d4c5800, 0x000001128d4c3800, 0x000001128d4c9000,
0x000001128d4c8000, 0x000001128d4c6800, 0x000001128d4ca000, 0x000001128d4c4000,
0x000001128d4ca800, 0x000001128d4ce000
}

Java Threads: ( => current thread )
  0x00000112ff946000 JavaThread "Reference Handler" daemon [_thread_blocked, id=10736, stack(0x0000000c9b500000,0x0000000c9b600000)]
  0x00000112ff949800 JavaThread "Finalizer" daemon [_thread_blocked, id=6768, stack(0x0000000c9b600000,0x0000000c9b700000)]
  0x00000112ff99b800 JavaThread "Signal Dispatcher" daemon [_thread_blocked, id=13248, stack(0x0000000c9b700000,0x0000000c9b800000)]
  0x00000112ff99c800 JavaThread "Attach Listener" daemon [_thread_blocked, id=3340, stack(0x0000000c9b800000,0x0000000c9b900000)]
  0x00000112ff99d800 JavaThread "C1 CompilerThread0" daemon [_thread_blocked, id=9868, stack(0x0000000c9b900000,0x0000000c9ba00000)]
  0x00000112ff9a0800 JavaThread "Sweeper thread" daemon [_thread_blocked, id=2580, stack(0x0000000c9ba00000,0x0000000c9bb00000)]
  0x00000112ff920800 JavaThread "Common-Cleaner" daemon [_thread_blocked, id=8688, stack(0x0000000c9bb00000,0x0000000c9bc00000)]
  0x000001128a756000 JavaThread "Monitor Ctrl-Break" daemon [_thread_in_native, id=200, stack(0x0000000c9bc00000,0x0000000c9bd00000)]
  0x000001128a756800 JavaThread "Service Thread" daemon [_thread_blocked, id=6736, stack(0x0000000c9bd00000,0x0000000c9be00000)]
  0x000001128a96d800 JavaThread "RMI TCP Accept-0" daemon [_thread_in_native, id=1616, stack(0x0000000c9be00000,0x0000000c9bf00000)]
  0x000001128b6be800 JavaThread "logback-1" daemon [_thread_blocked, id=10528, stack(0x0000000c9c400000,0x0000000c9c500000)]
  0x000001128b9f2000 JavaThread "RMI Scheduler(0)" daemon [_thread_blocked, id=7976, stack(0x0000000c9c500000,0x0000000c9c600000)]
  0x000001128be38000 JavaThread "ContainerBackgroundProcessor[StandardEngine[Tomcat]]" daemon [_thread_blocked, id=7508, stack(0x0000000c9c600000,0x0000000c9c700000)]
  0x000001128d092800 JavaThread "container-0" [_thread_blocked, id=7716, stack(0x0000000c9c700000,0x0000000c9c800000)]
  0x000001128d0c1800 JavaThread "Abandoned connection cleanup thread" daemon [_thread_blocked, id=9804, stack(0x0000000c9c800000,0x0000000c9c900000)]
  0x000001128d10c000 JavaThread "Druid-ConnectionPool-Create-1371045367" daemon [_thread_blocked, id=1284, stack(0x0000000c9c900000,0x0000000c9ca00000)]
  0x000001128d10c800 JavaThread "Druid-ConnectionPool-Destroy-1371045367" daemon [_thread_blocked, id=9312, stack(0x0000000c9ca00000,0x0000000c9cb00000)]
  0x000001128d10d800 JavaThread "NioBlockingSelector.BlockPoller-1" daemon [_thread_in_native, id=8116, stack(0x0000000c9cb00000,0x0000000c9cc00000)]
  0x000001128d108800 JavaThread "http-nio-8080-exec-1" daemon [_thread_blocked, id=7268, stack(0x0000000c9cc00000,0x0000000c9cd00000)]
  0x000001128d109800 JavaThread "http-nio-8080-exec-2" daemon [_thread_blocked, id=7700, stack(0x0000000c9cd00000,0x0000000c9ce00000)]
  0x000001128d108000 JavaThread "http-nio-8080-exec-3" daemon [_thread_blocked, id=2804, stack(0x0000000c9ce00000,0x0000000c9cf00000)]
  0x000001128d10e800 JavaThread "http-nio-8080-exec-4" daemon [_thread_blocked, id=2764, stack(0x0000000c9cf00000,0x0000000c9d000000)]
  0x000001128d10b000 JavaThread "http-nio-8080-exec-5" daemon [_thread_blocked, id=5632, stack(0x0000000c9d000000,0x0000000c9d100000)]
=>0x000001128d10a800 JavaThread "http-nio-8080-exec-6" daemon [_thread_in_native, id=2212, stack(0x0000000c9d100000,0x0000000c9d200000)]
  0x000001128d4c7800 JavaThread "http-nio-8080-exec-7" daemon [_thread_blocked, id=13236, stack(0x0000000c9d200000,0x0000000c9d300000)]
  0x000001128d4c5800 JavaThread "http-nio-8080-exec-8" daemon [_thread_blocked, id=3140, stack(0x0000000c9d300000,0x0000000c9d400000)]
  0x000001128d4c3800 JavaThread "http-nio-8080-exec-9" daemon [_thread_blocked, id=8164, stack(0x0000000c9d400000,0x0000000c9d500000)]
  0x000001128d4c9000 JavaThread "http-nio-8080-exec-10" daemon [_thread_blocked, id=5320, stack(0x0000000c9d500000,0x0000000c9d600000)]
  0x000001128d4c8000 JavaThread "http-nio-8080-ClientPoller-0" daemon [_thread_in_native, id=11120, stack(0x0000000c9d600000,0x0000000c9d700000)]
  0x000001128d4c6800 JavaThread "http-nio-8080-ClientPoller-1" daemon [_thread_in_native, id=9480, stack(0x0000000c9d700000,0x0000000c9d800000)]
  0x000001128d4ca000 JavaThread "http-nio-8080-Acceptor-0" daemon [_thread_in_native, id=2584, stack(0x0000000c9d800000,0x0000000c9d900000)]
  0x000001128d4c4000 JavaThread "http-nio-8080-AsyncTimeout" daemon [_thread_blocked, id=8112, stack(0x0000000c9d900000,0x0000000c9da00000)]
  0x000001128d4ca800 JavaThread "DestroyJavaVM" [_thread_blocked, id=10200, stack(0x0000000c9ae00000,0x0000000c9af00000)]
  0x000001128d4ce000 JavaThread "logback-2" daemon [_thread_blocked, id=7884, stack(0x0000000c9ab00000,0x0000000c9ac00000)]

Other Threads:
  0x00000112ff87a800 VMThread "VM Thread" [stack: 0x0000000c9b400000,0x0000000c9b500000] [id=13064]
  0x000001128a959000 WatcherThread [stack: 0x0000000c9bf00000,0x0000000c9c000000] [id=4180]
  0x00000112eab06800 GCTaskThread "GC Thread#0" [stack: 0x0000000c9af00000,0x0000000c9b000000] [id=7756]
  0x000001128aa0e000 GCTaskThread "GC Thread#1" [stack: 0x0000000c9c000000,0x0000000c9c100000] [id=8744]
  0x000001128a9f7000 GCTaskThread "GC Thread#2" [stack: 0x0000000c9c100000,0x0000000c9c200000] [id=7880]
  0x000001128a9f8000 GCTaskThread "GC Thread#3" [stack: 0x0000000c9c200000,0x0000000c9c300000] [id=11692]
  0x00000112eab61800 ConcurrentGCThread "G1 Main Marker" [stack: 0x0000000c9b000000,0x0000000c9b100000] [id=3876]
  0x00000112eab63000 ConcurrentGCThread "G1 Conc#0" [stack: 0x0000000c9b100000,0x0000000c9b200000] [id=1976]
  0x00000112ff75f000 ConcurrentGCThread "G1 Refine#0" [stack: 0x0000000c9b200000,0x0000000c9b300000] [id=7404]
  0x00000112ff760000 ConcurrentGCThread "G1 Young RemSet Sampling" [stack: 0x0000000c9b300000,0x0000000c9b400000] [id=11676]

Threads with active compile tasks:

VM state:not at safepoint (normal execution)

VM Mutex/Monitor currently owned by a thread: None

Heap address: 0x0000000705200000, size: 4014 MB, Compressed Oops mode: Zero based, Oop shift amount: 3
Narrow klass base: 0x0000000800000000, Narrow klass shift: 0
Compressed class space size: 1073741824 Address: 0x0000000800000000

Heap:
 garbage-first heap   total 310272K, used 30701K [0x0000000705200000, 0x0000000800000000)
  region size 1024K, 23 young (23552K), 19 survivors (19456K)
 Metaspace       used 51576K, capacity 52870K, committed 52944K, reserved 1095680K
  class space    used 6435K, capacity 6921K, committed 6988K, reserved 1048576K
Heap Regions: E=young(eden), S=young(survivor), O=old, HS=humongous(starts), HC=humongous(continues), CS=collection set, F=free, A=archive, TAMS=top-at-mark-start (previous, next)
|   0|0x0000000705200000, 0x0000000705300000, 0x0000000705300000|100%| O|  |TAMS 0x0000000705300000, 0x0000000705200000| Untracked 
|   1|0x0000000705300000, 0x0000000705400000, 0x0000000705400000|100%| O|  |TAMS 0x0000000705400000, 0x0000000705300000| Untracked 
|   2|0x0000000705400000, 0x0000000705500000, 0x0000000705500000|100%| O|  |TAMS 0x0000000705500000, 0x0000000705400000| Untracked 
|   3|0x0000000705500000, 0x0000000705600000, 0x0000000705600000|100%| O|  |TAMS 0x0000000705600000, 0x0000000705500000| Untracked 
|   4|0x0000000705600000, 0x0000000705700000, 0x0000000705700000|100%| O|  |TAMS 0x0000000705700000, 0x0000000705600000| Untracked 
|   5|0x0000000705700000, 0x0000000705800000, 0x0000000705800000|100%| O|  |TAMS 0x0000000705800000, 0x0000000705700000| Untracked 
|   6|0x0000000705800000, 0x0000000705900000, 0x0000000705900000|100%| O|  |TAMS 0x0000000705900000, 0x0000000705800000| Untracked 
|   7|0x0000000705900000, 0x00000007059fb400, 0x0000000705a00000| 98%| O|  |TAMS 0x00000007059fb400, 0x0000000705900000| Untracked 
|   8|0x0000000705a00000, 0x0000000705a00000, 0x0000000705b00000|  0%| F|  |TAMS 0x0000000705a00000, 0x0000000705a00000| Untracked 
|   9|0x0000000705b00000, 0x0000000705b00000, 0x0000000705c00000|  0%| F|  |TAMS 0x0000000705b00000, 0x0000000705b00000| Untracked 
|  10|0x0000000705c00000, 0x0000000705c00000, 0x0000000705d00000|  0%| F|  |TAMS 0x0000000705c00000, 0x0000000705c00000| Untracked 
|  11|0x0000000705d00000, 0x0000000705d00000, 0x0000000705e00000|  0%| F|  |TAMS 0x0000000705d00000, 0x0000000705d00000| Untracked 
|  12|0x0000000705e00000, 0x0000000705e00000, 0x0000000705f00000|  0%| F|  |TAMS 0x0000000705e00000, 0x0000000705e00000| Untracked 
|  13|0x0000000705f00000, 0x0000000705f00000, 0x0000000706000000|  0%| F|  |TAMS 0x0000000705f00000, 0x0000000705f00000| Untracked 
|  14|0x0000000706000000, 0x0000000706000000, 0x0000000706100000|  0%| F|  |TAMS 0x0000000706000000, 0x0000000706000000| Untracked 
|  15|0x0000000706100000, 0x0000000706100000, 0x0000000706200000|  0%| F|  |TAMS 0x0000000706100000, 0x0000000706100000| Untracked 
|  16|0x0000000706200000, 0x0000000706200000, 0x0000000706300000|  0%| F|  |TAMS 0x0000000706200000, 0x0000000706200000| Untracked 
|  17|0x0000000706300000, 0x0000000706300000, 0x0000000706400000|  0%| F|  |TAMS 0x0000000706300000, 0x0000000706300000| Untracked 
|  18|0x0000000706400000, 0x0000000706400000, 0x0000000706500000|  0%| F|  |TAMS 0x0000000706400000, 0x0000000706400000| Untracked 
|  19|0x0000000706500000, 0x0000000706500000, 0x0000000706600000|  0%| F|  |TAMS 0x0000000706500000, 0x0000000706500000| Untracked 
|  20|0x0000000706600000, 0x0000000706600000, 0x0000000706700000|  0%| F|  |TAMS 0x0000000706600000, 0x0000000706600000| Untracked 
|  21|0x0000000706700000, 0x0000000706700000, 0x0000000706800000|  0%| F|  |TAMS 0x0000000706700000, 0x0000000706700000| Untracked 
|  22|0x0000000706800000, 0x0000000706800000, 0x0000000706900000|  0%| F|  |TAMS 0x0000000706800000, 0x0000000706800000| Untracked 
|  23|0x0000000706900000, 0x0000000706900000, 0x0000000706a00000|  0%| F|  |TAMS 0x0000000706900000, 0x0000000706900000| Untracked 
|  24|0x0000000706a00000, 0x0000000706a00000, 0x0000000706b00000|  0%| F|  |TAMS 0x0000000706a00000, 0x0000000706a00000| Untracked 
|  25|0x0000000706b00000, 0x0000000706b00000, 0x0000000706c00000|  0%| F|  |TAMS 0x0000000706b00000, 0x0000000706b00000| Untracked 
|  26|0x0000000706c00000, 0x0000000706c00000, 0x0000000706d00000|  0%| F|  |TAMS 0x0000000706c00000, 0x0000000706c00000| Untracked 
|  27|0x0000000706d00000, 0x0000000706d00000, 0x0000000706e00000|  0%| F|  |TAMS 0x0000000706d00000, 0x0000000706d00000| Untracked 
|  28|0x0000000706e00000, 0x0000000706e00000, 0x0000000706f00000|  0%| F|  |TAMS 0x0000000706e00000, 0x0000000706e00000| Untracked 
|  29|0x0000000706f00000, 0x0000000706f00000, 0x0000000707000000|  0%| F|  |TAMS 0x0000000706f00000, 0x0000000706f00000| Untracked 
|  30|0x0000000707000000, 0x0000000707000000, 0x0000000707100000|  0%| F|  |TAMS 0x0000000707000000, 0x0000000707000000| Untracked 
|  31|0x0000000707100000, 0x0000000707100000, 0x0000000707200000|  0%| F|  |TAMS 0x0000000707100000, 0x0000000707100000| Untracked 
|  32|0x0000000707200000, 0x0000000707200000, 0x0000000707300000|  0%| F|  |TAMS 0x0000000707200000, 0x0000000707200000| Untracked 
|  33|0x0000000707300000, 0x0000000707300000, 0x0000000707400000|  0%| F|  |TAMS 0x0000000707300000, 0x0000000707300000| Untracked 
|  34|0x0000000707400000, 0x0000000707400000, 0x0000000707500000|  0%| F|  |TAMS 0x0000000707400000, 0x0000000707400000| Untracked 
|  35|0x0000000707500000, 0x0000000707500000, 0x0000000707600000|  0%| F|  |TAMS 0x0000000707500000, 0x0000000707500000| Untracked 
|  36|0x0000000707600000, 0x0000000707600000, 0x0000000707700000|  0%| F|  |TAMS 0x0000000707600000, 0x0000000707600000| Untracked 
|  37|0x0000000707700000, 0x0000000707700000, 0x0000000707800000|  0%| F|  |TAMS 0x0000000707700000, 0x0000000707700000| Untracked 
|  38|0x0000000707800000, 0x0000000707800000, 0x0000000707900000|  0%| F|  |TAMS 0x0000000707800000, 0x0000000707800000| Untracked 
|  39|0x0000000707900000, 0x0000000707900000, 0x0000000707a00000|  0%| F|  |TAMS 0x0000000707900000, 0x0000000707900000| Untracked 
|  40|0x0000000707a00000, 0x0000000707a00000, 0x0000000707b00000|  0%| F|  |TAMS 0x0000000707a00000, 0x0000000707a00000| Untracked 
|  41|0x0000000707b00000, 0x0000000707b00000, 0x0000000707c00000|  0%| F|  |TAMS 0x0000000707b00000, 0x0000000707b00000| Untracked 
|  42|0x0000000707c00000, 0x0000000707c00000, 0x0000000707d00000|  0%| F|  |TAMS 0x0000000707c00000, 0x0000000707c00000| Untracked 
|  43|0x0000000707d00000, 0x0000000707d00000, 0x0000000707e00000|  0%| F|  |TAMS 0x0000000707d00000, 0x0000000707d00000| Untracked 
|  44|0x0000000707e00000, 0x0000000707e00000, 0x0000000707f00000|  0%| F|  |TAMS 0x0000000707e00000, 0x0000000707e00000| Untracked 
|  45|0x0000000707f00000, 0x0000000707f00000, 0x0000000708000000|  0%| F|  |TAMS 0x0000000707f00000, 0x0000000707f00000| Untracked 
|  46|0x0000000708000000, 0x0000000708000000, 0x0000000708100000|  0%| F|  |TAMS 0x0000000708000000, 0x0000000708000000| Untracked 
|  47|0x0000000708100000, 0x0000000708100000, 0x0000000708200000|  0%| F|  |TAMS 0x0000000708100000, 0x0000000708100000| Untracked 
|  48|0x0000000708200000, 0x0000000708200000, 0x0000000708300000|  0%| F|  |TAMS 0x0000000708200000, 0x0000000708200000| Untracked 
|  49|0x0000000708300000, 0x0000000708300000, 0x0000000708400000|  0%| F|  |TAMS 0x0000000708300000, 0x0000000708300000| Untracked 
|  50|0x0000000708400000, 0x0000000708400000, 0x0000000708500000|  0%| F|  |TAMS 0x0000000708400000, 0x0000000708400000| Untracked 
|  51|0x0000000708500000, 0x0000000708500000, 0x0000000708600000|  0%| F|  |TAMS 0x0000000708500000, 0x0000000708500000| Untracked 
|  52|0x0000000708600000, 0x0000000708600000, 0x0000000708700000|  0%| F|  |TAMS 0x0000000708600000, 0x0000000708600000| Untracked 
|  53|0x0000000708700000, 0x0000000708700000, 0x0000000708800000|  0%| F|  |TAMS 0x0000000708700000, 0x0000000708700000| Untracked 
|  54|0x0000000708800000, 0x0000000708800000, 0x0000000708900000|  0%| F|  |TAMS 0x0000000708800000, 0x0000000708800000| Untracked 
|  55|0x0000000708900000, 0x0000000708900000, 0x0000000708a00000|  0%| F|  |TAMS 0x0000000708900000, 0x0000000708900000| Untracked 
|  56|0x0000000708a00000, 0x0000000708a00000, 0x0000000708b00000|  0%| F|  |TAMS 0x0000000708a00000, 0x0000000708a00000| Untracked 
|  57|0x0000000708b00000, 0x0000000708b00000, 0x0000000708c00000|  0%| F|  |TAMS 0x0000000708b00000, 0x0000000708b00000| Untracked 
|  58|0x0000000708c00000, 0x0000000708c00000, 0x0000000708d00000|  0%| F|  |TAMS 0x0000000708c00000, 0x0000000708c00000| Untracked 
|  59|0x0000000708d00000, 0x0000000708d00000, 0x0000000708e00000|  0%| F|  |TAMS 0x0000000708d00000, 0x0000000708d00000| Untracked 
|  60|0x0000000708e00000, 0x0000000708e00000, 0x0000000708f00000|  0%| F|  |TAMS 0x0000000708e00000, 0x0000000708e00000| Untracked 
|  61|0x0000000708f00000, 0x0000000708f00000, 0x0000000709000000|  0%| F|  |TAMS 0x0000000708f00000, 0x0000000708f00000| Untracked 
|  62|0x0000000709000000, 0x0000000709000000, 0x0000000709100000|  0%| F|  |TAMS 0x0000000709000000, 0x0000000709000000| Untracked 
|  63|0x0000000709100000, 0x0000000709100000, 0x0000000709200000|  0%| F|  |TAMS 0x0000000709100000, 0x0000000709100000| Untracked 
|  64|0x0000000709200000, 0x0000000709200000, 0x0000000709300000|  0%| F|  |TAMS 0x0000000709200000, 0x0000000709200000| Untracked 
|  65|0x0000000709300000, 0x0000000709300000, 0x0000000709400000|  0%| F|  |TAMS 0x0000000709300000, 0x0000000709300000| Untracked 
|  66|0x0000000709400000, 0x0000000709400000, 0x0000000709500000|  0%| F|  |TAMS 0x0000000709400000, 0x0000000709400000| Untracked 
|  67|0x0000000709500000, 0x0000000709500000, 0x0000000709600000|  0%| F|  |TAMS 0x0000000709500000, 0x0000000709500000| Untracked 
|  68|0x0000000709600000, 0x0000000709600000, 0x0000000709700000|  0%| F|  |TAMS 0x0000000709600000, 0x0000000709600000| Untracked 
|  69|0x0000000709700000, 0x0000000709700000, 0x0000000709800000|  0%| F|  |TAMS 0x0000000709700000, 0x0000000709700000| Untracked 
|  70|0x0000000709800000, 0x0000000709800000, 0x0000000709900000|  0%| F|  |TAMS 0x0000000709800000, 0x0000000709800000| Untracked 
|  71|0x0000000709900000, 0x0000000709900000, 0x0000000709a00000|  0%| F|  |TAMS 0x0000000709900000, 0x0000000709900000| Untracked 
|  72|0x0000000709a00000, 0x0000000709a00000, 0x0000000709b00000|  0%| F|  |TAMS 0x0000000709a00000, 0x0000000709a00000| Untracked 
|  73|0x0000000709b00000, 0x0000000709b00000, 0x0000000709c00000|  0%| F|  |TAMS 0x0000000709b00000, 0x0000000709b00000| Untracked 
|  74|0x0000000709c00000, 0x0000000709c00000, 0x0000000709d00000|  0%| F|  |TAMS 0x0000000709c00000, 0x0000000709c00000| Untracked 
|  75|0x0000000709d00000, 0x0000000709d00000, 0x0000000709e00000|  0%| F|  |TAMS 0x0000000709d00000, 0x0000000709d00000| Untracked 
|  76|0x0000000709e00000, 0x0000000709e00000, 0x0000000709f00000|  0%| F|  |TAMS 0x0000000709e00000, 0x0000000709e00000| Untracked 
|  77|0x0000000709f00000, 0x0000000709f00000, 0x000000070a000000|  0%| F|  |TAMS 0x0000000709f00000, 0x0000000709f00000| Untracked 
|  78|0x000000070a000000, 0x000000070a000000, 0x000000070a100000|  0%| F|  |TAMS 0x000000070a000000, 0x000000070a000000| Untracked 
|  79|0x000000070a100000, 0x000000070a100000, 0x000000070a200000|  0%| F|  |TAMS 0x000000070a100000, 0x000000070a100000| Untracked 
|  80|0x000000070a200000, 0x000000070a200000, 0x000000070a300000|  0%| F|  |TAMS 0x000000070a200000, 0x000000070a200000| Untracked 
|  81|0x000000070a300000, 0x000000070a300000, 0x000000070a400000|  0%| F|  |TAMS 0x000000070a300000, 0x000000070a300000| Untracked 
|  82|0x000000070a400000, 0x000000070a400000, 0x000000070a500000|  0%| F|  |TAMS 0x000000070a400000, 0x000000070a400000| Untracked 
|  83|0x000000070a500000, 0x000000070a500000, 0x000000070a600000|  0%| F|  |TAMS 0x000000070a500000, 0x000000070a500000| Untracked 
|  84|0x000000070a600000, 0x000000070a600000, 0x000000070a700000|  0%| F|  |TAMS 0x000000070a600000, 0x000000070a600000| Untracked 
|  85|0x000000070a700000, 0x000000070a700000, 0x000000070a800000|  0%| F|  |TAMS 0x000000070a700000, 0x000000070a700000| Untracked 
|  86|0x000000070a800000, 0x000000070a800000, 0x000000070a900000|  0%| F|  |TAMS 0x000000070a800000, 0x000000070a800000| Untracked 
|  87|0x000000070a900000, 0x000000070a900000, 0x000000070aa00000|  0%| F|  |TAMS 0x000000070a900000, 0x000000070a900000| Untracked 
|  88|0x000000070aa00000, 0x000000070aa00000, 0x000000070ab00000|  0%| F|  |TAMS 0x000000070aa00000, 0x000000070aa00000| Untracked 
|  89|0x000000070ab00000, 0x000000070ab00000, 0x000000070ac00000|  0%| F|  |TAMS 0x000000070ab00000, 0x000000070ab00000| Untracked 
|  90|0x000000070ac00000, 0x000000070ac00000, 0x000000070ad00000|  0%| F|  |TAMS 0x000000070ac00000, 0x000000070ac00000| Untracked 
|  91|0x000000070ad00000, 0x000000070ad00000, 0x000000070ae00000|  0%| F|  |TAMS 0x000000070ad00000, 0x000000070ad00000| Untracked 
|  92|0x000000070ae00000, 0x000000070ae00000, 0x000000070af00000|  0%| F|  |TAMS 0x000000070ae00000, 0x000000070ae00000| Untracked 
|  93|0x000000070af00000, 0x000000070af00000, 0x000000070b000000|  0%| F|  |TAMS 0x000000070af00000, 0x000000070af00000| Untracked 
|  94|0x000000070b000000, 0x000000070b000000, 0x000000070b100000|  0%| F|  |TAMS 0x000000070b000000, 0x000000070b000000| Untracked 
|  95|0x000000070b100000, 0x000000070b100000, 0x000000070b200000|  0%| F|  |TAMS 0x000000070b100000, 0x000000070b100000| Untracked 
|  96|0x000000070b200000, 0x000000070b200000, 0x000000070b300000|  0%| F|  |TAMS 0x000000070b200000, 0x000000070b200000| Untracked 
|  97|0x000000070b300000, 0x000000070b300000, 0x000000070b400000|  0%| F|  |TAMS 0x000000070b300000, 0x000000070b300000| Untracked 
|  98|0x000000070b400000, 0x000000070b400000, 0x000000070b500000|  0%| F|  |TAMS 0x000000070b400000, 0x000000070b400000| Untracked 
|  99|0x000000070b500000, 0x000000070b500000, 0x000000070b600000|  0%| F|  |TAMS 0x000000070b500000, 0x000000070b500000| Untracked 
| 100|0x000000070b600000, 0x000000070b600000, 0x000000070b700000|  0%| F|  |TAMS 0x000000070b600000, 0x000000070b600000| Untracked 
| 101|0x000000070b700000, 0x000000070b700000, 0x000000070b800000|  0%| F|  |TAMS 0x000000070b700000, 0x000000070b700000| Untracked 
| 102|0x000000070b800000, 0x000000070b800000, 0x000000070b900000|  0%| F|  |TAMS 0x000000070b800000, 0x000000070b800000| Untracked 
| 103|0x000000070b900000, 0x000000070ba00000, 0x000000070ba00000|100%| S|CS|TAMS 0x000000070b900000, 0x000000070b900000| Complete 
| 104|0x000000070ba00000, 0x000000070bb00000, 0x000000070bb00000|100%| S|CS|TAMS 0x000000070ba00000, 0x000000070ba00000| Complete 
| 105|0x000000070bb00000, 0x000000070bc00000, 0x000000070bc00000|100%| S|CS|TAMS 0x000000070bb00000, 0x000000070bb00000| Complete 
| 106|0x000000070bc00000, 0x000000070bd00000, 0x000000070bd00000|100%| S|CS|TAMS 0x000000070bc00000, 0x000000070bc00000| Complete 
| 107|0x000000070bd00000, 0x000000070be00000, 0x000000070be00000|100%| S|CS|TAMS 0x000000070bd00000, 0x000000070bd00000| Complete 
| 108|0x000000070be00000, 0x000000070bf00000, 0x000000070bf00000|100%| S|CS|TAMS 0x000000070be00000, 0x000000070be00000| Complete 
| 109|0x000000070bf00000, 0x000000070c000000, 0x000000070c000000|100%| S|CS|TAMS 0x000000070bf00000, 0x000000070bf00000| Complete 
| 110|0x000000070c000000, 0x000000070c100000, 0x000000070c100000|100%| S|CS|TAMS 0x000000070c000000, 0x000000070c000000| Complete 
| 111|0x000000070c100000, 0x000000070c200000, 0x000000070c200000|100%| S|CS|TAMS 0x000000070c100000, 0x000000070c100000| Complete 
| 112|0x000000070c200000, 0x000000070c300000, 0x000000070c300000|100%| S|CS|TAMS 0x000000070c200000, 0x000000070c200000| Complete 
| 113|0x000000070c300000, 0x000000070c400000, 0x000000070c400000|100%| S|CS|TAMS 0x000000070c300000, 0x000000070c300000| Complete 
| 114|0x000000070c400000, 0x000000070c500000, 0x000000070c500000|100%| S|CS|TAMS 0x000000070c400000, 0x000000070c400000| Complete 
| 115|0x000000070c500000, 0x000000070c600000, 0x000000070c600000|100%| S|CS|TAMS 0x000000070c500000, 0x000000070c500000| Complete 
| 116|0x000000070c600000, 0x000000070c700000, 0x000000070c700000|100%| S|CS|TAMS 0x000000070c600000, 0x000000070c600000| Complete 
| 117|0x000000070c700000, 0x000000070c800000, 0x000000070c800000|100%| S|CS|TAMS 0x000000070c700000, 0x000000070c700000| Complete 
| 118|0x000000070c800000, 0x000000070c900000, 0x000000070c900000|100%| S|CS|TAMS 0x000000070c800000, 0x000000070c800000| Complete 
| 119|0x000000070c900000, 0x000000070ca00000, 0x000000070ca00000|100%| S|CS|TAMS 0x000000070c900000, 0x000000070c900000| Complete 
| 120|0x000000070ca00000, 0x000000070cb00000, 0x000000070cb00000|100%| S|CS|TAMS 0x000000070ca00000, 0x000000070ca00000| Complete 
| 121|0x000000070cb00000, 0x000000070cc00000, 0x000000070cc00000|100%| S|CS|TAMS 0x000000070cb00000, 0x000000070cb00000| Complete 
| 122|0x000000070cc00000, 0x000000070cc00000, 0x000000070cd00000|  0%| F|  |TAMS 0x000000070cc00000, 0x000000070cc00000| Untracked 
| 123|0x000000070cd00000, 0x000000070cd00000, 0x000000070ce00000|  0%| F|  |TAMS 0x000000070cd00000, 0x000000070cd00000| Untracked 
| 124|0x000000070ce00000, 0x000000070ce00000, 0x000000070cf00000|  0%| F|  |TAMS 0x000000070ce00000, 0x000000070ce00000| Untracked 
| 125|0x000000070cf00000, 0x000000070cf00000, 0x000000070d000000|  0%| F|  |TAMS 0x000000070cf00000, 0x000000070cf00000| Untracked 
| 126|0x000000070d000000, 0x000000070d000000, 0x000000070d100000|  0%| F|  |TAMS 0x000000070d000000, 0x000000070d000000| Untracked 
| 127|0x000000070d100000, 0x000000070d100000, 0x000000070d200000|  0%| F|  |TAMS 0x000000070d100000, 0x000000070d100000| Untracked 
| 128|0x000000070d200000, 0x000000070d200000, 0x000000070d300000|  0%| F|  |TAMS 0x000000070d200000, 0x000000070d200000| Untracked 
| 129|0x000000070d300000, 0x000000070d300000, 0x000000070d400000|  0%| F|  |TAMS 0x000000070d300000, 0x000000070d300000| Untracked 
| 130|0x000000070d400000, 0x000000070d400000, 0x000000070d500000|  0%| F|  |TAMS 0x000000070d400000, 0x000000070d400000| Untracked 
| 131|0x000000070d500000, 0x000000070d500000, 0x000000070d600000|  0%| F|  |TAMS 0x000000070d500000, 0x000000070d500000| Untracked 
| 132|0x000000070d600000, 0x000000070d600000, 0x000000070d700000|  0%| F|  |TAMS 0x000000070d600000, 0x000000070d600000| Untracked 
| 133|0x000000070d700000, 0x000000070d700000, 0x000000070d800000|  0%| F|  |TAMS 0x000000070d700000, 0x000000070d700000| Untracked 
| 134|0x000000070d800000, 0x000000070d800000, 0x000000070d900000|  0%| F|  |TAMS 0x000000070d800000, 0x000000070d800000| Untracked 
| 135|0x000000070d900000, 0x000000070d900000, 0x000000070da00000|  0%| F|  |TAMS 0x000000070d900000, 0x000000070d900000| Untracked 
| 136|0x000000070da00000, 0x000000070da00000, 0x000000070db00000|  0%| F|  |TAMS 0x000000070da00000, 0x000000070da00000| Untracked 
| 137|0x000000070db00000, 0x000000070db00000, 0x000000070dc00000|  0%| F|  |TAMS 0x000000070db00000, 0x000000070db00000| Untracked 
| 138|0x000000070dc00000, 0x000000070dc00000, 0x000000070dd00000|  0%| F|  |TAMS 0x000000070dc00000, 0x000000070dc00000| Untracked 
| 139|0x000000070dd00000, 0x000000070dd00000, 0x000000070de00000|  0%| F|  |TAMS 0x000000070dd00000, 0x000000070dd00000| Untracked 
| 140|0x000000070de00000, 0x000000070de00000, 0x000000070df00000|  0%| F|  |TAMS 0x000000070de00000, 0x000000070de00000| Untracked 
| 141|0x000000070df00000, 0x000000070df00000, 0x000000070e000000|  0%| F|  |TAMS 0x000000070df00000, 0x000000070df00000| Untracked 
| 142|0x000000070e000000, 0x000000070e000000, 0x000000070e100000|  0%| F|  |TAMS 0x000000070e000000, 0x000000070e000000| Untracked 
| 143|0x000000070e100000, 0x000000070e100000, 0x000000070e200000|  0%| F|  |TAMS 0x000000070e100000, 0x000000070e100000| Untracked 
| 144|0x000000070e200000, 0x000000070e200000, 0x000000070e300000|  0%| F|  |TAMS 0x000000070e200000, 0x000000070e200000| Untracked 
| 145|0x000000070e300000, 0x000000070e300000, 0x000000070e400000|  0%| F|  |TAMS 0x000000070e300000, 0x000000070e300000| Untracked 
| 146|0x000000070e400000, 0x000000070e400000, 0x000000070e500000|  0%| F|  |TAMS 0x000000070e400000, 0x000000070e400000| Untracked 
| 147|0x000000070e500000, 0x000000070e500000, 0x000000070e600000|  0%| F|  |TAMS 0x000000070e500000, 0x000000070e500000| Untracked 
| 148|0x000000070e600000, 0x000000070e600000, 0x000000070e700000|  0%| F|  |TAMS 0x000000070e600000, 0x000000070e600000| Untracked 
| 149|0x000000070e700000, 0x000000070e700000, 0x000000070e800000|  0%| F|  |TAMS 0x000000070e700000, 0x000000070e700000| Untracked 
| 150|0x000000070e800000, 0x000000070e800000, 0x000000070e900000|  0%| F|  |TAMS 0x000000070e800000, 0x000000070e800000| Untracked 
| 151|0x000000070e900000, 0x000000070e900000, 0x000000070ea00000|  0%| F|  |TAMS 0x000000070e900000, 0x000000070e900000| Untracked 
| 152|0x000000070ea00000, 0x000000070ea00000, 0x000000070eb00000|  0%| F|  |TAMS 0x000000070ea00000, 0x000000070ea00000| Untracked 
| 153|0x000000070eb00000, 0x000000070eb00000, 0x000000070ec00000|  0%| F|  |TAMS 0x000000070eb00000, 0x000000070eb00000| Untracked 
| 154|0x000000070ec00000, 0x000000070ec00000, 0x000000070ed00000|  0%| F|  |TAMS 0x000000070ec00000, 0x000000070ec00000| Untracked 
| 155|0x000000070ed00000, 0x000000070ed00000, 0x000000070ee00000|  0%| F|  |TAMS 0x000000070ed00000, 0x000000070ed00000| Untracked 
| 156|0x000000070ee00000, 0x000000070ee00000, 0x000000070ef00000|  0%| F|  |TAMS 0x000000070ee00000, 0x000000070ee00000| Untracked 
| 157|0x000000070ef00000, 0x000000070ef00000, 0x000000070f000000|  0%| F|  |TAMS 0x000000070ef00000, 0x000000070ef00000| Untracked 
| 158|0x000000070f000000, 0x000000070f000000, 0x000000070f100000|  0%| F|  |TAMS 0x000000070f000000, 0x000000070f000000| Untracked 
| 159|0x000000070f100000, 0x000000070f100000, 0x000000070f200000|  0%| F|  |TAMS 0x000000070f100000, 0x000000070f100000| Untracked 
| 160|0x000000070f200000, 0x000000070f200000, 0x000000070f300000|  0%| F|  |TAMS 0x000000070f200000, 0x000000070f200000| Untracked 
| 161|0x000000070f300000, 0x000000070f300000, 0x000000070f400000|  0%| F|  |TAMS 0x000000070f300000, 0x000000070f300000| Untracked 
| 162|0x000000070f400000, 0x000000070f400000, 0x000000070f500000|  0%| F|  |TAMS 0x000000070f400000, 0x000000070f400000| Untracked 
| 163|0x000000070f500000, 0x000000070f500000, 0x000000070f600000|  0%| F|  |TAMS 0x000000070f500000, 0x000000070f500000| Untracked 
| 164|0x000000070f600000, 0x000000070f600000, 0x000000070f700000|  0%| F|  |TAMS 0x000000070f600000, 0x000000070f600000| Untracked 
| 165|0x000000070f700000, 0x000000070f700000, 0x000000070f800000|  0%| F|  |TAMS 0x000000070f700000, 0x000000070f700000| Untracked 
| 166|0x000000070f800000, 0x000000070f800000, 0x000000070f900000|  0%| F|  |TAMS 0x000000070f800000, 0x000000070f800000| Untracked 
| 167|0x000000070f900000, 0x000000070f900000, 0x000000070fa00000|  0%| F|  |TAMS 0x000000070f900000, 0x000000070f900000| Untracked 
| 168|0x000000070fa00000, 0x000000070fa00000, 0x000000070fb00000|  0%| F|  |TAMS 0x000000070fa00000, 0x000000070fa00000| Untracked 
| 169|0x000000070fb00000, 0x000000070fb00000, 0x000000070fc00000|  0%| F|  |TAMS 0x000000070fb00000, 0x000000070fb00000| Untracked 
| 170|0x000000070fc00000, 0x000000070fc00000, 0x000000070fd00000|  0%| F|  |TAMS 0x000000070fc00000, 0x000000070fc00000| Untracked 
| 171|0x000000070fd00000, 0x000000070fd00000, 0x000000070fe00000|  0%| F|  |TAMS 0x000000070fd00000, 0x000000070fd00000| Untracked 
| 172|0x000000070fe00000, 0x000000070fe00000, 0x000000070ff00000|  0%| F|  |TAMS 0x000000070fe00000, 0x000000070fe00000| Untracked 
| 173|0x000000070ff00000, 0x000000070ff00000, 0x0000000710000000|  0%| F|  |TAMS 0x000000070ff00000, 0x000000070ff00000| Untracked 
| 174|0x0000000710000000, 0x0000000710000000, 0x0000000710100000|  0%| F|  |TAMS 0x0000000710000000, 0x0000000710000000| Untracked 
| 175|0x0000000710100000, 0x0000000710100000, 0x0000000710200000|  0%| F|  |TAMS 0x0000000710100000, 0x0000000710100000| Untracked 
| 176|0x0000000710200000, 0x0000000710200000, 0x0000000710300000|  0%| F|  |TAMS 0x0000000710200000, 0x0000000710200000| Untracked 
| 177|0x0000000710300000, 0x0000000710300000, 0x0000000710400000|  0%| F|  |TAMS 0x0000000710300000, 0x0000000710300000| Untracked 
| 178|0x0000000710400000, 0x0000000710400000, 0x0000000710500000|  0%| F|  |TAMS 0x0000000710400000, 0x0000000710400000| Untracked 
| 179|0x0000000710500000, 0x0000000710500000, 0x0000000710600000|  0%| F|  |TAMS 0x0000000710500000, 0x0000000710500000| Untracked 
| 180|0x0000000710600000, 0x0000000710600000, 0x0000000710700000|  0%| F|  |TAMS 0x0000000710600000, 0x0000000710600000| Untracked 
| 181|0x0000000710700000, 0x0000000710700000, 0x0000000710800000|  0%| F|  |TAMS 0x0000000710700000, 0x0000000710700000| Untracked 
| 182|0x0000000710800000, 0x0000000710800000, 0x0000000710900000|  0%| F|  |TAMS 0x0000000710800000, 0x0000000710800000| Untracked 
| 183|0x0000000710900000, 0x0000000710900000, 0x0000000710a00000|  0%| F|  |TAMS 0x0000000710900000, 0x0000000710900000| Untracked 
| 184|0x0000000710a00000, 0x0000000710a00000, 0x0000000710b00000|  0%| F|  |TAMS 0x0000000710a00000, 0x0000000710a00000| Untracked 
| 185|0x0000000710b00000, 0x0000000710b00000, 0x0000000710c00000|  0%| F|  |TAMS 0x0000000710b00000, 0x0000000710b00000| Untracked 
| 186|0x0000000710c00000, 0x0000000710c00000, 0x0000000710d00000|  0%| F|  |TAMS 0x0000000710c00000, 0x0000000710c00000| Untracked 
| 187|0x0000000710d00000, 0x0000000710d00000, 0x0000000710e00000|  0%| F|  |TAMS 0x0000000710d00000, 0x0000000710d00000| Untracked 
| 188|0x0000000710e00000, 0x0000000710e00000, 0x0000000710f00000|  0%| F|  |TAMS 0x0000000710e00000, 0x0000000710e00000| Untracked 
| 189|0x0000000710f00000, 0x0000000710f00000, 0x0000000711000000|  0%| F|  |TAMS 0x0000000710f00000, 0x0000000710f00000| Untracked 
| 190|0x0000000711000000, 0x0000000711000000, 0x0000000711100000|  0%| F|  |TAMS 0x0000000711000000, 0x0000000711000000| Untracked 
| 191|0x0000000711100000, 0x0000000711100000, 0x0000000711200000|  0%| F|  |TAMS 0x0000000711100000, 0x0000000711100000| Untracked 
| 192|0x0000000711200000, 0x0000000711200000, 0x0000000711300000|  0%| F|  |TAMS 0x0000000711200000, 0x0000000711200000| Untracked 
| 193|0x0000000711300000, 0x0000000711300000, 0x0000000711400000|  0%| F|  |TAMS 0x0000000711300000, 0x0000000711300000| Untracked 
| 194|0x0000000711400000, 0x0000000711400000, 0x0000000711500000|  0%| F|  |TAMS 0x0000000711400000, 0x0000000711400000| Untracked 
| 195|0x0000000711500000, 0x0000000711500000, 0x0000000711600000|  0%| F|  |TAMS 0x0000000711500000, 0x0000000711500000| Untracked 
| 196|0x0000000711600000, 0x0000000711600000, 0x0000000711700000|  0%| F|  |TAMS 0x0000000711600000, 0x0000000711600000| Untracked 
| 197|0x0000000711700000, 0x0000000711700000, 0x0000000711800000|  0%| F|  |TAMS 0x0000000711700000, 0x0000000711700000| Untracked 
| 198|0x0000000711800000, 0x0000000711800000, 0x0000000711900000|  0%| F|  |TAMS 0x0000000711800000, 0x0000000711800000| Untracked 
| 199|0x0000000711900000, 0x0000000711900000, 0x0000000711a00000|  0%| F|  |TAMS 0x0000000711900000, 0x0000000711900000| Untracked 
| 200|0x0000000711a00000, 0x0000000711a00000, 0x0000000711b00000|  0%| F|  |TAMS 0x0000000711a00000, 0x0000000711a00000| Untracked 
| 201|0x0000000711b00000, 0x0000000711b00000, 0x0000000711c00000|  0%| F|  |TAMS 0x0000000711b00000, 0x0000000711b00000| Untracked 
| 202|0x0000000711c00000, 0x0000000711c00000, 0x0000000711d00000|  0%| F|  |TAMS 0x0000000711c00000, 0x0000000711c00000| Untracked 
| 203|0x0000000711d00000, 0x0000000711d00000, 0x0000000711e00000|  0%| F|  |TAMS 0x0000000711d00000, 0x0000000711d00000| Untracked 
| 204|0x0000000711e00000, 0x0000000711e00000, 0x0000000711f00000|  0%| F|  |TAMS 0x0000000711e00000, 0x0000000711e00000| Untracked 
| 205|0x0000000711f00000, 0x0000000711f00000, 0x0000000712000000|  0%| F|  |TAMS 0x0000000711f00000, 0x0000000711f00000| Untracked 
| 206|0x0000000712000000, 0x0000000712000000, 0x0000000712100000|  0%| F|  |TAMS 0x0000000712000000, 0x0000000712000000| Untracked 
| 207|0x0000000712100000, 0x0000000712100000, 0x0000000712200000|  0%| F|  |TAMS 0x0000000712100000, 0x0000000712100000| Untracked 
| 208|0x0000000712200000, 0x0000000712200000, 0x0000000712300000|  0%| F|  |TAMS 0x0000000712200000, 0x0000000712200000| Untracked 
| 209|0x0000000712300000, 0x0000000712300000, 0x0000000712400000|  0%| F|  |TAMS 0x0000000712300000, 0x0000000712300000| Untracked 
| 210|0x0000000712400000, 0x0000000712400000, 0x0000000712500000|  0%| F|  |TAMS 0x0000000712400000, 0x0000000712400000| Untracked 
| 211|0x0000000712500000, 0x0000000712500000, 0x0000000712600000|  0%| F|  |TAMS 0x0000000712500000, 0x0000000712500000| Untracked 
| 212|0x0000000712600000, 0x0000000712600000, 0x0000000712700000|  0%| F|  |TAMS 0x0000000712600000, 0x0000000712600000| Untracked 
| 213|0x0000000712700000, 0x0000000712700000, 0x0000000712800000|  0%| F|  |TAMS 0x0000000712700000, 0x0000000712700000| Untracked 
| 214|0x0000000712800000, 0x0000000712800000, 0x0000000712900000|  0%| F|  |TAMS 0x0000000712800000, 0x0000000712800000| Untracked 
| 215|0x0000000712900000, 0x0000000712900000, 0x0000000712a00000|  0%| F|  |TAMS 0x0000000712900000, 0x0000000712900000| Untracked 
| 216|0x0000000712a00000, 0x0000000712a00000, 0x0000000712b00000|  0%| F|  |TAMS 0x0000000712a00000, 0x0000000712a00000| Untracked 
| 217|0x0000000712b00000, 0x0000000712b00000, 0x0000000712c00000|  0%| F|  |TAMS 0x0000000712b00000, 0x0000000712b00000| Untracked 
| 218|0x0000000712c00000, 0x0000000712c00000, 0x0000000712d00000|  0%| F|  |TAMS 0x0000000712c00000, 0x0000000712c00000| Untracked 
| 219|0x0000000712d00000, 0x0000000712d00000, 0x0000000712e00000|  0%| F|  |TAMS 0x0000000712d00000, 0x0000000712d00000| Untracked 
| 220|0x0000000712e00000, 0x0000000712e00000, 0x0000000712f00000|  0%| F|  |TAMS 0x0000000712e00000, 0x0000000712e00000| Untracked 
| 221|0x0000000712f00000, 0x0000000712f00000, 0x0000000713000000|  0%| F|  |TAMS 0x0000000712f00000, 0x0000000712f00000| Untracked 
| 222|0x0000000713000000, 0x0000000713000000, 0x0000000713100000|  0%| F|  |TAMS 0x0000000713000000, 0x0000000713000000| Untracked 
| 223|0x0000000713100000, 0x0000000713100000, 0x0000000713200000|  0%| F|  |TAMS 0x0000000713100000, 0x0000000713100000| Untracked 
| 224|0x0000000713200000, 0x0000000713200000, 0x0000000713300000|  0%| F|  |TAMS 0x0000000713200000, 0x0000000713200000| Untracked 
| 225|0x0000000713300000, 0x0000000713300000, 0x0000000713400000|  0%| F|  |TAMS 0x0000000713300000, 0x0000000713300000| Untracked 
| 226|0x0000000713400000, 0x0000000713400000, 0x0000000713500000|  0%| F|  |TAMS 0x0000000713400000, 0x0000000713400000| Untracked 
| 227|0x0000000713500000, 0x0000000713500000, 0x0000000713600000|  0%| F|  |TAMS 0x0000000713500000, 0x0000000713500000| Untracked 
| 228|0x0000000713600000, 0x0000000713600000, 0x0000000713700000|  0%| F|  |TAMS 0x0000000713600000, 0x0000000713600000| Untracked 
| 229|0x0000000713700000, 0x0000000713700000, 0x0000000713800000|  0%| F|  |TAMS 0x0000000713700000, 0x0000000713700000| Untracked 
| 230|0x0000000713800000, 0x0000000713800000, 0x0000000713900000|  0%| F|  |TAMS 0x0000000713800000, 0x0000000713800000| Untracked 
| 231|0x0000000713900000, 0x0000000713900000, 0x0000000713a00000|  0%| F|  |TAMS 0x0000000713900000, 0x0000000713900000| Untracked 
| 232|0x0000000713a00000, 0x0000000713a00000, 0x0000000713b00000|  0%| F|  |TAMS 0x0000000713a00000, 0x0000000713a00000| Untracked 
| 233|0x0000000713b00000, 0x0000000713b00000, 0x0000000713c00000|  0%| F|  |TAMS 0x0000000713b00000, 0x0000000713b00000| Untracked 
| 234|0x0000000713c00000, 0x0000000713c00000, 0x0000000713d00000|  0%| F|  |TAMS 0x0000000713c00000, 0x0000000713c00000| Untracked 
| 235|0x0000000713d00000, 0x0000000713d00000, 0x0000000713e00000|  0%| F|  |TAMS 0x0000000713d00000, 0x0000000713d00000| Untracked 
| 236|0x0000000713e00000, 0x0000000713e00000, 0x0000000713f00000|  0%| F|  |TAMS 0x0000000713e00000, 0x0000000713e00000| Untracked 
| 237|0x0000000713f00000, 0x0000000713f00000, 0x0000000714000000|  0%| F|  |TAMS 0x0000000713f00000, 0x0000000713f00000| Untracked 
| 238|0x0000000714000000, 0x0000000714000000, 0x0000000714100000|  0%| F|  |TAMS 0x0000000714000000, 0x0000000714000000| Untracked 
| 239|0x0000000714100000, 0x0000000714100000, 0x0000000714200000|  0%| F|  |TAMS 0x0000000714100000, 0x0000000714100000| Untracked 
| 240|0x0000000714200000, 0x0000000714200000, 0x0000000714300000|  0%| F|  |TAMS 0x0000000714200000, 0x0000000714200000| Untracked 
| 241|0x0000000714300000, 0x0000000714300000, 0x0000000714400000|  0%| F|  |TAMS 0x0000000714300000, 0x0000000714300000| Untracked 
| 242|0x0000000714400000, 0x0000000714400000, 0x0000000714500000|  0%| F|  |TAMS 0x0000000714400000, 0x0000000714400000| Untracked 
| 243|0x0000000714500000, 0x0000000714500000, 0x0000000714600000|  0%| F|  |TAMS 0x0000000714500000, 0x0000000714500000| Untracked 
| 244|0x0000000714600000, 0x0000000714600000, 0x0000000714700000|  0%| F|  |TAMS 0x0000000714600000, 0x0000000714600000| Untracked 
| 245|0x0000000714700000, 0x0000000714700000, 0x0000000714800000|  0%| F|  |TAMS 0x0000000714700000, 0x0000000714700000| Untracked 
| 246|0x0000000714800000, 0x0000000714800000, 0x0000000714900000|  0%| F|  |TAMS 0x0000000714800000, 0x0000000714800000| Untracked 
| 247|0x0000000714900000, 0x0000000714900000, 0x0000000714a00000|  0%| F|  |TAMS 0x0000000714900000, 0x0000000714900000| Untracked 
| 248|0x0000000714a00000, 0x0000000714a00000, 0x0000000714b00000|  0%| F|  |TAMS 0x0000000714a00000, 0x0000000714a00000| Untracked 
| 249|0x0000000714b00000, 0x0000000714b00000, 0x0000000714c00000|  0%| F|  |TAMS 0x0000000714b00000, 0x0000000714b00000| Untracked 
| 250|0x0000000714c00000, 0x0000000714c00000, 0x0000000714d00000|  0%| F|  |TAMS 0x0000000714c00000, 0x0000000714c00000| Untracked 
| 251|0x0000000714d00000, 0x0000000714d00000, 0x0000000714e00000|  0%| F|  |TAMS 0x0000000714d00000, 0x0000000714d00000| Untracked 
| 252|0x0000000714e00000, 0x0000000714e00000, 0x0000000714f00000|  0%| F|  |TAMS 0x0000000714e00000, 0x0000000714e00000| Untracked 
| 253|0x0000000714f00000, 0x0000000714f00000, 0x0000000715000000|  0%| F|  |TAMS 0x0000000714f00000, 0x0000000714f00000| Untracked 
| 254|0x0000000715000000, 0x0000000715000000, 0x0000000715100000|  0%| F|  |TAMS 0x0000000715000000, 0x0000000715000000| Untracked 
| 255|0x0000000715100000, 0x0000000715100000, 0x0000000715200000|  0%| F|  |TAMS 0x0000000715100000, 0x0000000715100000| Untracked 
| 256|0x0000000715200000, 0x0000000715200000, 0x0000000715300000|  0%| F|  |TAMS 0x0000000715200000, 0x0000000715200000| Untracked 
| 257|0x0000000715300000, 0x0000000715300000, 0x0000000715400000|  0%| F|  |TAMS 0x0000000715300000, 0x0000000715300000| Untracked 
| 258|0x0000000715400000, 0x0000000715400000, 0x0000000715500000|  0%| F|  |TAMS 0x0000000715400000, 0x0000000715400000| Untracked 
| 259|0x0000000715500000, 0x0000000715500000, 0x0000000715600000|  0%| F|  |TAMS 0x0000000715500000, 0x0000000715500000| Untracked 
| 260|0x0000000715600000, 0x0000000715600000, 0x0000000715700000|  0%| F|  |TAMS 0x0000000715600000, 0x0000000715600000| Untracked 
| 261|0x0000000715700000, 0x0000000715700000, 0x0000000715800000|  0%| F|  |TAMS 0x0000000715700000, 0x0000000715700000| Untracked 
| 262|0x0000000715800000, 0x0000000715800000, 0x0000000715900000|  0%| F|  |TAMS 0x0000000715800000, 0x0000000715800000| Untracked 
| 263|0x0000000715900000, 0x0000000715900000, 0x0000000715a00000|  0%| F|  |TAMS 0x0000000715900000, 0x0000000715900000| Untracked 
| 264|0x0000000715a00000, 0x0000000715a00000, 0x0000000715b00000|  0%| F|  |TAMS 0x0000000715a00000, 0x0000000715a00000| Untracked 
| 265|0x0000000715b00000, 0x0000000715b00000, 0x0000000715c00000|  0%| F|  |TAMS 0x0000000715b00000, 0x0000000715b00000| Untracked 
| 266|0x0000000715c00000, 0x0000000715c00000, 0x0000000715d00000|  0%| F|  |TAMS 0x0000000715c00000, 0x0000000715c00000| Untracked 
| 267|0x0000000715d00000, 0x0000000715d00000, 0x0000000715e00000|  0%| F|  |TAMS 0x0000000715d00000, 0x0000000715d00000| Untracked 
| 268|0x0000000715e00000, 0x0000000715e00000, 0x0000000715f00000|  0%| F|  |TAMS 0x0000000715e00000, 0x0000000715e00000| Untracked 
| 269|0x0000000715f00000, 0x0000000715f00000, 0x0000000716000000|  0%| F|  |TAMS 0x0000000715f00000, 0x0000000715f00000| Untracked 
| 270|0x0000000716000000, 0x0000000716000000, 0x0000000716100000|  0%| F|  |TAMS 0x0000000716000000, 0x0000000716000000| Untracked 
| 271|0x0000000716100000, 0x0000000716100000, 0x0000000716200000|  0%| F|  |TAMS 0x0000000716100000, 0x0000000716100000| Untracked 
| 272|0x0000000716200000, 0x0000000716200000, 0x0000000716300000|  0%| F|  |TAMS 0x0000000716200000, 0x0000000716200000| Untracked 
| 273|0x0000000716300000, 0x0000000716300000, 0x0000000716400000|  0%| F|  |TAMS 0x0000000716300000, 0x0000000716300000| Untracked 
| 274|0x0000000716400000, 0x0000000716400000, 0x0000000716500000|  0%| F|  |TAMS 0x0000000716400000, 0x0000000716400000| Untracked 
| 275|0x0000000716500000, 0x0000000716500000, 0x0000000716600000|  0%| F|  |TAMS 0x0000000716500000, 0x0000000716500000| Untracked 
| 276|0x0000000716600000, 0x0000000716600000, 0x0000000716700000|  0%| F|  |TAMS 0x0000000716600000, 0x0000000716600000| Untracked 
| 277|0x0000000716700000, 0x0000000716700000, 0x0000000716800000|  0%| F|  |TAMS 0x0000000716700000, 0x0000000716700000| Untracked 
| 278|0x0000000716800000, 0x0000000716800000, 0x0000000716900000|  0%| F|  |TAMS 0x0000000716800000, 0x0000000716800000| Untracked 
| 279|0x0000000716900000, 0x0000000716900000, 0x0000000716a00000|  0%| F|  |TAMS 0x0000000716900000, 0x0000000716900000| Untracked 
| 280|0x0000000716a00000, 0x0000000716a00000, 0x0000000716b00000|  0%| F|  |TAMS 0x0000000716a00000, 0x0000000716a00000| Untracked 
| 281|0x0000000716b00000, 0x0000000716b00000, 0x0000000716c00000|  0%| F|  |TAMS 0x0000000716b00000, 0x0000000716b00000| Untracked 
| 282|0x0000000716c00000, 0x0000000716c00000, 0x0000000716d00000|  0%| F|  |TAMS 0x0000000716c00000, 0x0000000716c00000| Untracked 
| 283|0x0000000716d00000, 0x0000000716d00000, 0x0000000716e00000|  0%| F|  |TAMS 0x0000000716d00000, 0x0000000716d00000| Untracked 
| 284|0x0000000716e00000, 0x0000000716e00000, 0x0000000716f00000|  0%| F|  |TAMS 0x0000000716e00000, 0x0000000716e00000| Untracked 
| 285|0x0000000716f00000, 0x0000000716f00000, 0x0000000717000000|  0%| F|  |TAMS 0x0000000716f00000, 0x0000000716f00000| Untracked 
| 286|0x0000000717000000, 0x0000000717000000, 0x0000000717100000|  0%| F|  |TAMS 0x0000000717000000, 0x0000000717000000| Untracked 
| 287|0x0000000717100000, 0x0000000717100000, 0x0000000717200000|  0%| F|  |TAMS 0x0000000717100000, 0x0000000717100000| Untracked 
| 288|0x0000000717200000, 0x0000000717200000, 0x0000000717300000|  0%| F|  |TAMS 0x0000000717200000, 0x0000000717200000| Untracked 
| 289|0x0000000717300000, 0x0000000717300000, 0x0000000717400000|  0%| F|  |TAMS 0x0000000717300000, 0x0000000717300000| Untracked 
| 290|0x0000000717400000, 0x0000000717400000, 0x0000000717500000|  0%| F|  |TAMS 0x0000000717400000, 0x0000000717400000| Untracked 
| 291|0x0000000717500000, 0x0000000717500000, 0x0000000717600000|  0%| F|  |TAMS 0x0000000717500000, 0x0000000717500000| Untracked 
| 292|0x0000000717600000, 0x0000000717600000, 0x0000000717700000|  0%| F|  |TAMS 0x0000000717600000, 0x0000000717600000| Untracked 
| 293|0x0000000717700000, 0x0000000717700000, 0x0000000717800000|  0%| F|  |TAMS 0x0000000717700000, 0x0000000717700000| Untracked 
| 294|0x0000000717800000, 0x0000000717800000, 0x0000000717900000|  0%| F|  |TAMS 0x0000000717800000, 0x0000000717800000| Untracked 
| 295|0x0000000717900000, 0x0000000717900000, 0x0000000717a00000|  0%| F|  |TAMS 0x0000000717900000, 0x0000000717900000| Untracked 
| 296|0x0000000717a00000, 0x0000000717a00000, 0x0000000717b00000|  0%| F|  |TAMS 0x0000000717a00000, 0x0000000717a00000| Untracked 
| 297|0x0000000717b00000, 0x0000000717b00000, 0x0000000717c00000|  0%| F|  |TAMS 0x0000000717b00000, 0x0000000717b00000| Untracked 
| 298|0x0000000717c00000, 0x0000000717c00000, 0x0000000717d00000|  0%| F|  |TAMS 0x0000000717c00000, 0x0000000717c00000| Untracked 
| 299|0x0000000717d00000, 0x0000000717d3cce0, 0x0000000717e00000| 23%| E|  |TAMS 0x0000000717d00000, 0x0000000717d00000| Complete 
| 300|0x0000000717e00000, 0x0000000717f00000, 0x0000000717f00000|100%| E|CS|TAMS 0x0000000717e00000, 0x0000000717e00000| Complete 
| 301|0x0000000717f00000, 0x0000000718000000, 0x0000000718000000|100%| E|CS|TAMS 0x0000000717f00000, 0x0000000717f00000| Complete 
| 302|0x0000000718000000, 0x0000000718100000, 0x0000000718100000|100%| E|CS|TAMS 0x0000000718000000, 0x0000000718000000| Complete 

Card table byte_map: [0x00000112fe3a0000,0x00000112feb80000] _byte_map_base: 0x00000112fab77000

Marking Bits (Prev, Next): (CMBitMap*) 0x00000112eab51158, (CMBitMap*) 0x00000112eab51190
 Prev Bits: [0x0000011280000000, 0x0000011283eb8000)
 Next Bits: [0x0000011283ec0000, 0x0000011287d78000)

Polling page: 0x00000112e8860000

Metaspace:

Usage:
  Non-class:     44.87 MB capacity,    44.08 MB ( 98%) used,   660.24 KB (  1%) free+waste,   147.81 KB ( <1%) overhead. 
      Class:      6.76 MB capacity,     6.28 MB ( 93%) used,   415.05 KB (  6%) free+waste,    70.63 KB (  1%) overhead. 
       Both:     51.63 MB capacity,    50.37 MB ( 98%) used,     1.05 MB (  2%) free+waste,   218.44 KB ( <1%) overhead. 

Virtual space:
  Non-class space:       46.00 MB reserved,      44.88 MB ( 98%) committed 
      Class space:        1.00 GB reserved,       6.82 MB ( <1%) committed 
             Both:        1.04 GB reserved,      51.70 MB (  5%) committed 

Chunk freelists:
   Non-Class:  7.00 KB
       Class:  23.00 KB
        Both:  30.00 KB

MaxMetaspaceSize: 17179869184.00 GB
CompressedClassSpaceSize: 1.00 GB

CodeHeap 'non-profiled nmethods': size=238912Kb used=9221Kb max_used=9491Kb free=229690Kb
 bounds [0x00000112ef270000, 0x00000112efbc0000, 0x00000112fdbc0000]
CodeHeap 'non-nmethods': size=6848Kb used=1227Kb max_used=1227Kb free=5620Kb
 bounds [0x00000112eebc0000, 0x00000112eee30000, 0x00000112ef270000]
 total_blobs=6182 nmethods=5205 adapters=507
 compilation: enabled
              stopped_count=0, restarted_count=0
 full_count=0

Compilation events (20 events):
Event: 85.861 Thread 0x00000112ff99d800 5315       1       sun.nio.ch.WindowsSelectorImpl::updateSelectedKeys (78 bytes)
Event: 85.861 Thread 0x00000112ff99d800 nmethod 5315 0x00000112ef569790 code [0x00000112ef5699a0, 0x00000112ef569cd0]
Event: 86.031 Thread 0x00000112ff99d800 5316   !   1       sun.nio.ch.WindowsSelectorImpl::resetWakeupSocket (41 bytes)
Event: 86.032 Thread 0x00000112ff99d800 nmethod 5316 0x00000112ef5be690 code [0x00000112ef5be860, 0x00000112ef5bebd0]
Event: 86.861 Thread 0x00000112ff99d800 5317       1       sun.nio.ch.WindowsSelectorImpl$SubSelector::processSelectedKeys (75 bytes)
Event: 86.861 Thread 0x00000112ff99d800 nmethod 5317 0x00000112ef4ffe10 code [0x00000112ef4fffe0, 0x00000112ef5001d0]
Event: 96.865 Thread 0x00000112ff99d800 5318       1       org.apache.juli.logging.DirectJDKLog::isTraceEnabled (11 bytes)
Event: 96.865 Thread 0x00000112ff99d800 nmethod 5318 0x00000112ef527c90 code [0x00000112ef527e40, 0x00000112ef527fb8]
Event: 102.641 Thread 0x00000112ff99d800 5319       1       org.apache.catalina.valves.ValveBase::getNext (5 bytes)
Event: 102.641 Thread 0x00000112ff99d800 nmethod 5319 0x00000112ef47fc10 code [0x00000112ef47fdc0, 0x00000112ef47fed8]
Event: 110.752 Thread 0x00000112ff99d800 5320       1       org.apache.tomcat.util.net.AbstractEndpoint::isPaused (5 bytes)
Event: 110.752 Thread 0x00000112ff99d800 nmethod 5320 0x00000112efbb5b10 code [0x00000112efbb5cc0, 0x00000112efbb5dd8]
Event: 111.388 Thread 0x00000112ff99d800 5321       1       org.apache.tomcat.util.buf.AbstractChunk::getEnd (5 bytes)
Event: 111.388 Thread 0x00000112ff99d800 nmethod 5321 0x00000112efbb5e90 code [0x00000112efbb6040, 0x00000112efbb6158]
Event: 111.389 Thread 0x00000112ff99d800 5322       1       java.nio.CharBuffer::position (6 bytes)
Event: 111.389 Thread 0x00000112ff99d800 nmethod 5322 0x00000112efbb6210 code [0x00000112efbb63c0, 0x00000112efbb6510]
Event: 111.423 Thread 0x00000112ff99d800 5327       1       java.io.BufferedOutputStream::flushBuffer (29 bytes)
Event: 111.423 Thread 0x00000112ff99d800 nmethod 5327 0x00000112ef283110 code [0x00000112ef2832c0, 0x00000112ef283430]
Event: 111.480 Thread 0x00000112ff99d800 5328  s    1       java.io.BufferedOutputStream::flush (12 bytes)
Event: 111.480 Thread 0x00000112ff99d800 nmethod 5328 0x00000112ef282b10 code [0x00000112ef282ce0, 0x00000112ef283000]

GC Heap History (14 events):
Event: 0.746 GC heap before
{Heap before GC invocations=0 (full 0):
 garbage-first heap   total 258048K, used 14336K [0x0000000705200000, 0x0000000800000000)
  region size 1024K, 14 young (14336K), 0 survivors (0K)
 Metaspace       used 12302K, capacity 12604K, committed 12800K, reserved 1060864K
  class space    used 1311K, capacity 1436K, committed 1536K, reserved 1048576K
}
Event: 0.750 GC heap after
{Heap after GC invocations=1 (full 0):
 garbage-first heap   total 258048K, used 5368K [0x0000000705200000, 0x0000000800000000)
  region size 1024K, 2 young (2048K), 2 survivors (2048K)
 Metaspace       used 12302K, capacity 12604K, committed 12800K, reserved 1060864K
  class space    used 1311K, capacity 1436K, committed 1536K, reserved 1048576K
}
Event: 0.955 GC heap before
{Heap before GC invocations=1 (full 0):
 garbage-first heap   total 258048K, used 19704K [0x0000000705200000, 0x0000000800000000)
  region size 1024K, 16 young (16384K), 2 survivors (2048K)
 Metaspace       used 16723K, capacity 17141K, committed 17408K, reserved 1064960K
  class space    used 1819K, capacity 1974K, committed 2048K, reserved 1048576K
}
Event: 0.958 GC heap after
{Heap after GC invocations=2 (full 0):
 garbage-first heap   total 258048K, used 7088K [0x0000000705200000, 0x0000000800000000)
  region size 1024K, 2 young (2048K), 2 survivors (2048K)
 Metaspace       used 16723K, capacity 17141K, committed 17408K, reserved 1064960K
  class space    used 1819K, capacity 1974K, committed 2048K, reserved 1048576K
}
Event: 1.086 GC heap before
{Heap before GC invocations=2 (full 0):
 garbage-first heap   total 258048K, used 25520K [0x0000000705200000, 0x0000000800000000)
  region size 1024K, 21 young (21504K), 2 survivors (2048K)
 Metaspace       used 20625K, capacity 21186K, committed 21296K, reserved 1069056K
  class space    used 2435K, capacity 2671K, committed 2688K, reserved 1048576K
}
Event: 1.089 GC heap after
{Heap after GC invocations=3 (full 0):
 garbage-first heap   total 258048K, used 8410K [0x0000000705200000, 0x0000000800000000)
  region size 1024K, 3 young (3072K), 3 survivors (3072K)
 Metaspace       used 20625K, capacity 21186K, committed 21296K, reserved 1069056K
  class space    used 2435K, capacity 2671K, committed 2688K, reserved 1048576K
}
Event: 1.331 GC heap before
{Heap before GC invocations=4 (full 0):
 garbage-first heap   total 258048K, used 38106K [0x0000000705200000, 0x0000000800000000)
  region size 1024K, 32 young (32768K), 3 survivors (3072K)
 Metaspace       used 26297K, capacity 26979K, committed 27260K, reserved 1073152K
  class space    used 3187K, capacity 3460K, committed 3532K, reserved 1048576K
}
Event: 1.334 GC heap after
{Heap after GC invocations=5 (full 0):
 garbage-first heap   total 258048K, used 9932K [0x0000000705200000, 0x0000000800000000)
  region size 1024K, 3 young (3072K), 3 survivors (3072K)
 Metaspace       used 26297K, capacity 26979K, committed 27260K, reserved 1073152K
  class space    used 3187K, capacity 3460K, committed 3532K, reserved 1048576K
}
Event: 1.771 GC heap before
{Heap before GC invocations=5 (full 0):
 garbage-first heap   total 258048K, used 59084K [0x0000000705200000, 0x0000000800000000)
  region size 1024K, 51 young (52224K), 3 survivors (3072K)
 Metaspace       used 28344K, capacity 29149K, committed 29436K, reserved 1075200K
  class space    used 3506K, capacity 3808K, committed 3916K, reserved 1048576K
}
Event: 1.775 GC heap after
{Heap after GC invocations=6 (full 0):
 garbage-first heap   total 258048K, used 12842K [0x0000000705200000, 0x0000000800000000)
  region size 1024K, 6 young (6144K), 6 survivors (6144K)
 Metaspace       used 28344K, capacity 29149K, committed 29436K, reserved 1075200K
  class space    used 3506K, capacity 3808K, committed 3916K, reserved 1048576K
}
Event: 2.366 GC heap before
{Heap before GC invocations=6 (full 0):
 garbage-first heap   total 258048K, used 85546K [0x0000000705200000, 0x0000000800000000)
  region size 1024K, 78 young (79872K), 6 survivors (6144K)
 Metaspace       used 34841K, capacity 35868K, committed 36048K, reserved 1081344K
  class space    used 4430K, capacity 4843K, committed 4940K, reserved 1048576K
}
Event: 2.375 GC heap after
{Heap after GC invocations=7 (full 0):
 garbage-first heap   total 310272K, used 16849K [0x0000000705200000, 0x0000000800000000)
  region size 1024K, 9 young (9216K), 9 survivors (9216K)
 Metaspace       used 34841K, capacity 35868K, committed 36048K, reserved 1081344K
  class space    used 4430K, capacity 4843K, committed 4940K, reserved 1048576K
}
Event: 79.889 GC heap before
{Heap before GC invocations=8 (full 0):
 garbage-first heap   total 310272K, used 192977K [0x0000000705200000, 0x0000000800000000)
  region size 1024K, 181 young (185344K), 9 survivors (9216K)
 Metaspace       used 51349K, capacity 52553K, committed 52688K, reserved 1095680K
  class space    used 6411K, capacity 6881K, committed 6988K, reserved 1048576K
}
Event: 79.903 GC heap after
{Heap after GC invocations=9 (full 0):
 garbage-first heap   total 310272K, used 27629K [0x0000000705200000, 0x0000000800000000)
  region size 1024K, 19 young (19456K), 19 survivors (19456K)
 Metaspace       used 51349K, capacity 52553K, committed 52688K, reserved 1095680K
  class space    used 6411K, capacity 6881K, committed 6988K, reserved 1048576K
}

Deoptimization events (4 events):
Event: 2.760 Thread 0x00000112eaaec800 DEOPT PACKING pc=0x00000112ef4fc073 sp=0x0000000c9aefaaa0
Event: 2.760 Thread 0x00000112eaaec800 DEOPT UNPACKING pc=0x00000112eebe8fce sp=0x0000000c9aef9fa8 mode 3
Event: 3.576 Thread 0x00000112eaaec800 DEOPT PACKING pc=0x00000112ef3df8ac sp=0x0000000c9aefcef0
Event: 3.576 Thread 0x00000112eaaec800 DEOPT UNPACKING pc=0x00000112eebe8fce sp=0x0000000c9aefc408 mode 0

Classes redefined (0 events):
No events

Internal exceptions (20 events):
Event: 3.133 Thread 0x00000112eaaec800 Exception <a 'java/lang/ClassNotFoundException'{0x00000007120e20b8}: org/springframework/beans/factory/AwareCustomizer> (0x00000007120e20b8) thrown at [./src/hotspot/share/classfile/systemDictionary.cpp, line 231]
Event: 3.239 Thread 0x00000112eaaec800 Exception <a 'java/lang/NoSuchMethodError'{0x000000071133b188}: 'java.lang.Object java.lang.invoke.DirectMethodHandle$Holder.invokeInterface(java.lang.Object, java.lang.Object, java.lang.Object, java.lang.Object)'> (0x000000071133b188) thrown at [./src/hotspot/share/interpreter/linkResolver.cpp, line 773]
Event: 3.249 Thread 0x00000112eaaec800 Exception <a 'java/lang/NoSuchMethodError'{0x00000007112b18d8}: 'java.lang.Object java.lang.invoke.DirectMethodHandle$Holder.invokeInterface(java.lang.Object, java.lang.Object, java.lang.Object)'> (0x00000007112b18d8) thrown at [./src/hotspot/share/interpreter/linkResolver.cpp, line 773]
Event: 3.340 Thread 0x00000112eaaec800 Exception <a 'java/lang/NoSuchMethodError'{0x00000007105835e8}: 'void java.lang.invoke.DirectMethodHandle$Holder.invokeVirtual(java.lang.Object, java.lang.Object, int)'> (0x00000007105835e8) thrown at [./src/hotspot/share/interpreter/linkResolver.cpp, line 773]
Event: 3.624 Thread 0x00000112eaaec800 Exception <a 'java/lang/ClassNotFoundException'{0x000000070e093bd8}: > (0x000000070e093bd8) thrown at [./src/hotspot/share/prims/jni.cpp, line 636]
Event: 3.624 Thread 0x00000112eaaec800 Exception <a 'java/lang/ClassNotFoundException'{0x000000070e0a42f8}: > (0x000000070e0a42f8) thrown at [./src/hotspot/share/prims/jni.cpp, line 636]
Event: 3.624 Thread 0x00000112eaaec800 Exception <a 'java/lang/ClassNotFoundException'{0x000000070e0a7910}: > (0x000000070e0a7910) thrown at [./src/hotspot/share/prims/jni.cpp, line 636]
Event: 3.625 Thread 0x00000112eaaec800 Exception <a 'java/lang/ClassNotFoundException'{0x000000070e0aaf88}: > (0x000000070e0aaf88) thrown at [./src/hotspot/share/prims/jni.cpp, line 636]
Event: 3.625 Thread 0x00000112eaaec800 Exception <a 'java/lang/ClassNotFoundException'{0x000000070e0ae5d0}: > (0x000000070e0ae5d0) thrown at [./src/hotspot/share/prims/jni.cpp, line 636]
Event: 3.625 Thread 0x00000112eaaec800 Exception <a 'java/lang/ClassNotFoundException'{0x000000070e0b1d60}: > (0x000000070e0b1d60) thrown at [./src/hotspot/share/prims/jni.cpp, line 636]
Event: 3.636 Thread 0x00000112eaaec800 Exception <a 'java/lang/ClassNotFoundException'{0x000000070df687c8}: > (0x000000070df687c8) thrown at [./src/hotspot/share/prims/jni.cpp, line 636]
Event: 3.636 Thread 0x00000112eaaec800 Exception <a 'java/lang/ClassNotFoundException'{0x000000070df6c080}: > (0x000000070df6c080) thrown at [./src/hotspot/share/prims/jni.cpp, line 636]
Event: 3.636 Thread 0x00000112eaaec800 Exception <a 'java/lang/ClassNotFoundException'{0x000000070df6f8d0}: > (0x000000070df6f8d0) thrown at [./src/hotspot/share/prims/jni.cpp, line 636]
Event: 3.636 Thread 0x00000112eaaec800 Exception <a 'java/lang/ClassNotFoundException'{0x000000070df731b0}: > (0x000000070df731b0) thrown at [./src/hotspot/share/prims/jni.cpp, line 636]
Event: 3.636 Thread 0x00000112eaaec800 Exception <a 'java/lang/ClassNotFoundException'{0x000000070df76a40}: > (0x000000070df76a40) thrown at [./src/hotspot/share/prims/jni.cpp, line 636]
Event: 3.637 Thread 0x00000112eaaec800 Exception <a 'java/lang/ClassNotFoundException'{0x000000070df7a308}: > (0x000000070df7a308) thrown at [./src/hotspot/share/prims/jni.cpp, line 636]
Event: 3.676 Thread 0x00000112eaaec800 Exception <a 'java/lang/NoSuchMethodError'{0x000000070dc4d810}: 'void java.lang.invoke.DirectMethodHandle$Holder.invokeSpecial(java.lang.Object, java.lang.Object)'> (0x000000070dc4d810) thrown at [./src/hotspot/share/interpreter/linkResolver.cpp, line 773]
Event: 3.677 Thread 0x00000112eaaec800 Exception <a 'java/lang/NoSuchMethodError'{0x000000070dc530a8}: 'java.lang.Object java.lang.invoke.DirectMethodHandle$Holder.newInvokeSpecial(java.lang.Object, int)'> (0x000000070dc530a8) thrown at [./src/hotspot/share/interpreter/linkResolver.cpp, line 773]
Event: 111.396 Thread 0x000001128d10a800 Exception <a 'java/lang/NoSuchMethodError'{0x0000000717efa7a8}: 'int java.lang.invoke.DirectMethodHandle$Holder.invokeStatic(java.lang.Object, int, int, int, java.lang.Object)'> (0x0000000717efa7a8) thrown at [./src/hotspot/share/interpreter/linkResolver.cpp, line 773]
Event: 111.396 Thread 0x000001128d10a800 Exception <a 'java/lang/NoSuchMethodError'{0x0000000717d00f70}: 'java.lang.Object java.lang.invoke.DirectMethodHandle$Holder.invokeStatic(java.lang.Object, int, int, int)'> (0x0000000717d00f70) thrown at [./src/hotspot/share/interpreter/linkResolver.cpp, line 773]

Events (20 events):
Event: 111.396 Thread 0x00000112ff9a0800 flushing nmethod 0x00000112ef8fd110
Event: 111.396 Thread 0x00000112ff9a0800 flushing nmethod 0x00000112ef927610
Event: 111.396 Thread 0x00000112ff9a0800 flushing nmethod 0x00000112ef944e10
Event: 111.396 Thread 0x00000112ff9a0800 flushing nmethod 0x00000112ef94a190
Event: 111.396 Thread 0x00000112ff9a0800 flushing nmethod 0x00000112ef959310
Event: 111.396 Thread 0x00000112ff9a0800 flushing nmethod 0x00000112ef95f110
Event: 111.396 Thread 0x00000112ff9a0800 flushing nmethod 0x00000112ef99d410
Event: 111.396 Thread 0x00000112ff9a0800 flushing nmethod 0x00000112ef9cf290
Event: 111.396 Thread 0x00000112ff9a0800 flushing nmethod 0x00000112efa07b10
Event: 111.396 Thread 0x00000112ff9a0800 flushing nmethod 0x00000112efa0fd10
Event: 111.397 Thread 0x00000112ff9a0800 flushing nmethod 0x00000112efa1f210
Event: 111.397 Thread 0x00000112ff9a0800 flushing nmethod 0x00000112efa21190
Event: 111.397 Thread 0x00000112ff9a0800 flushing nmethod 0x00000112efa3c010
Event: 111.423 Loaded shared library C:\Windows\System32\glog.dll
Event: 111.442 Loaded shared library C:\Windows\System32\xtpquoteapi.dll
Event: 111.462 Loaded shared library C:\Windows\System32\xtptraderapi.dll
Event: 111.480 Loaded shared library C:\Windows\System32\tradeplugin.dll
Event: 111.494 Loaded shared library C:\Windows\System32\quoteplugin.dll
Event: 111.495 loading class com/zts/xtp/quote/api/QuoteApi
Event: 111.495 loading class com/zts/xtp/quote/api/QuoteApi done


Dynamic libraries:
0x00007ff7a1940000 - 0x00007ff7a194a000 	C:\Program Files\JetBrains\IntelliJ IDEA 2019.3.4\jbr\bin\java.exe
0x00007ffb84860000 - 0x00007ffb84a50000 	C:\Windows\SYSTEM32\ntdll.dll
0x00007ffb83770000 - 0x00007ffb83822000 	C:\Windows\System32\KERNEL32.DLL
0x00007ffb81d10000 - 0x00007ffb81fb4000 	C:\Windows\System32\KERNELBASE.dll
0x00007ffb82040000 - 0x00007ffb8213a000 	C:\Windows\System32\ucrtbase.dll
0x00007ffb75510000 - 0x00007ffb75529000 	C:\Program Files\JetBrains\IntelliJ IDEA 2019.3.4\jbr\bin\jli.dll
0x00007ffb83b90000 - 0x00007ffb83d24000 	C:\Windows\System32\USER32.dll
0x00007ffb81a10000 - 0x00007ffb81a31000 	C:\Windows\System32\win32u.dll
0x00007ffb82d00000 - 0x00007ffb82d26000 	C:\Windows\System32\GDI32.dll
0x00007ffb72e60000 - 0x00007ffb72e77000 	C:\Program Files\JetBrains\IntelliJ IDEA 2019.3.4\jbr\bin\VCRUNTIME140.dll
0x00007ffb643b0000 - 0x00007ffb64634000 	C:\Windows\WinSxS\amd64_microsoft.windows.common-controls_6595b64144ccf1df_6.0.18362.900_none_e6beb9d913147d17\COMCTL32.dll
0x00007ffb83e70000 - 0x00007ffb83f0e000 	C:\Windows\System32\msvcrt.dll
0x00007ffb82910000 - 0x00007ffb82c45000 	C:\Windows\System32\combase.dll
0x00007ffb83890000 - 0x00007ffb839b0000 	C:\Windows\System32\RPCRT4.dll
0x00007ffb81fc0000 - 0x00007ffb82040000 	C:\Windows\System32\bcryptPrimitives.dll
0x00007ffb81850000 - 0x00007ffb819e5000 	C:\Windows\System32\gdi32full.dll
0x00007ffb81af0000 - 0x00007ffb81b8e000 	C:\Windows\System32\msvcp_win.dll
0x00007ffb82ea0000 - 0x00007ffb82ece000 	C:\Windows\System32\IMM32.DLL
0x00007ffb67530000 - 0x00007ffb675cd000 	C:\Program Files\JetBrains\IntelliJ IDEA 2019.3.4\jbr\bin\msvcp140.dll
0x00007ffb3f080000 - 0x00007ffb3fb3b000 	C:\Program Files\JetBrains\IntelliJ IDEA 2019.3.4\jbr\bin\server\jvm.dll
0x00007ffb82c50000 - 0x00007ffb82cf3000 	C:\Windows\System32\ADVAPI32.dll
0x00007ffb83fc0000 - 0x00007ffb84057000 	C:\Windows\System32\sechost.dll
0x00007ffb82db0000 - 0x00007ffb82db8000 	C:\Windows\System32\PSAPI.DLL
0x00007ffb7c0a0000 - 0x00007ffb7c0a9000 	C:\Windows\SYSTEM32\WSOCK32.dll
0x00007ffb830b0000 - 0x00007ffb8311f000 	C:\Windows\System32\WS2_32.dll
0x00007ffb75b80000 - 0x00007ffb75ba4000 	C:\Windows\SYSTEM32\WINMM.dll
0x00007ffb7c3a0000 - 0x00007ffb7c3aa000 	C:\Windows\SYSTEM32\VERSION.dll
0x00007ffb75aa0000 - 0x00007ffb75acd000 	C:\Windows\SYSTEM32\WINMMBASE.dll
0x00007ffb82140000 - 0x00007ffb8218a000 	C:\Windows\System32\cfgmgr32.dll
0x00007ffb81750000 - 0x00007ffb81761000 	C:\Windows\System32\kernel.appcore.dll
0x00007ffb76040000 - 0x00007ffb76051000 	C:\Program Files\JetBrains\IntelliJ IDEA 2019.3.4\jbr\bin\verify.dll
0x00007ffb7cdd0000 - 0x00007ffb7cfc4000 	C:\Windows\SYSTEM32\DBGHELP.DLL
0x00007ffb7cb20000 - 0x00007ffb7cb4a000 	C:\Windows\SYSTEM32\dbgcore.DLL
0x00007ffb75cc0000 - 0x00007ffb75ce9000 	C:\Program Files\JetBrains\IntelliJ IDEA 2019.3.4\jbr\bin\java.dll
0x00007ffb75bb0000 - 0x00007ffb75bbf000 	C:\Program Files\JetBrains\IntelliJ IDEA 2019.3.4\jbr\bin\instrument.dll
0x00007ffb75720000 - 0x00007ffb75738000 	C:\Program Files\JetBrains\IntelliJ IDEA 2019.3.4\jbr\bin\zip.dll
0x00007ffb7bd80000 - 0x00007ffb7bd8b000 	C:\Program Files\JetBrains\IntelliJ IDEA 2019.3.4\jbr\bin\jimage.dll
0x00007ffb84130000 - 0x00007ffb84816000 	C:\Windows\System32\SHELL32.dll
0x00007ffb82ed0000 - 0x00007ffb82f79000 	C:\Windows\System32\shcore.dll
0x00007ffb82190000 - 0x00007ffb82910000 	C:\Windows\System32\windows.storage.dll
0x00007ffb81770000 - 0x00007ffb81793000 	C:\Windows\System32\profapi.dll
0x00007ffb817a0000 - 0x00007ffb817ea000 	C:\Windows\System32\powrprof.dll
0x00007ffb81720000 - 0x00007ffb81730000 	C:\Windows\System32\UMPDC.dll
0x00007ffb83830000 - 0x00007ffb83882000 	C:\Windows\System32\shlwapi.dll
0x00007ffb819f0000 - 0x00007ffb81a07000 	C:\Windows\System32\cryptsp.dll
0x00007ffb75700000 - 0x00007ffb7571a000 	C:\Program Files\JetBrains\IntelliJ IDEA 2019.3.4\jbr\bin\net.dll
0x00007ffb7a700000 - 0x00007ffb7a7f0000 	C:\Windows\SYSTEM32\WINHTTP.dll
0x00007ffb80ee0000 - 0x00007ffb80f47000 	C:\Windows\system32\mswsock.dll
0x00007ffb75680000 - 0x00007ffb75694000 	C:\Program Files\JetBrains\IntelliJ IDEA 2019.3.4\jbr\bin\nio.dll
0x00007ffb75760000 - 0x00007ffb7577a000 	C:\Program Files\JetBrains\IntelliJ IDEA 2019.3.4\bin\breakgen64.dll
0x00007ffb80c40000 - 0x00007ffb80d0b000 	C:\Windows\SYSTEM32\DNSAPI.dll
0x00007ffb839b0000 - 0x00007ffb839b8000 	C:\Windows\System32\NSI.dll
0x00007ffb80c00000 - 0x00007ffb80c3a000 	C:\Windows\SYSTEM32\IPHLPAPI.DLL
0x00007ffb79db0000 - 0x00007ffb79dba000 	C:\Windows\System32\rasadhlp.dll
0x00007ffb7b350000 - 0x00007ffb7b3c7000 	C:\Windows\System32\fwpuclnt.dll
0x00007ffb81b90000 - 0x00007ffb81bb6000 	C:\Windows\System32\bcrypt.dll
0x00007ffb7bd60000 - 0x00007ffb7bd6a000 	C:\Program Files\JetBrains\IntelliJ IDEA 2019.3.4\jbr\bin\management.dll
0x00007ffb7b260000 - 0x00007ffb7b26c000 	C:\Program Files\JetBrains\IntelliJ IDEA 2019.3.4\jbr\bin\management_ext.dll
0x00007ffb80a60000 - 0x00007ffb80a93000 	C:\Windows\system32\rsaenh.dll
0x00007ffb81640000 - 0x00007ffb81665000 	C:\Windows\SYSTEM32\USERENV.dll
0x00007ffb81060000 - 0x00007ffb8106c000 	C:\Windows\SYSTEM32\CRYPTBASE.dll
0x00007ffb7c0c0000 - 0x00007ffb7c0d6000 	C:\Windows\SYSTEM32\dhcpcsvc6.DLL
0x00007ffb7c080000 - 0x00007ffb7c09c000 	C:\Windows\SYSTEM32\dhcpcsvc.DLL
0x00007ffb6a9c0000 - 0x00007ffb6a9d6000 	C:\Windows\system32\napinsp.dll
0x00007ffb6ad20000 - 0x00007ffb6ad3a000 	C:\Windows\system32\pnrpnsp.dll
0x00007ffb6b0c0000 - 0x00007ffb6b0ce000 	C:\Windows\System32\winrnr.dll
0x00007ffb7d2f0000 - 0x00007ffb7d30c000 	C:\Windows\system32\NLAapi.dll
0x00007ffb6ad40000 - 0x00007ffb6ad55000 	C:\Windows\system32\wshbth.dll
0x00007ffb6aaa0000 - 0x00007ffb6aade000 	C:\Windows\System32\glog.dll
0x00007ffb6aa30000 - 0x00007ffb6aa86000 	C:\Windows\System32\xtpquoteapi.dll
0x00007ffb6a270000 - 0x00007ffb6a2d1000 	C:\Windows\System32\xtptraderapi.dll
0x00007ffb6b080000 - 0x00007ffb6b097000 	C:\Windows\SYSTEM32\NETAPI32.dll
0x00007ffb75640000 - 0x00007ffb7565d000 	C:\Windows\System32\tradeplugin.dll
0x00007ffb6c610000 - 0x00007ffb6c625000 	C:\Windows\System32\quoteplugin.dll

dbghelp: loaded successfully - version: 4.0.5 - missing functions: none
symbol engine: initialized successfully - sym options: 0x614 - pdb path: .;C:\Program Files\JetBrains\IntelliJ IDEA 2019.3.4\jbr\bin;C:\Windows\SYSTEM32;C:\Windows\WinSxS\amd64_microsoft.windows.common-controls_6595b64144ccf1df_6.0.18362.900_none_e6beb9d913147d17;C:\Program Files\JetBrains\IntelliJ IDEA 2019.3.4\jbr\bin\server;C:\Program Files\JetBrains\IntelliJ IDEA 2019.3.4\bin

VM Arguments:
jvm_args: -XX:TieredStopAtLevel=1 -Xverify:none -Dspring.output.ansi.enabled=always -Dcom.sun.management.jmxremote -Dspring.jmx.enabled=true -Dspring.liveBeansView.mbeanDomain -Dspring.application.admin.enabled=true -javaagent:C:\Program Files\JetBrains\IntelliJ IDEA 2019.3.4\lib\idea_rt.jar=13988:C:\Program Files\JetBrains\IntelliJ IDEA 2019.3.4\bin -Dfile.encoding=UTF-8 
java_command: com.xtp.project.Application
java_class_path (initial): D:\workspace\spring-boot-xtp\target\classes;D:\workspace\xtpapi-1.1.19.2.jar;C:\Users\ZhJia\.m2\repository\org\springframework\boot\spring-boot-starter-web\2.1.0.RELEASE\spring-boot-starter-web-2.1.0.RELEASE.jar;C:\Users\ZhJia\.m2\repository\org\springframework\boot\spring-boot-starter\2.1.0.RELEASE\spring-boot-starter-2.1.0.RELEASE.jar;C:\Users\ZhJia\.m2\repository\org\springframework\boot\spring-boot\2.1.0.RELEASE\spring-boot-2.1.0.RELEASE.jar;C:\Users\ZhJia\.m2\repository\org\springframework\boot\spring-boot-starter-logging\2.1.0.RELEASE\spring-boot-starter-logging-2.1.0.RELEASE.jar;C:\Users\ZhJia\.m2\repository\ch\qos\logback\logback-classic\1.2.3\logback-classic-1.2.3.jar;C:\Users\ZhJia\.m2\repository\ch\qos\logback\logback-core\1.2.3\logback-core-1.2.3.jar;C:\Users\ZhJia\.m2\repository\org\apache\logging\log4j\log4j-to-slf4j\2.11.1\log4j-to-slf4j-2.11.1.jar;C:\Users\ZhJia\.m2\repository\org\apache\logging\log4j\log4j-api\2.11.1\log4j-api-2.11.1.jar;C:\Users\ZhJia\.m2\repository\org\slf4j\jul-to-slf4j\1.7.25\jul-to-slf4j-1.7.25.jar;C:\Users\ZhJia\.m2\repository\javax\annotation\javax.annotation-api\1.3.2\javax.annotation-api-1.3.2.jar;C:\Users\ZhJia\.m2\repository\org\yaml\snakeyaml\1.23\snakeyaml-1.23.jar;C:\Users\ZhJia\.m2\repository\org\springframework\boot\spring-boot-starter-json\2.1.0.RELEASE\spring-boot-starter-json-2.1.0.RELEASE.jar;C:\Users\ZhJia\.m2\repository\com\fasterxml\jackson\core\jackson-databind\2.9.7\jackson-databind-2.9.7.jar;C:\Users\ZhJia\.m2\repository\com\fasterxml\jackson\core\jackson-core\2.9.7\jackson-core-2.9.7.jar;C:\Users\ZhJia\.m2\repository\com\fasterxml\jackson\datatype\jackson-datatype-jdk8\2.9.7\jackson-datatype-jdk8-2.9.7.jar;C:\Users\ZhJia\.m2\repository\com\fasterxml\jackson\datatype\jackson-datatype-jsr310\2.9.7\jackson-datatype-jsr310-2.9.7.jar;C:\Users\ZhJia\.m2\repository\com\fasterxml\jackson\module\jackson-module-parameter-names\2.9.7\jackson-module-parameter-names-2.9.7.jar;C:\Users\ZhJia
Launcher Type: SUN_STANDARD

[Global flags]
     bool BytecodeVerificationLocal                = false                                     {product} {command line}
     bool BytecodeVerificationRemote               = false                                     {product} {command line}
     intx CICompilerCount                          = 3                                         {product} {ergonomic}
     uint ConcGCThreads                            = 1                                         {product} {ergonomic}
     uint G1ConcRefinementThreads                  = 4                                         {product} {ergonomic}
   size_t G1HeapRegionSize                         = 1048576                                   {product} {ergonomic}
    uintx GCDrainStackTargetSize                   = 64                                        {product} {ergonomic}
   size_t InitialHeapSize                          = 264241152                                 {product} {ergonomic}
     bool ManagementServer                         = true                                      {product} {command line}
   size_t MarkStackSize                            = 4194304                                   {product} {ergonomic}
   size_t MaxHeapSize                              = 4208984064                                {product} {ergonomic}
   size_t MaxNewSize                               = 2524971008                                {product} {ergonomic}
   size_t MinHeapDeltaBytes                        = 1048576                                   {product} {ergonomic}
    uintx NonNMethodCodeHeapSize                   = 6973028                                {pd product} {ergonomic}
    uintx NonProfiledCodeHeapSize                  = 244685212                              {pd product} {ergonomic}
    uintx ProfiledCodeHeapSize                     = 0                                      {pd product} {ergonomic}
    uintx ReservedCodeCacheSize                    = 251658240                              {pd product} {ergonomic}
     bool SegmentedCodeCache                       = true                                      {product} {ergonomic}
     intx TieredStopAtLevel                        = 1                                         {product} {command line}
     bool UseCompressedClassPointers               = true                                 {lp64_product} {ergonomic}
     bool UseCompressedOops                        = true                                 {lp64_product} {ergonomic}
     bool UseG1GC                                  = true                                      {product} {ergonomic}
     bool UseLargePagesIndividualAllocation        = false                                  {pd product} {ergonomic}

Logging:
Log output configuration:
 #0: stdout all=warning uptime,level,tags
 #1: stderr all=off uptime,level,tags

Environment Variables:
PATH=C:\Program Files (x86)\NetSarang\Xftp 6\;C:\Program Files (x86)\NetSarang\Xshell 6\;C:\Windows\system32;C:\Windows;C:\Windows\System32\Wbem;C:\Windows\System32\WindowsPowerShell\v1.0\;C:\Windows\System32\OpenSSH\;C:\Program Files\Git\cmd;C:\Users\ZhJia\AppData\Local\Microsoft\WindowsApps;;C:\Program Files\JetBrains\PhpStorm 2019.3.4\bin;;C:\Program Files\JetBrains\IntelliJ IDEA 2019.3.4\bin;;C:\Users\ZhJia\AppData\Local\Programs\Microsoft VS Code\bin
USERNAME=ZhJia
OS=Windows_NT
PROCESSOR_IDENTIFIER=Intel64 Family 6 Model 158 Stepping 11, GenuineIntel



---------------  S Y S T E M  ---------------

OS: Windows 10 , 64 bit Build 18362 (10.0.18362.900)
OS uptime: 0 days 23:13 hours
HyperV virtualization detected

CPU:total 4 (initial active 4) (4 cores per cpu, 1 threads per core) family 6 model 158 stepping 11, cmov, cx8, fxsr, mmx, sse, sse2, sse3, ssse3, sse4.1, sse4.2, popcnt, avx, avx2, aes, clmul, erms, 3dnowpref, lzcnt, tsc, tscinvbit, bmi1, bmi2, adx, fma

Memory: 4k page, system-wide physical 16053M (8070M free)
TotalPageFile size 19125M (AvailPageFile size 8894M)
current process WorkingSet (physical memory assigned to process): 327M, peak: 327M
current process commit charge ("private bytes"): 461M, peak: 461M

vm_info: OpenJDK 64-Bit Server VM (11.0.7+10-b765.53) for windows-amd64 JRE (11.0.7+10-b765.53), built on May 12 2020 04:38:25 by "" with MS VC++ 14.0 (VS2015)

END.
