#
# A fatal error has been detected by the Java Runtime Environment:
#
#  EXCEPTION_ACCESS_VIOLATION (0xc0000005) at pc=0x00007ffb7564418d, pid=6452, tid=12380
#
# JRE version: OpenJDK Runtime Environment (11.0.7+10) (build 11.0.7+10-b765.53)
# Java VM: OpenJDK 64-Bit Server VM (11.0.7+10-b765.53, mixed mode, tiered, compressed oops, g1 gc, windows-amd64)
# Problematic frame:
# C  [quoteplugin.dll+0x418d]
#
# No core dump will be written. Minidumps are not enabled by default on client versions of Windows
#
# If you would like to submit a bug report, please visit:
#   http://bugreport.java.com/bugreport/crash.jsp
# The crash happened outside the Java Virtual Machine in native code.
# See problematic frame for where to report the bug.
#

---------------  S U M M A R Y ------------

Command Line: -XX:TieredStopAtLevel=1 -Xverify:none -Dspring.output.ansi.enabled=always -Dcom.sun.management.jmxremote -Dspring.jmx.enabled=true -Dspring.liveBeansView.mbeanDomain -Dspring.application.admin.enabled=true -javaagent:C:\Program Files\JetBrains\IntelliJ IDEA 2019.3.4\lib\idea_rt.jar=13522:C:\Program Files\JetBrains\IntelliJ IDEA 2019.3.4\bin -Dfile.encoding=UTF-8 com.xtp.project.Application

Host: Intel(R) Core(TM) i3-8100 CPU @ 3.60GHz, 4 cores, 15G,  Windows 10 , 64 bit Build 18362 (10.0.18362.900)
Time: Thu Jun 11 22:18:27 2020 ?D1¨²¡À¨º¡Á?¨º¡À?? elapsed time: 6 seconds (0d 0h 0m 6s)

---------------  T H R E A D  ---------------

Current thread (0x000001e9c3453800):  JavaThread "http-nio-8080-exec-1" daemon [_thread_in_native, id=12380, stack(0x0000000ccce00000,0x0000000cccf00000)]

Stack: [0x0000000ccce00000,0x0000000cccf00000],  sp=0x0000000cccefcad0,  free space=1010k
Native frames: (J=compiled Java code, j=interpreted, Vv=VM code, C=native code)
C  [quoteplugin.dll+0x418d]

Java frames: (J=compiled Java code, j=interpreted, Vv=VM code)
j  com.zts.xtp.quote.api.QuoteApi.subscribeMarketData([Ljava/lang/String;II)I+0
j  com.xtp.project.common.QuoteMethod.subscribeMarketData([Ljava/lang/String;II)V+6
j  com.xtp.project.service.QuoteService.subscribeMarketData([Ljava/lang/String;II)V+3
j  com.xtp.project.controller.QuoteController.subscribeMarketData([Ljava/lang/String;II)Lcom/xtp/project/core/Result;+15
v  ~StubRoutines::call_stub
J 2137  jdk.internal.reflect.NativeMethodAccessorImpl.invoke0(Ljava/lang/reflect/Method;Ljava/lang/Object;[Ljava/lang/Object;)Ljava/lang/Object; java.base@11.0.7 (0 bytes) @ 0x000001e9a53a1b4f [0x000001e9a53a1ac0+0x000000000000008f]
J 2136 c1 jdk.internal.reflect.NativeMethodAccessorImpl.invoke(Ljava/lang/Object;[Ljava/lang/Object;)Ljava/lang/Object; java.base@11.0.7 (104 bytes) @ 0x000001e9a53ad304 [0x000001e9a53acf40+0x00000000000003c4]
J 2009 c1 jdk.internal.reflect.DelegatingMethodAccessorImpl.invoke(Ljava/lang/Object;[Ljava/lang/Object;)Ljava/lang/Object; java.base@11.0.7 (10 bytes) @ 0x000001e9a5349b04 [0x000001e9a5349ac0+0x0000000000000044]
J 2010 c1 java.lang.reflect.Method.invoke(Ljava/lang/Object;[Ljava/lang/Object;)Ljava/lang/Object; java.base@11.0.7 (65 bytes) @ 0x000001e9a5349f6c [0x000001e9a5349e60+0x000000000000010c]
j  org.springframework.web.method.support.InvocableHandlerMethod.doInvoke([Ljava/lang/Object;)Ljava/lang/Object;+16
j  org.springframework.web.method.support.InvocableHandlerMethod.invokeForRequest(Lorg/springframework/web/context/request/NativeWebRequest;Lorg/springframework/web/method/support/ModelAndViewContainer;[Ljava/lang/Object;)Ljava/lang/Object;+56
j  org.springframework.web.servlet.mvc.method.annotation.ServletInvocableHandlerMethod.invokeAndHandle(Lorg/springframework/web/context/request/ServletWebRequest;Lorg/springframework/web/method/support/ModelAndViewContainer;[Ljava/lang/Object;)V+4
j  org.springframework.web.servlet.mvc.method.annotation.RequestMappingHandlerAdapter.invokeHandlerMethod(Ljavax/servlet/http/HttpServletRequest;Ljavax/servlet/http/HttpServletResponse;Lorg/springframework/web/method/HandlerMethod;)Lorg/springframework/web/servlet/ModelAndView;+244
j  org.springframework.web.servlet.mvc.method.annotation.RequestMappingHandlerAdapter.handleInternal(Ljavax/servlet/http/HttpServletRequest;Ljavax/servlet/http/HttpServletResponse;Lorg/springframework/web/method/HandlerMethod;)Lorg/springframework/web/servlet/ModelAndView;+81
j  org.springframework.web.servlet.mvc.method.AbstractHandlerMethodAdapter.handle(Ljavax/servlet/http/HttpServletRequest;Ljavax/servlet/http/HttpServletResponse;Ljava/lang/Object;)Lorg/springframework/web/servlet/ModelAndView;+7
j  org.springframework.web.servlet.DispatcherServlet.doDispatch(Ljavax/servlet/http/HttpServletRequest;Ljavax/servlet/http/HttpServletResponse;)V+257
j  org.springframework.web.servlet.DispatcherServlet.doService(Ljavax/servlet/http/HttpServletRequest;Ljavax/servlet/http/HttpServletResponse;)V+212
j  org.springframework.web.servlet.FrameworkServlet.processRequest(Ljavax/servlet/http/HttpServletRequest;Ljavax/servlet/http/HttpServletResponse;)V+71
j  org.springframework.web.servlet.FrameworkServlet.doPost(Ljavax/servlet/http/HttpServletRequest;Ljavax/servlet/http/HttpServletResponse;)V+3
j  javax.servlet.http.HttpServlet.service(Ljavax/servlet/http/HttpServletRequest;Ljavax/servlet/http/HttpServletResponse;)V+149
j  org.springframework.web.servlet.FrameworkServlet.service(Ljavax/servlet/http/HttpServletRequest;Ljavax/servlet/http/HttpServletResponse;)V+33
j  javax.servlet.http.HttpServlet.service(Ljavax/servlet/ServletRequest;Ljavax/servlet/ServletResponse;)V+30
j  org.apache.catalina.core.ApplicationFilterChain.internalDoFilter(Ljavax/servlet/ServletRequest;Ljavax/servlet/ServletResponse;)V+304
j  org.apache.catalina.core.ApplicationFilterChain.doFilter(Ljavax/servlet/ServletRequest;Ljavax/servlet/ServletResponse;)V+101
j  org.apache.tomcat.websocket.server.WsFilter.doFilter(Ljavax/servlet/ServletRequest;Ljavax/servlet/ServletResponse;Ljavax/servlet/FilterChain;)V+21
j  org.apache.catalina.core.ApplicationFilterChain.internalDoFilter(Ljavax/servlet/ServletRequest;Ljavax/servlet/ServletResponse;)V+135
j  org.apache.catalina.core.ApplicationFilterChain.doFilter(Ljavax/servlet/ServletRequest;Ljavax/servlet/ServletResponse;)V+101
j  com.alibaba.druid.support.http.WebStatFilter.doFilter(Ljavax/servlet/ServletRequest;Ljavax/servlet/ServletResponse;Ljavax/servlet/FilterChain;)V+190
j  org.apache.catalina.core.ApplicationFilterChain.internalDoFilter(Ljavax/servlet/ServletRequest;Ljavax/servlet/ServletResponse;)V+135
j  org.apache.catalina.core.ApplicationFilterChain.doFilter(Ljavax/servlet/ServletRequest;Ljavax/servlet/ServletResponse;)V+101
j  org.springframework.web.filter.RequestContextFilter.doFilterInternal(Ljavax/servlet/http/HttpServletRequest;Ljavax/servlet/http/HttpServletResponse;Ljavax/servlet/FilterChain;)V+21
j  org.springframework.web.filter.OncePerRequestFilter.doFilter(Ljavax/servlet/ServletRequest;Ljavax/servlet/ServletResponse;Ljavax/servlet/FilterChain;)V+111
j  org.apache.catalina.core.ApplicationFilterChain.internalDoFilter(Ljavax/servlet/ServletRequest;Ljavax/servlet/ServletResponse;)V+135
j  org.apache.catalina.core.ApplicationFilterChain.doFilter(Ljavax/servlet/ServletRequest;Ljavax/servlet/ServletResponse;)V+101
j  org.springframework.web.filter.FormContentFilter.doFilterInternal(Ljavax/servlet/http/HttpServletRequest;Ljavax/servlet/http/HttpServletResponse;Ljavax/servlet/FilterChain;)V+38
j  org.springframework.web.filter.OncePerRequestFilter.doFilter(Ljavax/servlet/ServletRequest;Ljavax/servlet/ServletResponse;Ljavax/servlet/FilterChain;)V+111
j  org.apache.catalina.core.ApplicationFilterChain.internalDoFilter(Ljavax/servlet/ServletRequest;Ljavax/servlet/ServletResponse;)V+135
j  org.apache.catalina.core.ApplicationFilterChain.doFilter(Ljavax/servlet/ServletRequest;Ljavax/servlet/ServletResponse;)V+101
j  org.springframework.web.filter.HiddenHttpMethodFilter.doFilterInternal(Ljavax/servlet/http/HttpServletRequest;Ljavax/servlet/http/HttpServletResponse;Ljavax/servlet/FilterChain;)V+87
j  org.springframework.web.filter.OncePerRequestFilter.doFilter(Ljavax/servlet/ServletRequest;Ljavax/servlet/ServletResponse;Ljavax/servlet/FilterChain;)V+111
j  org.apache.catalina.core.ApplicationFilterChain.internalDoFilter(Ljavax/servlet/ServletRequest;Ljavax/servlet/ServletResponse;)V+135
j  org.apache.catalina.core.ApplicationFilterChain.doFilter(Ljavax/servlet/ServletRequest;Ljavax/servlet/ServletResponse;)V+101
j  org.springframework.web.filter.CharacterEncodingFilter.doFilterInternal(Ljavax/servlet/http/HttpServletRequest;Ljavax/servlet/http/HttpServletResponse;Ljavax/servlet/FilterChain;)V+53
j  org.springframework.web.filter.OncePerRequestFilter.doFilter(Ljavax/servlet/ServletRequest;Ljavax/servlet/ServletResponse;Ljavax/servlet/FilterChain;)V+111
j  org.apache.catalina.core.ApplicationFilterChain.internalDoFilter(Ljavax/servlet/ServletRequest;Ljavax/servlet/ServletResponse;)V+135
j  org.apache.catalina.core.ApplicationFilterChain.doFilter(Ljavax/servlet/ServletRequest;Ljavax/servlet/ServletResponse;)V+101
j  org.apache.catalina.core.StandardWrapperValve.invoke(Lorg/apache/catalina/connector/Request;Lorg/apache/catalina/connector/Response;)V+688
j  org.apache.catalina.core.StandardContextValve.invoke(Lorg/apache/catalina/connector/Request;Lorg/apache/catalina/connector/Response;)V+166
j  org.apache.catalina.authenticator.AuthenticatorBase.invoke(Lorg/apache/catalina/connector/Request;Lorg/apache/catalina/connector/Response;)V+260
j  org.apache.catalina.core.StandardHostValve.invoke(Lorg/apache/catalina/connector/Request;Lorg/apache/catalina/connector/Response;)V+114
j  org.apache.catalina.valves.ErrorReportValve.invoke(Lorg/apache/catalina/connector/Request;Lorg/apache/catalina/connector/Response;)V+6
j  org.apache.catalina.core.StandardEngineValve.invoke(Lorg/apache/catalina/connector/Request;Lorg/apache/catalina/connector/Response;)V+45
j  org.apache.catalina.connector.CoyoteAdapter.service(Lorg/apache/coyote/Request;Lorg/apache/coyote/Response;)V+199
j  org.apache.coyote.http11.Http11Processor.service(Lorg/apache/tomcat/util/net/SocketWrapperBase;)Lorg/apache/tomcat/util/net/AbstractEndpoint$Handler$SocketState;+791
j  org.apache.coyote.AbstractProcessorLight.process(Lorg/apache/tomcat/util/net/SocketWrapperBase;Lorg/apache/tomcat/util/net/SocketEvent;)Lorg/apache/tomcat/util/net/AbstractEndpoint$Handler$SocketState;+113
j  org.apache.coyote.AbstractProtocol$ConnectionHandler.process(Lorg/apache/tomcat/util/net/SocketWrapperBase;Lorg/apache/tomcat/util/net/SocketEvent;)Lorg/apache/tomcat/util/net/AbstractEndpoint$Handler$SocketState;+414
j  org.apache.tomcat.util.net.NioEndpoint$SocketProcessor.doRun()V+191
j  org.apache.tomcat.util.net.SocketProcessorBase.run()V+21
j  java.util.concurrent.ThreadPoolExecutor.runWorker(Ljava/util/concurrent/ThreadPoolExecutor$Worker;)V+92 java.base@11.0.7
j  java.util.concurrent.ThreadPoolExecutor$Worker.run()V+5 java.base@11.0.7
j  org.apache.tomcat.util.threads.TaskThread$WrappingRunnable.run()V+4
j  java.lang.Thread.run()V+11 java.base@11.0.7
v  ~StubRoutines::call_stub

siginfo: EXCEPTION_ACCESS_VIOLATION (0xc0000005), reading address 0x0000000000000008


Register to memory mapping:

RIP=0x00007ffb7564418d quoteplugin.dll
RAX=0x000000000000000f is an unknown value
RBX=0x0 is NULL
RCX=0x216b9bf5481b0000 is an unknown value
RDX=0x000001e99e6b0000 points into unknown readable memory: 00 00 00 00 00 00 00 00
RSP=0x0000000cccefcad0 is pointing into the stack for thread: 0x000001e9c3453800
RBP=0x0000000cccefcbb8 is pointing into the stack for thread: 0x000001e9c3453800
RSI=0x000001e9bfe55d20 points into unknown readable memory: b0 97 e3 c1 e9 01 00 00
RDI=0x0000000000000001 is an unknown value
R8 =0x000001e99e631200 points into unknown readable memory: c0 0c 63 9e e9 01 00 00
R9 =0x0000000000000001 is an unknown value
R10=0x0000000000008000 is an unknown value
R11=0x0000000cccefc9a0 is pointing into the stack for thread: 0x000001e9c3453800
R12=0x0000000cccefcbe8 is pointing into the stack for thread: 0x000001e9c3453800
R13=0x0 is NULL
R14=0x0000000000000001 is an unknown value
R15=0x000001e9c3453b40 points into unknown readable memory: 90 1c a0 3f fb 7f 00 00


Registers:
RAX=0x000000000000000f, RBX=0x0000000000000000, RCX=0x216b9bf5481b0000, RDX=0x000001e99e6b0000
RSP=0x0000000cccefcad0, RBP=0x0000000cccefcbb8, RSI=0x000001e9bfe55d20, RDI=0x0000000000000001
R8 =0x000001e99e631200, R9 =0x0000000000000001, R10=0x0000000000008000, R11=0x0000000cccefc9a0
R12=0x0000000cccefcbe8, R13=0x0000000000000000, R14=0x0000000000000001, R15=0x000001e9c3453b40
RIP=0x00007ffb7564418d, EFLAGS=0x0000000000010206

Top of Stack: (sp=0x0000000cccefcad0)
0x0000000cccefcad0:   0000000c7b5cfd1f 0000000cccefcbf0
0x0000000cccefcae0:   0000000cccefcbb8 0000000000000000
0x0000000cccefcaf0:   0000000000000000 000001e9c198ad60
0x0000000cccefcb00:   000001e9c3453800 0000000cccefcbf0
0x0000000cccefcb10:   000001e9c5165200 0000000000000000
0x0000000cccefcb20:   000001e9a49a0bd7 000001e9a49af0b7
0x0000000cccefcb30:   000001e9c2cfe3b8 000001e9c5165210
0x0000000cccefcb40:   0000000cccefcbb8 0000000cccefcbb8
0x0000000cccefcb50:   000001e900000001 0000000000000000
0x0000000cccefcb60:   000001e9c2cfe3b8 000001e9a49aed56
0x0000000cccefcb70:   0000000cccefcb70 000001e9c5165200
0x0000000cccefcb80:   0000000cccefcbf0 000001e9c5167648
0x0000000cccefcb90:   0000000000000000 000000070ce36368
0x0000000cccefcba0:   000001e9c5165210 0000000000000000
0x0000000cccefcbb0:   0000000cccefcbd8 0000000cccefcc40
0x0000000cccefcbc0:   000001e9a49a9880 0000000000000000 

Instructions: (pc=0x00007ffb7564418d)
0x00007ffb7564408d:   cc cc cc 48 89 5c 24 10 48 89 6c 24 18 56 41 54
0x00007ffb7564409d:   41 55 41 56 41 57 48 83 ec 30 4d 8b e0 4d 63 f1
0x00007ffb756440ad:   48 8b da 4c 8b f9 41 b8 af 00 00 00 48 8d 15 50
0x00007ffb756440bd:   78 00 00 48 8d 4c 24 20 ff 15 3d 71 00 00 48 8b
0x00007ffb756440cd:   c8 ff 15 1c 71 00 00 48 8b c8 48 8d 15 4a 79 00
0x00007ffb756440dd:   00 e8 ed d0 ff ff 48 8d 4c 24 20 ff 15 0a 71 00
0x00007ffb756440ed:   00 49 8b 07 48 8b d3 49 8b cf ff 90 f8 00 00 00
0x00007ffb756440fd:   4d 8b 17 4c 8d 0d cd 74 00 00 4c 8d 05 ca 74 00
0x00007ffb7564410d:   00 48 8b d0 49 8b cf 41 ff 92 f0 02 00 00 4d 8b
0x00007ffb7564411d:   0f 48 8b d3 4c 8b c0 49 8b cf 41 ff 91 28 03 00
0x00007ffb7564412d:   00 4c 8b e8 48 c7 c3 ff ff ff ff b8 08 00 00 00
0x00007ffb7564413d:   49 f7 e6 48 0f 40 c3 48 8b c8 e8 c4 53 00 00 48
0x00007ffb7564414d:   8b f0 48 85 c0 75 04 8b c3 eb 78 33 db 48 89 7c
0x00007ffb7564415d:   24 60 8b fb 45 85 f6 7e 16 b9 10 00 00 00 e8 a0
0x00007ffb7564416d:   53 00 00 48 89 04 fe 48 ff c7 49 3b fe 7c ea 45
0x00007ffb7564417d:   8b ce 4c 8b c6 49 8b d4 49 8b cf e8 43 eb ff ff
0x00007ffb7564418d:   49 8b 4d 08 45 8b c6 44 8b 8c 24 80 00 00 00 48
0x00007ffb7564419d:   8b d6 48 8b 01 ff 50 38 8b f8 45 85 f6 7e 15 0f
0x00007ffb756441ad:   1f 40 00 48 8b 0c de e8 5f 53 00 00 48 ff c3 49
0x00007ffb756441bd:   3b de 7c ef 48 8b ce e8 4f 53 00 00 8b c7 48 8b
0x00007ffb756441cd:   7c 24 60 48 8b 5c 24 68 48 8b 6c 24 70 48 83 c4
0x00007ffb756441dd:   30 41 5f 41 5e 41 5d 41 5c 5e c3 cc cc cc cc cc
0x00007ffb756441ed:   cc cc cc 48 89 5c 24 08 48 89 6c 24 10 48 89 74
0x00007ffb756441fd:   24 18 57 41 54 41 55 41 56 41 57 48 83 ec 20 48
0x00007ffb7564420d:   8b 01 4d 8b e0 4d 63 f1 48 8b da 4c 8b f9 ff 90
0x00007ffb7564421d:   f8 00 00 00 4d 8b 17 4c 8d 0d a9 73 00 00 4c 8d
0x00007ffb7564422d:   05 a6 73 00 00 48 8b d0 49 8b cf 41 ff 92 f0 02
0x00007ffb7564423d:   00 00 4d 8b 0f 48 8b d3 4c 8b c0 49 8b cf 41 ff
0x00007ffb7564424d:   91 28 03 00 00 4c 8b e8 48 c7 c1 ff ff ff ff b8
0x00007ffb7564425d:   08 00 00 00 49 f7 e6 48 0f 40 c1 48 8b c8 e8 a0
0x00007ffb7564426d:   52 00 00 33 db 48 8b f0 8b fb 45 85 f6 7e 1a 0f
0x00007ffb7564427d:   1f 40 00 b9 10 00 00 00 e8 86 52 00 00 48 89 04 


Stack slot to memory mapping:
stack at sp + 0 slots: 0x0000000c7b5cfd1f is an unknown value
stack at sp + 1 slots: 0x0000000cccefcbf0 is pointing into the stack for thread: 0x000001e9c3453800
stack at sp + 2 slots: 0x0000000cccefcbb8 is pointing into the stack for thread: 0x000001e9c3453800
stack at sp + 3 slots: 0x0 is NULL
stack at sp + 4 slots: 0x0 is NULL
stack at sp + 5 slots: 0x000001e9c198ad60 points into unknown readable memory: 00 00 00 00 20 a1 be 20
stack at sp + 6 slots: 0x000001e9c3453800 is a thread
stack at sp + 7 slots: 0x0000000cccefcbf0 is pointing into the stack for thread: 0x000001e9c3453800


---------------  P R O C E S S  ---------------

Threads class SMR info:
_java_thread_list=0x000001e9c2f65650, length=35, elements={
0x000001e9bf3dc000, 0x000001e9bf3dd800, 0x000001e9bfcee000, 0x000001e9bfcef000,
0x000001e9bfcf0800, 0x000001e9bfcf4000, 0x000001e9bf383000, 0x000001e9c024c800,
0x000001e9c024d000, 0x000001e9c044c000, 0x000001e9c14ee000, 0x000001e9c162f000,
0x000001e9c1a34800, 0x000001e9c1ca8000, 0x000001e9c2e87800, 0x000001e9c2f30800,
0x000001e9c2f31000, 0x000001e9c2f33000, 0x000001e9c3452800, 0x000001e9c3453800,
0x000001e9c3452000, 0x000001e9c3454800, 0x000001e9c3455000, 0x000001e9c3456000,
0x000001e9c3450000, 0x000001e9c3456800, 0x000001e9c3451000, 0x000001e9c3231800,
0x000001e9c3235000, 0x000001e9c3231000, 0x000001e9c3232800, 0x000001e9c322f000,
0x000001e9c3230000, 0x000001e9c3237800, 0x000001e9c3233800
}

Java Threads: ( => current thread )
  0x000001e9bf3dc000 JavaThread "Reference Handler" daemon [_thread_blocked, id=12312, stack(0x0000000ccb700000,0x0000000ccb800000)]
  0x000001e9bf3dd800 JavaThread "Finalizer" daemon [_thread_blocked, id=6472, stack(0x0000000ccb800000,0x0000000ccb900000)]
  0x000001e9bfcee000 JavaThread "Signal Dispatcher" daemon [_thread_blocked, id=2524, stack(0x0000000ccb900000,0x0000000ccba00000)]
  0x000001e9bfcef000 JavaThread "Attach Listener" daemon [_thread_blocked, id=8000, stack(0x0000000ccba00000,0x0000000ccbb00000)]
  0x000001e9bfcf0800 JavaThread "C1 CompilerThread0" daemon [_thread_blocked, id=1616, stack(0x0000000ccbb00000,0x0000000ccbc00000)]
  0x000001e9bfcf4000 JavaThread "Sweeper thread" daemon [_thread_blocked, id=10528, stack(0x0000000ccbc00000,0x0000000ccbd00000)]
  0x000001e9bf383000 JavaThread "Common-Cleaner" daemon [_thread_blocked, id=11336, stack(0x0000000ccbd00000,0x0000000ccbe00000)]
  0x000001e9c024c800 JavaThread "Monitor Ctrl-Break" daemon [_thread_in_native, id=5596, stack(0x0000000ccbe00000,0x0000000ccbf00000)]
  0x000001e9c024d000 JavaThread "Service Thread" daemon [_thread_blocked, id=4324, stack(0x0000000ccbf00000,0x0000000ccc000000)]
  0x000001e9c044c000 JavaThread "RMI TCP Accept-0" daemon [_thread_in_native, id=4188, stack(0x0000000ccc000000,0x0000000ccc100000)]
  0x000001e9c14ee000 JavaThread "logback-1" daemon [_thread_blocked, id=11448, stack(0x0000000ccc600000,0x0000000ccc700000)]
  0x000001e9c162f000 JavaThread "RMI TCP Connection(3)-192.168.0.203" daemon [_thread_in_native, id=3648, stack(0x0000000ccc500000,0x0000000ccc600000)]
  0x000001e9c1a34800 JavaThread "RMI Scheduler(0)" daemon [_thread_blocked, id=4160, stack(0x0000000ccc700000,0x0000000ccc800000)]
  0x000001e9c1ca8000 JavaThread "ContainerBackgroundProcessor[StandardEngine[Tomcat]]" daemon [_thread_blocked, id=360, stack(0x0000000ccc800000,0x0000000ccc900000)]
  0x000001e9c2e87800 JavaThread "container-0" [_thread_blocked, id=10732, stack(0x0000000ccc900000,0x0000000ccca00000)]
  0x000001e9c2f30800 JavaThread "Abandoned connection cleanup thread" daemon [_thread_blocked, id=13072, stack(0x0000000ccca00000,0x0000000cccb00000)]
  0x000001e9c2f31000 JavaThread "Druid-ConnectionPool-Create-63583816" daemon [_thread_blocked, id=1232, stack(0x0000000cccb00000,0x0000000cccc00000)]
  0x000001e9c2f33000 JavaThread "Druid-ConnectionPool-Destroy-63583816" daemon [_thread_blocked, id=5232, stack(0x0000000cccc00000,0x0000000cccd00000)]
  0x000001e9c3452800 JavaThread "NioBlockingSelector.BlockPoller-1" daemon [_thread_in_native, id=10112, stack(0x0000000cccd00000,0x0000000ccce00000)]
=>0x000001e9c3453800 JavaThread "http-nio-8080-exec-1" daemon [_thread_in_native, id=12380, stack(0x0000000ccce00000,0x0000000cccf00000)]
  0x000001e9c3452000 JavaThread "http-nio-8080-exec-2" daemon [_thread_blocked, id=7656, stack(0x0000000cccf00000,0x0000000ccd000000)]
  0x000001e9c3454800 JavaThread "http-nio-8080-exec-3" daemon [_thread_blocked, id=13040, stack(0x0000000ccd000000,0x0000000ccd100000)]
  0x000001e9c3455000 JavaThread "http-nio-8080-exec-4" daemon [_thread_blocked, id=3812, stack(0x0000000ccd100000,0x0000000ccd200000)]
  0x000001e9c3456000 JavaThread "http-nio-8080-exec-5" daemon [_thread_blocked, id=5136, stack(0x0000000ccd200000,0x0000000ccd300000)]
  0x000001e9c3450000 JavaThread "http-nio-8080-exec-6" daemon [_thread_blocked, id=4616, stack(0x0000000ccd300000,0x0000000ccd400000)]
  0x000001e9c3456800 JavaThread "http-nio-8080-exec-7" daemon [_thread_blocked, id=9976, stack(0x0000000ccd400000,0x0000000ccd500000)]
  0x000001e9c3451000 JavaThread "http-nio-8080-exec-8" daemon [_thread_blocked, id=6180, stack(0x0000000ccd500000,0x0000000ccd600000)]
  0x000001e9c3231800 JavaThread "http-nio-8080-exec-9" daemon [_thread_blocked, id=11092, stack(0x0000000ccd600000,0x0000000ccd700000)]
  0x000001e9c3235000 JavaThread "http-nio-8080-exec-10" daemon [_thread_blocked, id=2400, stack(0x0000000ccd700000,0x0000000ccd800000)]
  0x000001e9c3231000 JavaThread "http-nio-8080-ClientPoller-0" daemon [_thread_in_native, id=12980, stack(0x0000000ccd800000,0x0000000ccd900000)]
  0x000001e9c3232800 JavaThread "http-nio-8080-ClientPoller-1" daemon [_thread_in_native, id=12100, stack(0x0000000ccd900000,0x0000000ccda00000)]
  0x000001e9c322f000 JavaThread "http-nio-8080-Acceptor-0" daemon [_thread_in_native, id=5712, stack(0x0000000ccda00000,0x0000000ccdb00000)]
  0x000001e9c3230000 JavaThread "http-nio-8080-AsyncTimeout" daemon [_thread_blocked, id=6192, stack(0x0000000ccdb00000,0x0000000ccdc00000)]
  0x000001e9c3237800 JavaThread "DestroyJavaVM" [_thread_blocked, id=8164, stack(0x0000000ccb000000,0x0000000ccb100000)]
  0x000001e9c3233800 JavaThread "RMI TCP Connection(idle)" daemon [_thread_blocked, id=3740, stack(0x0000000ccdc00000,0x0000000ccdd00000)]

Other Threads:
  0x000001e9bf3c6800 VMThread "VM Thread" [stack: 0x0000000ccb600000,0x0000000ccb700000] [id=10040]
  0x000001e9c0399800 WatcherThread [stack: 0x0000000ccc100000,0x0000000ccc200000] [id=12692]
  0x000001e9a08e3800 GCTaskThread "GC Thread#0" [stack: 0x0000000ccb100000,0x0000000ccb200000] [id=5808]
  0x000001e9c0460800 GCTaskThread "GC Thread#1" [stack: 0x0000000ccc200000,0x0000000ccc300000] [id=2796]
  0x000001e9c0471800 GCTaskThread "GC Thread#2" [stack: 0x0000000ccc300000,0x0000000ccc400000] [id=7572]
  0x000001e9c0472000 GCTaskThread "GC Thread#3" [stack: 0x0000000ccc400000,0x0000000ccc500000] [id=804]
  0x000001e9a093e800 ConcurrentGCThread "G1 Main Marker" [stack: 0x0000000ccb200000,0x0000000ccb300000] [id=8012]
  0x000001e9a093f800 ConcurrentGCThread "G1 Conc#0" [stack: 0x0000000ccb300000,0x0000000ccb400000] [id=9108]
  0x000001e9a098e800 ConcurrentGCThread "G1 Refine#0" [stack: 0x0000000ccb400000,0x0000000ccb500000] [id=12000]
  0x000001e9bf2ab000 ConcurrentGCThread "G1 Young RemSet Sampling" [stack: 0x0000000ccb500000,0x0000000ccb600000] [id=2312]

Threads with active compile tasks:

VM state:not at safepoint (normal execution)

VM Mutex/Monitor currently owned by a thread: None

Heap address: 0x0000000705200000, size: 4014 MB, Compressed Oops mode: Zero based, Oop shift amount: 3
Narrow klass base: 0x0000000800000000, Narrow klass shift: 0
Compressed class space size: 1073741824 Address: 0x0000000800000000

Heap:
 garbage-first heap   total 310272K, used 188563K [0x0000000705200000, 0x0000000800000000)
  region size 1024K, 179 young (183296K), 10 survivors (10240K)
 Metaspace       used 51081K, capacity 52361K, committed 52688K, reserved 1095680K
  class space    used 6381K, capacity 6882K, committed 6988K, reserved 1048576K
Heap Regions: E=young(eden), S=young(survivor), O=old, HS=humongous(starts), HC=humongous(continues), CS=collection set, F=free, A=archive, TAMS=top-at-mark-start (previous, next)
|   0|0x0000000705200000, 0x0000000705300000, 0x0000000705300000|100%| O|  |TAMS 0x0000000705300000, 0x0000000705200000| Untracked 
|   1|0x0000000705300000, 0x0000000705400000, 0x0000000705400000|100%| O|  |TAMS 0x0000000705400000, 0x0000000705300000| Untracked 
|   2|0x0000000705400000, 0x0000000705500000, 0x0000000705500000|100%| O|  |TAMS 0x0000000705500000, 0x0000000705400000| Untracked 
|   3|0x0000000705500000, 0x0000000705600000, 0x0000000705600000|100%| O|  |TAMS 0x0000000705600000, 0x0000000705500000| Untracked 
|   4|0x0000000705600000, 0x0000000705700000, 0x0000000705700000|100%| O|  |TAMS 0x0000000705700000, 0x0000000705600000| Untracked 
|   5|0x0000000705700000, 0x0000000705800000, 0x0000000705800000|100%| O|  |TAMS 0x0000000705800000, 0x0000000705700000| Untracked 
|   6|0x0000000705800000, 0x000000070589ba00, 0x0000000705900000| 60%| O|  |TAMS 0x000000070589ba00, 0x0000000705800000| Untracked 
|   7|0x0000000705900000, 0x0000000705900000, 0x0000000705a00000|  0%| F|  |TAMS 0x0000000705900000, 0x0000000705900000| Untracked 
|   8|0x0000000705a00000, 0x0000000705a00000, 0x0000000705b00000|  0%| F|  |TAMS 0x0000000705a00000, 0x0000000705a00000| Untracked 
|   9|0x0000000705b00000, 0x0000000705b00000, 0x0000000705c00000|  0%| F|  |TAMS 0x0000000705b00000, 0x0000000705b00000| Untracked 
|  10|0x0000000705c00000, 0x0000000705c00000, 0x0000000705d00000|  0%| F|  |TAMS 0x0000000705c00000, 0x0000000705c00000| Untracked 
|  11|0x0000000705d00000, 0x0000000705d00000, 0x0000000705e00000|  0%| F|  |TAMS 0x0000000705d00000, 0x0000000705d00000| Untracked 
|  12|0x0000000705e00000, 0x0000000705e00000, 0x0000000705f00000|  0%| F|  |TAMS 0x0000000705e00000, 0x0000000705e00000| Untracked 
|  13|0x0000000705f00000, 0x0000000705f00000, 0x0000000706000000|  0%| F|  |TAMS 0x0000000705f00000, 0x0000000705f00000| Untracked 
|  14|0x0000000706000000, 0x0000000706000000, 0x0000000706100000|  0%| F|  |TAMS 0x0000000706000000, 0x0000000706000000| Untracked 
|  15|0x0000000706100000, 0x0000000706100000, 0x0000000706200000|  0%| F|  |TAMS 0x0000000706100000, 0x0000000706100000| Untracked 
|  16|0x0000000706200000, 0x0000000706200000, 0x0000000706300000|  0%| F|  |TAMS 0x0000000706200000, 0x0000000706200000| Untracked 
|  17|0x0000000706300000, 0x0000000706300000, 0x0000000706400000|  0%| F|  |TAMS 0x0000000706300000, 0x0000000706300000| Untracked 
|  18|0x0000000706400000, 0x0000000706400000, 0x0000000706500000|  0%| F|  |TAMS 0x0000000706400000, 0x0000000706400000| Untracked 
|  19|0x0000000706500000, 0x0000000706500000, 0x0000000706600000|  0%| F|  |TAMS 0x0000000706500000, 0x0000000706500000| Untracked 
|  20|0x0000000706600000, 0x0000000706600000, 0x0000000706700000|  0%| F|  |TAMS 0x0000000706600000, 0x0000000706600000| Untracked 
|  21|0x0000000706700000, 0x0000000706700000, 0x0000000706800000|  0%| F|  |TAMS 0x0000000706700000, 0x0000000706700000| Untracked 
|  22|0x0000000706800000, 0x0000000706800000, 0x0000000706900000|  0%| F|  |TAMS 0x0000000706800000, 0x0000000706800000| Untracked 
|  23|0x0000000706900000, 0x0000000706900000, 0x0000000706a00000|  0%| F|  |TAMS 0x0000000706900000, 0x0000000706900000| Untracked 
|  24|0x0000000706a00000, 0x0000000706a00000, 0x0000000706b00000|  0%| F|  |TAMS 0x0000000706a00000, 0x0000000706a00000| Untracked 
|  25|0x0000000706b00000, 0x0000000706b00000, 0x0000000706c00000|  0%| F|  |TAMS 0x0000000706b00000, 0x0000000706b00000| Untracked 
|  26|0x0000000706c00000, 0x0000000706c00000, 0x0000000706d00000|  0%| F|  |TAMS 0x0000000706c00000, 0x0000000706c00000| Untracked 
|  27|0x0000000706d00000, 0x0000000706d00000, 0x0000000706e00000|  0%| F|  |TAMS 0x0000000706d00000, 0x0000000706d00000| Untracked 
|  28|0x0000000706e00000, 0x0000000706e00000, 0x0000000706f00000|  0%| F|  |TAMS 0x0000000706e00000, 0x0000000706e00000| Untracked 
|  29|0x0000000706f00000, 0x0000000706f00000, 0x0000000707000000|  0%| F|  |TAMS 0x0000000706f00000, 0x0000000706f00000| Untracked 
|  30|0x0000000707000000, 0x0000000707000000, 0x0000000707100000|  0%| F|  |TAMS 0x0000000707000000, 0x0000000707000000| Untracked 
|  31|0x0000000707100000, 0x0000000707100000, 0x0000000707200000|  0%| F|  |TAMS 0x0000000707100000, 0x0000000707100000| Untracked 
|  32|0x0000000707200000, 0x0000000707200000, 0x0000000707300000|  0%| F|  |TAMS 0x0000000707200000, 0x0000000707200000| Untracked 
|  33|0x0000000707300000, 0x0000000707300000, 0x0000000707400000|  0%| F|  |TAMS 0x0000000707300000, 0x0000000707300000| Untracked 
|  34|0x0000000707400000, 0x0000000707400000, 0x0000000707500000|  0%| F|  |TAMS 0x0000000707400000, 0x0000000707400000| Untracked 
|  35|0x0000000707500000, 0x0000000707500000, 0x0000000707600000|  0%| F|  |TAMS 0x0000000707500000, 0x0000000707500000| Untracked 
|  36|0x0000000707600000, 0x0000000707600000, 0x0000000707700000|  0%| F|  |TAMS 0x0000000707600000, 0x0000000707600000| Untracked 
|  37|0x0000000707700000, 0x0000000707700000, 0x0000000707800000|  0%| F|  |TAMS 0x0000000707700000, 0x0000000707700000| Untracked 
|  38|0x0000000707800000, 0x0000000707800000, 0x0000000707900000|  0%| F|  |TAMS 0x0000000707800000, 0x0000000707800000| Untracked 
|  39|0x0000000707900000, 0x0000000707900000, 0x0000000707a00000|  0%| F|  |TAMS 0x0000000707900000, 0x0000000707900000| Untracked 
|  40|0x0000000707a00000, 0x0000000707a00000, 0x0000000707b00000|  0%| F|  |TAMS 0x0000000707a00000, 0x0000000707a00000| Untracked 
|  41|0x0000000707b00000, 0x0000000707b00000, 0x0000000707c00000|  0%| F|  |TAMS 0x0000000707b00000, 0x0000000707b00000| Untracked 
|  42|0x0000000707c00000, 0x0000000707c00000, 0x0000000707d00000|  0%| F|  |TAMS 0x0000000707c00000, 0x0000000707c00000| Untracked 
|  43|0x0000000707d00000, 0x0000000707d00000, 0x0000000707e00000|  0%| F|  |TAMS 0x0000000707d00000, 0x0000000707d00000| Untracked 
|  44|0x0000000707e00000, 0x0000000707e00000, 0x0000000707f00000|  0%| F|  |TAMS 0x0000000707e00000, 0x0000000707e00000| Untracked 
|  45|0x0000000707f00000, 0x0000000707f00000, 0x0000000708000000|  0%| F|  |TAMS 0x0000000707f00000, 0x0000000707f00000| Untracked 
|  46|0x0000000708000000, 0x0000000708000000, 0x0000000708100000|  0%| F|  |TAMS 0x0000000708000000, 0x0000000708000000| Untracked 
|  47|0x0000000708100000, 0x0000000708100000, 0x0000000708200000|  0%| F|  |TAMS 0x0000000708100000, 0x0000000708100000| Untracked 
|  48|0x0000000708200000, 0x0000000708200000, 0x0000000708300000|  0%| F|  |TAMS 0x0000000708200000, 0x0000000708200000| Untracked 
|  49|0x0000000708300000, 0x0000000708300000, 0x0000000708400000|  0%| F|  |TAMS 0x0000000708300000, 0x0000000708300000| Untracked 
|  50|0x0000000708400000, 0x0000000708400000, 0x0000000708500000|  0%| F|  |TAMS 0x0000000708400000, 0x0000000708400000| Untracked 
|  51|0x0000000708500000, 0x0000000708500000, 0x0000000708600000|  0%| F|  |TAMS 0x0000000708500000, 0x0000000708500000| Untracked 
|  52|0x0000000708600000, 0x0000000708600000, 0x0000000708700000|  0%| F|  |TAMS 0x0000000708600000, 0x0000000708600000| Untracked 
|  53|0x0000000708700000, 0x0000000708700000, 0x0000000708800000|  0%| F|  |TAMS 0x0000000708700000, 0x0000000708700000| Untracked 
|  54|0x0000000708800000, 0x0000000708800000, 0x0000000708900000|  0%| F|  |TAMS 0x0000000708800000, 0x0000000708800000| Untracked 
|  55|0x0000000708900000, 0x0000000708900000, 0x0000000708a00000|  0%| F|  |TAMS 0x0000000708900000, 0x0000000708900000| Untracked 
|  56|0x0000000708a00000, 0x0000000708a00000, 0x0000000708b00000|  0%| F|  |TAMS 0x0000000708a00000, 0x0000000708a00000| Untracked 
|  57|0x0000000708b00000, 0x0000000708b00000, 0x0000000708c00000|  0%| F|  |TAMS 0x0000000708b00000, 0x0000000708b00000| Untracked 
|  58|0x0000000708c00000, 0x0000000708c00000, 0x0000000708d00000|  0%| F|  |TAMS 0x0000000708c00000, 0x0000000708c00000| Untracked 
|  59|0x0000000708d00000, 0x0000000708d00000, 0x0000000708e00000|  0%| F|  |TAMS 0x0000000708d00000, 0x0000000708d00000| Untracked 
|  60|0x0000000708e00000, 0x0000000708e00000, 0x0000000708f00000|  0%| F|  |TAMS 0x0000000708e00000, 0x0000000708e00000| Untracked 
|  61|0x0000000708f00000, 0x0000000708f00000, 0x0000000709000000|  0%| F|  |TAMS 0x0000000708f00000, 0x0000000708f00000| Untracked 
|  62|0x0000000709000000, 0x0000000709000000, 0x0000000709100000|  0%| F|  |TAMS 0x0000000709000000, 0x0000000709000000| Untracked 
|  63|0x0000000709100000, 0x0000000709100000, 0x0000000709200000|  0%| F|  |TAMS 0x0000000709100000, 0x0000000709100000| Untracked 
|  64|0x0000000709200000, 0x0000000709200000, 0x0000000709300000|  0%| F|  |TAMS 0x0000000709200000, 0x0000000709200000| Untracked 
|  65|0x0000000709300000, 0x0000000709300000, 0x0000000709400000|  0%| F|  |TAMS 0x0000000709300000, 0x0000000709300000| Untracked 
|  66|0x0000000709400000, 0x0000000709400000, 0x0000000709500000|  0%| F|  |TAMS 0x0000000709400000, 0x0000000709400000| Untracked 
|  67|0x0000000709500000, 0x0000000709500000, 0x0000000709600000|  0%| F|  |TAMS 0x0000000709500000, 0x0000000709500000| Untracked 
|  68|0x0000000709600000, 0x0000000709600000, 0x0000000709700000|  0%| F|  |TAMS 0x0000000709600000, 0x0000000709600000| Untracked 
|  69|0x0000000709700000, 0x0000000709700000, 0x0000000709800000|  0%| F|  |TAMS 0x0000000709700000, 0x0000000709700000| Untracked 
|  70|0x0000000709800000, 0x0000000709800000, 0x0000000709900000|  0%| F|  |TAMS 0x0000000709800000, 0x0000000709800000| Untracked 
|  71|0x0000000709900000, 0x0000000709900000, 0x0000000709a00000|  0%| F|  |TAMS 0x0000000709900000, 0x0000000709900000| Untracked 
|  72|0x0000000709a00000, 0x0000000709a00000, 0x0000000709b00000|  0%| F|  |TAMS 0x0000000709a00000, 0x0000000709a00000| Untracked 
|  73|0x0000000709b00000, 0x0000000709b00000, 0x0000000709c00000|  0%| F|  |TAMS 0x0000000709b00000, 0x0000000709b00000| Untracked 
|  74|0x0000000709c00000, 0x0000000709c00000, 0x0000000709d00000|  0%| F|  |TAMS 0x0000000709c00000, 0x0000000709c00000| Untracked 
|  75|0x0000000709d00000, 0x0000000709d00000, 0x0000000709e00000|  0%| F|  |TAMS 0x0000000709d00000, 0x0000000709d00000| Untracked 
|  76|0x0000000709e00000, 0x0000000709e00000, 0x0000000709f00000|  0%| F|  |TAMS 0x0000000709e00000, 0x0000000709e00000| Untracked 
|  77|0x0000000709f00000, 0x0000000709f00000, 0x000000070a000000|  0%| F|  |TAMS 0x0000000709f00000, 0x0000000709f00000| Untracked 
|  78|0x000000070a000000, 0x000000070a000000, 0x000000070a100000|  0%| F|  |TAMS 0x000000070a000000, 0x000000070a000000| Untracked 
|  79|0x000000070a100000, 0x000000070a100000, 0x000000070a200000|  0%| F|  |TAMS 0x000000070a100000, 0x000000070a100000| Untracked 
|  80|0x000000070a200000, 0x000000070a200000, 0x000000070a300000|  0%| F|  |TAMS 0x000000070a200000, 0x000000070a200000| Untracked 
|  81|0x000000070a300000, 0x000000070a300000, 0x000000070a400000|  0%| F|  |TAMS 0x000000070a300000, 0x000000070a300000| Untracked 
|  82|0x000000070a400000, 0x000000070a400000, 0x000000070a500000|  0%| F|  |TAMS 0x000000070a400000, 0x000000070a400000| Untracked 
|  83|0x000000070a500000, 0x000000070a500000, 0x000000070a600000|  0%| F|  |TAMS 0x000000070a500000, 0x000000070a500000| Untracked 
|  84|0x000000070a600000, 0x000000070a600000, 0x000000070a700000|  0%| F|  |TAMS 0x000000070a600000, 0x000000070a600000| Untracked 
|  85|0x000000070a700000, 0x000000070a700000, 0x000000070a800000|  0%| F|  |TAMS 0x000000070a700000, 0x000000070a700000| Untracked 
|  86|0x000000070a800000, 0x000000070a800000, 0x000000070a900000|  0%| F|  |TAMS 0x000000070a800000, 0x000000070a800000| Untracked 
|  87|0x000000070a900000, 0x000000070a900000, 0x000000070aa00000|  0%| F|  |TAMS 0x000000070a900000, 0x000000070a900000| Untracked 
|  88|0x000000070aa00000, 0x000000070aa00000, 0x000000070ab00000|  0%| F|  |TAMS 0x000000070aa00000, 0x000000070aa00000| Untracked 
|  89|0x000000070ab00000, 0x000000070ab00000, 0x000000070ac00000|  0%| F|  |TAMS 0x000000070ab00000, 0x000000070ab00000| Untracked 
|  90|0x000000070ac00000, 0x000000070ac00000, 0x000000070ad00000|  0%| F|  |TAMS 0x000000070ac00000, 0x000000070ac00000| Untracked 
|  91|0x000000070ad00000, 0x000000070ad00000, 0x000000070ae00000|  0%| F|  |TAMS 0x000000070ad00000, 0x000000070ad00000| Untracked 
|  92|0x000000070ae00000, 0x000000070ae00000, 0x000000070af00000|  0%| F|  |TAMS 0x000000070ae00000, 0x000000070ae00000| Untracked 
|  93|0x000000070af00000, 0x000000070af00000, 0x000000070b000000|  0%| F|  |TAMS 0x000000070af00000, 0x000000070af00000| Untracked 
|  94|0x000000070b000000, 0x000000070b000000, 0x000000070b100000|  0%| F|  |TAMS 0x000000070b000000, 0x000000070b000000| Untracked 
|  95|0x000000070b100000, 0x000000070b100000, 0x000000070b200000|  0%| F|  |TAMS 0x000000070b100000, 0x000000070b100000| Untracked 
|  96|0x000000070b200000, 0x000000070b200000, 0x000000070b300000|  0%| F|  |TAMS 0x000000070b200000, 0x000000070b200000| Untracked 
|  97|0x000000070b300000, 0x000000070b300000, 0x000000070b400000|  0%| F|  |TAMS 0x000000070b300000, 0x000000070b300000| Untracked 
|  98|0x000000070b400000, 0x000000070b400000, 0x000000070b500000|  0%| F|  |TAMS 0x000000070b400000, 0x000000070b400000| Untracked 
|  99|0x000000070b500000, 0x000000070b500000, 0x000000070b600000|  0%| F|  |TAMS 0x000000070b500000, 0x000000070b500000| Untracked 
| 100|0x000000070b600000, 0x000000070b600000, 0x000000070b700000|  0%| F|  |TAMS 0x000000070b600000, 0x000000070b600000| Untracked 
| 101|0x000000070b700000, 0x000000070b700000, 0x000000070b800000|  0%| F|  |TAMS 0x000000070b700000, 0x000000070b700000| Untracked 
| 102|0x000000070b800000, 0x000000070b800000, 0x000000070b900000|  0%| F|  |TAMS 0x000000070b800000, 0x000000070b800000| Untracked 
| 103|0x000000070b900000, 0x000000070b900000, 0x000000070ba00000|  0%| F|  |TAMS 0x000000070b900000, 0x000000070b900000| Untracked 
| 104|0x000000070ba00000, 0x000000070ba00000, 0x000000070bb00000|  0%| F|  |TAMS 0x000000070ba00000, 0x000000070ba00000| Untracked 
| 105|0x000000070bb00000, 0x000000070bb00000, 0x000000070bc00000|  0%| F|  |TAMS 0x000000070bb00000, 0x000000070bb00000| Untracked 
| 106|0x000000070bc00000, 0x000000070bc00000, 0x000000070bd00000|  0%| F|  |TAMS 0x000000070bc00000, 0x000000070bc00000| Untracked 
| 107|0x000000070bd00000, 0x000000070bd00000, 0x000000070be00000|  0%| F|  |TAMS 0x000000070bd00000, 0x000000070bd00000| Untracked 
| 108|0x000000070be00000, 0x000000070be00000, 0x000000070bf00000|  0%| F|  |TAMS 0x000000070be00000, 0x000000070be00000| Untracked 
| 109|0x000000070bf00000, 0x000000070bf00000, 0x000000070c000000|  0%| F|  |TAMS 0x000000070bf00000, 0x000000070bf00000| Untracked 
| 110|0x000000070c000000, 0x000000070c000000, 0x000000070c100000|  0%| F|  |TAMS 0x000000070c000000, 0x000000070c000000| Untracked 
| 111|0x000000070c100000, 0x000000070c100000, 0x000000070c200000|  0%| F|  |TAMS 0x000000070c100000, 0x000000070c100000| Untracked 
| 112|0x000000070c200000, 0x000000070c200000, 0x000000070c300000|  0%| F|  |TAMS 0x000000070c200000, 0x000000070c200000| Untracked 
| 113|0x000000070c300000, 0x000000070c300000, 0x000000070c400000|  0%| F|  |TAMS 0x000000070c300000, 0x000000070c300000| Untracked 
| 114|0x000000070c400000, 0x000000070c400000, 0x000000070c500000|  0%| F|  |TAMS 0x000000070c400000, 0x000000070c400000| Untracked 
| 115|0x000000070c500000, 0x000000070c500000, 0x000000070c600000|  0%| F|  |TAMS 0x000000070c500000, 0x000000070c500000| Untracked 
| 116|0x000000070c600000, 0x000000070c600000, 0x000000070c700000|  0%| F|  |TAMS 0x000000070c600000, 0x000000070c600000| Untracked 
| 117|0x000000070c700000, 0x000000070c700000, 0x000000070c800000|  0%| F|  |TAMS 0x000000070c700000, 0x000000070c700000| Untracked 
| 118|0x000000070c800000, 0x000000070c800000, 0x000000070c900000|  0%| F|  |TAMS 0x000000070c800000, 0x000000070c800000| Untracked 
| 119|0x000000070c900000, 0x000000070c900000, 0x000000070ca00000|  0%| F|  |TAMS 0x000000070c900000, 0x000000070c900000| Untracked 
| 120|0x000000070ca00000, 0x000000070ca00000, 0x000000070cb00000|  0%| F|  |TAMS 0x000000070ca00000, 0x000000070ca00000| Untracked 
| 121|0x000000070cb00000, 0x000000070cb00000, 0x000000070cc00000|  0%| F|  |TAMS 0x000000070cb00000, 0x000000070cb00000| Untracked 
| 122|0x000000070cc00000, 0x000000070cc00000, 0x000000070cd00000|  0%| F|  |TAMS 0x000000070cc00000, 0x000000070cc00000| Untracked 
| 123|0x000000070cd00000, 0x000000070cd00000, 0x000000070ce00000|  0%| F|  |TAMS 0x000000070cd00000, 0x000000070cd00000| Untracked 
| 124|0x000000070ce00000, 0x000000070ce84cd0, 0x000000070cf00000| 51%| E|  |TAMS 0x000000070ce00000, 0x000000070ce00000| Complete 
| 125|0x000000070cf00000, 0x000000070d000000, 0x000000070d000000|100%| E|CS|TAMS 0x000000070cf00000, 0x000000070cf00000| Complete 
| 126|0x000000070d000000, 0x000000070d100000, 0x000000070d100000|100%| E|CS|TAMS 0x000000070d000000, 0x000000070d000000| Complete 
| 127|0x000000070d100000, 0x000000070d200000, 0x000000070d200000|100%| E|CS|TAMS 0x000000070d100000, 0x000000070d100000| Complete 
| 128|0x000000070d200000, 0x000000070d300000, 0x000000070d300000|100%| E|CS|TAMS 0x000000070d200000, 0x000000070d200000| Complete 
| 129|0x000000070d300000, 0x000000070d400000, 0x000000070d400000|100%| E|CS|TAMS 0x000000070d300000, 0x000000070d300000| Complete 
| 130|0x000000070d400000, 0x000000070d500000, 0x000000070d500000|100%| E|CS|TAMS 0x000000070d400000, 0x000000070d400000| Complete 
| 131|0x000000070d500000, 0x000000070d600000, 0x000000070d600000|100%| E|CS|TAMS 0x000000070d500000, 0x000000070d500000| Complete 
| 132|0x000000070d600000, 0x000000070d700000, 0x000000070d700000|100%| E|CS|TAMS 0x000000070d600000, 0x000000070d600000| Complete 
| 133|0x000000070d700000, 0x000000070d800000, 0x000000070d800000|100%| E|CS|TAMS 0x000000070d700000, 0x000000070d700000| Complete 
| 134|0x000000070d800000, 0x000000070d900000, 0x000000070d900000|100%| E|CS|TAMS 0x000000070d800000, 0x000000070d800000| Complete 
| 135|0x000000070d900000, 0x000000070da00000, 0x000000070da00000|100%| E|CS|TAMS 0x000000070d900000, 0x000000070d900000| Complete 
| 136|0x000000070da00000, 0x000000070db00000, 0x000000070db00000|100%| E|CS|TAMS 0x000000070da00000, 0x000000070da00000| Complete 
| 137|0x000000070db00000, 0x000000070dc00000, 0x000000070dc00000|100%| E|CS|TAMS 0x000000070db00000, 0x000000070db00000| Complete 
| 138|0x000000070dc00000, 0x000000070dd00000, 0x000000070dd00000|100%| E|CS|TAMS 0x000000070dc00000, 0x000000070dc00000| Complete 
| 139|0x000000070dd00000, 0x000000070de00000, 0x000000070de00000|100%| E|CS|TAMS 0x000000070dd00000, 0x000000070dd00000| Complete 
| 140|0x000000070de00000, 0x000000070df00000, 0x000000070df00000|100%| E|CS|TAMS 0x000000070de00000, 0x000000070de00000| Complete 
| 141|0x000000070df00000, 0x000000070e000000, 0x000000070e000000|100%| E|CS|TAMS 0x000000070df00000, 0x000000070df00000| Complete 
| 142|0x000000070e000000, 0x000000070e100000, 0x000000070e100000|100%| E|CS|TAMS 0x000000070e000000, 0x000000070e000000| Complete 
| 143|0x000000070e100000, 0x000000070e200000, 0x000000070e200000|100%| E|CS|TAMS 0x000000070e100000, 0x000000070e100000| Complete 
| 144|0x000000070e200000, 0x000000070e300000, 0x000000070e300000|100%| E|CS|TAMS 0x000000070e200000, 0x000000070e200000| Complete 
| 145|0x000000070e300000, 0x000000070e400000, 0x000000070e400000|100%| E|CS|TAMS 0x000000070e300000, 0x000000070e300000| Complete 
| 146|0x000000070e400000, 0x000000070e500000, 0x000000070e500000|100%| E|CS|TAMS 0x000000070e400000, 0x000000070e400000| Complete 
| 147|0x000000070e500000, 0x000000070e600000, 0x000000070e600000|100%| E|CS|TAMS 0x000000070e500000, 0x000000070e500000| Complete 
| 148|0x000000070e600000, 0x000000070e700000, 0x000000070e700000|100%| E|CS|TAMS 0x000000070e600000, 0x000000070e600000| Complete 
| 149|0x000000070e700000, 0x000000070e800000, 0x000000070e800000|100%| E|CS|TAMS 0x000000070e700000, 0x000000070e700000| Complete 
| 150|0x000000070e800000, 0x000000070e900000, 0x000000070e900000|100%| E|CS|TAMS 0x000000070e800000, 0x000000070e800000| Complete 
| 151|0x000000070e900000, 0x000000070ea00000, 0x000000070ea00000|100%| E|CS|TAMS 0x000000070e900000, 0x000000070e900000| Complete 
| 152|0x000000070ea00000, 0x000000070eb00000, 0x000000070eb00000|100%| E|CS|TAMS 0x000000070ea00000, 0x000000070ea00000| Complete 
| 153|0x000000070eb00000, 0x000000070ec00000, 0x000000070ec00000|100%| E|CS|TAMS 0x000000070eb00000, 0x000000070eb00000| Complete 
| 154|0x000000070ec00000, 0x000000070ed00000, 0x000000070ed00000|100%| E|CS|TAMS 0x000000070ec00000, 0x000000070ec00000| Complete 
| 155|0x000000070ed00000, 0x000000070ee00000, 0x000000070ee00000|100%| E|CS|TAMS 0x000000070ed00000, 0x000000070ed00000| Complete 
| 156|0x000000070ee00000, 0x000000070ef00000, 0x000000070ef00000|100%| E|CS|TAMS 0x000000070ee00000, 0x000000070ee00000| Complete 
| 157|0x000000070ef00000, 0x000000070f000000, 0x000000070f000000|100%| E|CS|TAMS 0x000000070ef00000, 0x000000070ef00000| Complete 
| 158|0x000000070f000000, 0x000000070f100000, 0x000000070f100000|100%| E|CS|TAMS 0x000000070f000000, 0x000000070f000000| Complete 
| 159|0x000000070f100000, 0x000000070f200000, 0x000000070f200000|100%| E|CS|TAMS 0x000000070f100000, 0x000000070f100000| Complete 
| 160|0x000000070f200000, 0x000000070f300000, 0x000000070f300000|100%| E|CS|TAMS 0x000000070f200000, 0x000000070f200000| Complete 
| 161|0x000000070f300000, 0x000000070f400000, 0x000000070f400000|100%| E|CS|TAMS 0x000000070f300000, 0x000000070f300000| Complete 
| 162|0x000000070f400000, 0x000000070f500000, 0x000000070f500000|100%| E|CS|TAMS 0x000000070f400000, 0x000000070f400000| Complete 
| 163|0x000000070f500000, 0x000000070f600000, 0x000000070f600000|100%| E|CS|TAMS 0x000000070f500000, 0x000000070f500000| Complete 
| 164|0x000000070f600000, 0x000000070f700000, 0x000000070f700000|100%| E|CS|TAMS 0x000000070f600000, 0x000000070f600000| Complete 
| 165|0x000000070f700000, 0x000000070f800000, 0x000000070f800000|100%| E|CS|TAMS 0x000000070f700000, 0x000000070f700000| Complete 
| 166|0x000000070f800000, 0x000000070f900000, 0x000000070f900000|100%| E|CS|TAMS 0x000000070f800000, 0x000000070f800000| Complete 
| 167|0x000000070f900000, 0x000000070fa00000, 0x000000070fa00000|100%| E|CS|TAMS 0x000000070f900000, 0x000000070f900000| Complete 
| 168|0x000000070fa00000, 0x000000070fb00000, 0x000000070fb00000|100%| E|CS|TAMS 0x000000070fa00000, 0x000000070fa00000| Complete 
| 169|0x000000070fb00000, 0x000000070fc00000, 0x000000070fc00000|100%| E|CS|TAMS 0x000000070fb00000, 0x000000070fb00000| Complete 
| 170|0x000000070fc00000, 0x000000070fd00000, 0x000000070fd00000|100%| E|CS|TAMS 0x000000070fc00000, 0x000000070fc00000| Complete 
| 171|0x000000070fd00000, 0x000000070fe00000, 0x000000070fe00000|100%| E|CS|TAMS 0x000000070fd00000, 0x000000070fd00000| Complete 
| 172|0x000000070fe00000, 0x000000070ff00000, 0x000000070ff00000|100%| E|CS|TAMS 0x000000070fe00000, 0x000000070fe00000| Complete 
| 173|0x000000070ff00000, 0x0000000710000000, 0x0000000710000000|100%| E|CS|TAMS 0x000000070ff00000, 0x000000070ff00000| Complete 
| 174|0x0000000710000000, 0x0000000710100000, 0x0000000710100000|100%| E|CS|TAMS 0x0000000710000000, 0x0000000710000000| Complete 
| 175|0x0000000710100000, 0x0000000710200000, 0x0000000710200000|100%| E|CS|TAMS 0x0000000710100000, 0x0000000710100000| Complete 
| 176|0x0000000710200000, 0x0000000710300000, 0x0000000710300000|100%| E|CS|TAMS 0x0000000710200000, 0x0000000710200000| Complete 
| 177|0x0000000710300000, 0x0000000710400000, 0x0000000710400000|100%| E|CS|TAMS 0x0000000710300000, 0x0000000710300000| Complete 
| 178|0x0000000710400000, 0x0000000710500000, 0x0000000710500000|100%| E|CS|TAMS 0x0000000710400000, 0x0000000710400000| Complete 
| 179|0x0000000710500000, 0x0000000710600000, 0x0000000710600000|100%| E|CS|TAMS 0x0000000710500000, 0x0000000710500000| Complete 
| 180|0x0000000710600000, 0x0000000710700000, 0x0000000710700000|100%| E|CS|TAMS 0x0000000710600000, 0x0000000710600000| Complete 
| 181|0x0000000710700000, 0x0000000710800000, 0x0000000710800000|100%| E|CS|TAMS 0x0000000710700000, 0x0000000710700000| Complete 
| 182|0x0000000710800000, 0x0000000710900000, 0x0000000710900000|100%| E|CS|TAMS 0x0000000710800000, 0x0000000710800000| Complete 
| 183|0x0000000710900000, 0x0000000710a00000, 0x0000000710a00000|100%| E|CS|TAMS 0x0000000710900000, 0x0000000710900000| Complete 
| 184|0x0000000710a00000, 0x0000000710b00000, 0x0000000710b00000|100%| E|CS|TAMS 0x0000000710a00000, 0x0000000710a00000| Complete 
| 185|0x0000000710b00000, 0x0000000710c00000, 0x0000000710c00000|100%| E|CS|TAMS 0x0000000710b00000, 0x0000000710b00000| Complete 
| 186|0x0000000710c00000, 0x0000000710d00000, 0x0000000710d00000|100%| E|CS|TAMS 0x0000000710c00000, 0x0000000710c00000| Complete 
| 187|0x0000000710d00000, 0x0000000710e00000, 0x0000000710e00000|100%| E|CS|TAMS 0x0000000710d00000, 0x0000000710d00000| Complete 
| 188|0x0000000710e00000, 0x0000000710f00000, 0x0000000710f00000|100%| E|CS|TAMS 0x0000000710e00000, 0x0000000710e00000| Complete 
| 189|0x0000000710f00000, 0x0000000711000000, 0x0000000711000000|100%| E|CS|TAMS 0x0000000710f00000, 0x0000000710f00000| Complete 
| 190|0x0000000711000000, 0x0000000711100000, 0x0000000711100000|100%| E|CS|TAMS 0x0000000711000000, 0x0000000711000000| Complete 
| 191|0x0000000711100000, 0x0000000711200000, 0x0000000711200000|100%| E|CS|TAMS 0x0000000711100000, 0x0000000711100000| Complete 
| 192|0x0000000711200000, 0x0000000711300000, 0x0000000711300000|100%| E|CS|TAMS 0x0000000711200000, 0x0000000711200000| Complete 
| 193|0x0000000711300000, 0x0000000711400000, 0x0000000711400000|100%| E|CS|TAMS 0x0000000711300000, 0x0000000711300000| Complete 
| 194|0x0000000711400000, 0x0000000711500000, 0x0000000711500000|100%| E|CS|TAMS 0x0000000711400000, 0x0000000711400000| Complete 
| 195|0x0000000711500000, 0x0000000711600000, 0x0000000711600000|100%| E|CS|TAMS 0x0000000711500000, 0x0000000711500000| Complete 
| 196|0x0000000711600000, 0x0000000711700000, 0x0000000711700000|100%| E|CS|TAMS 0x0000000711600000, 0x0000000711600000| Complete 
| 197|0x0000000711700000, 0x0000000711800000, 0x0000000711800000|100%| E|CS|TAMS 0x0000000711700000, 0x0000000711700000| Complete 
| 198|0x0000000711800000, 0x0000000711900000, 0x0000000711900000|100%| E|CS|TAMS 0x0000000711800000, 0x0000000711800000| Complete 
| 199|0x0000000711900000, 0x0000000711a00000, 0x0000000711a00000|100%| E|CS|TAMS 0x0000000711900000, 0x0000000711900000| Complete 
| 200|0x0000000711a00000, 0x0000000711b00000, 0x0000000711b00000|100%| E|CS|TAMS 0x0000000711a00000, 0x0000000711a00000| Complete 
| 201|0x0000000711b00000, 0x0000000711c00000, 0x0000000711c00000|100%| E|CS|TAMS 0x0000000711b00000, 0x0000000711b00000| Complete 
| 202|0x0000000711c00000, 0x0000000711d00000, 0x0000000711d00000|100%| E|CS|TAMS 0x0000000711c00000, 0x0000000711c00000| Complete 
| 203|0x0000000711d00000, 0x0000000711e00000, 0x0000000711e00000|100%| E|CS|TAMS 0x0000000711d00000, 0x0000000711d00000| Complete 
| 204|0x0000000711e00000, 0x0000000711f00000, 0x0000000711f00000|100%| E|CS|TAMS 0x0000000711e00000, 0x0000000711e00000| Complete 
| 205|0x0000000711f00000, 0x0000000712000000, 0x0000000712000000|100%| E|CS|TAMS 0x0000000711f00000, 0x0000000711f00000| Complete 
| 206|0x0000000712000000, 0x0000000712100000, 0x0000000712100000|100%| E|CS|TAMS 0x0000000712000000, 0x0000000712000000| Complete 
| 207|0x0000000712100000, 0x0000000712200000, 0x0000000712200000|100%| E|CS|TAMS 0x0000000712100000, 0x0000000712100000| Complete 
| 208|0x0000000712200000, 0x0000000712300000, 0x0000000712300000|100%| E|CS|TAMS 0x0000000712200000, 0x0000000712200000| Complete 
| 209|0x0000000712300000, 0x0000000712400000, 0x0000000712400000|100%| E|CS|TAMS 0x0000000712300000, 0x0000000712300000| Complete 
| 210|0x0000000712400000, 0x0000000712500000, 0x0000000712500000|100%| E|CS|TAMS 0x0000000712400000, 0x0000000712400000| Complete 
| 211|0x0000000712500000, 0x0000000712600000, 0x0000000712600000|100%| E|CS|TAMS 0x0000000712500000, 0x0000000712500000| Complete 
| 212|0x0000000712600000, 0x0000000712700000, 0x0000000712700000|100%| E|CS|TAMS 0x0000000712600000, 0x0000000712600000| Complete 
| 213|0x0000000712700000, 0x0000000712800000, 0x0000000712800000|100%| E|CS|TAMS 0x0000000712700000, 0x0000000712700000| Complete 
| 214|0x0000000712800000, 0x0000000712900000, 0x0000000712900000|100%| E|CS|TAMS 0x0000000712800000, 0x0000000712800000| Complete 
| 215|0x0000000712900000, 0x0000000712a00000, 0x0000000712a00000|100%| E|CS|TAMS 0x0000000712900000, 0x0000000712900000| Complete 
| 216|0x0000000712a00000, 0x0000000712b00000, 0x0000000712b00000|100%| E|CS|TAMS 0x0000000712a00000, 0x0000000712a00000| Complete 
| 217|0x0000000712b00000, 0x0000000712c00000, 0x0000000712c00000|100%| E|CS|TAMS 0x0000000712b00000, 0x0000000712b00000| Complete 
| 218|0x0000000712c00000, 0x0000000712d00000, 0x0000000712d00000|100%| E|CS|TAMS 0x0000000712c00000, 0x0000000712c00000| Complete 
| 219|0x0000000712d00000, 0x0000000712e00000, 0x0000000712e00000|100%| E|CS|TAMS 0x0000000712d00000, 0x0000000712d00000| Complete 
| 220|0x0000000712e00000, 0x0000000712f00000, 0x0000000712f00000|100%| E|CS|TAMS 0x0000000712e00000, 0x0000000712e00000| Complete 
| 221|0x0000000712f00000, 0x0000000713000000, 0x0000000713000000|100%| E|CS|TAMS 0x0000000712f00000, 0x0000000712f00000| Complete 
| 222|0x0000000713000000, 0x0000000713100000, 0x0000000713100000|100%| E|CS|TAMS 0x0000000713000000, 0x0000000713000000| Complete 
| 223|0x0000000713100000, 0x0000000713200000, 0x0000000713200000|100%| E|CS|TAMS 0x0000000713100000, 0x0000000713100000| Complete 
| 224|0x0000000713200000, 0x0000000713300000, 0x0000000713300000|100%| E|CS|TAMS 0x0000000713200000, 0x0000000713200000| Complete 
| 225|0x0000000713300000, 0x0000000713400000, 0x0000000713400000|100%| E|CS|TAMS 0x0000000713300000, 0x0000000713300000| Complete 
| 226|0x0000000713400000, 0x0000000713500000, 0x0000000713500000|100%| E|CS|TAMS 0x0000000713400000, 0x0000000713400000| Complete 
| 227|0x0000000713500000, 0x0000000713600000, 0x0000000713600000|100%| E|CS|TAMS 0x0000000713500000, 0x0000000713500000| Complete 
| 228|0x0000000713600000, 0x0000000713700000, 0x0000000713700000|100%| E|CS|TAMS 0x0000000713600000, 0x0000000713600000| Complete 
| 229|0x0000000713700000, 0x0000000713800000, 0x0000000713800000|100%| E|CS|TAMS 0x0000000713700000, 0x0000000713700000| Complete 
| 230|0x0000000713800000, 0x0000000713900000, 0x0000000713900000|100%| E|CS|TAMS 0x0000000713800000, 0x0000000713800000| Complete 
| 231|0x0000000713900000, 0x0000000713a00000, 0x0000000713a00000|100%| E|CS|TAMS 0x0000000713900000, 0x0000000713900000| Complete 
| 232|0x0000000713a00000, 0x0000000713b00000, 0x0000000713b00000|100%| E|CS|TAMS 0x0000000713a00000, 0x0000000713a00000| Complete 
| 233|0x0000000713b00000, 0x0000000713c00000, 0x0000000713c00000|100%| E|CS|TAMS 0x0000000713b00000, 0x0000000713b00000| Complete 
| 234|0x0000000713c00000, 0x0000000713c89390, 0x0000000713d00000| 53%| S|CS|TAMS 0x0000000713c00000, 0x0000000713c00000| Complete 
| 235|0x0000000713d00000, 0x0000000713e00000, 0x0000000713e00000|100%| S|CS|TAMS 0x0000000713d00000, 0x0000000713d00000| Complete 
| 236|0x0000000713e00000, 0x0000000713f00000, 0x0000000713f00000|100%| S|CS|TAMS 0x0000000713e00000, 0x0000000713e00000| Complete 
| 237|0x0000000713f00000, 0x0000000714000000, 0x0000000714000000|100%| S|CS|TAMS 0x0000000713f00000, 0x0000000713f00000| Complete 
| 238|0x0000000714000000, 0x0000000714100000, 0x0000000714100000|100%| S|CS|TAMS 0x0000000714000000, 0x0000000714000000| Complete 
| 239|0x0000000714100000, 0x0000000714200000, 0x0000000714200000|100%| S|CS|TAMS 0x0000000714100000, 0x0000000714100000| Complete 
| 240|0x0000000714200000, 0x0000000714300000, 0x0000000714300000|100%| S|CS|TAMS 0x0000000714200000, 0x0000000714200000| Complete 
| 241|0x0000000714300000, 0x0000000714400000, 0x0000000714400000|100%| S|CS|TAMS 0x0000000714300000, 0x0000000714300000| Complete 
| 242|0x0000000714400000, 0x0000000714500000, 0x0000000714500000|100%| S|CS|TAMS 0x0000000714400000, 0x0000000714400000| Complete 
| 243|0x0000000714500000, 0x0000000714600000, 0x0000000714600000|100%| S|CS|TAMS 0x0000000714500000, 0x0000000714500000| Complete 
| 244|0x0000000714600000, 0x0000000714700000, 0x0000000714700000|100%| E|CS|TAMS 0x0000000714600000, 0x0000000714600000| Complete 
| 245|0x0000000714700000, 0x0000000714800000, 0x0000000714800000|100%| E|CS|TAMS 0x0000000714700000, 0x0000000714700000| Complete 
| 246|0x0000000714800000, 0x0000000714900000, 0x0000000714900000|100%| E|CS|TAMS 0x0000000714800000, 0x0000000714800000| Complete 
| 247|0x0000000714900000, 0x0000000714a00000, 0x0000000714a00000|100%| E|CS|TAMS 0x0000000714900000, 0x0000000714900000| Complete 
| 248|0x0000000714a00000, 0x0000000714b00000, 0x0000000714b00000|100%| E|CS|TAMS 0x0000000714a00000, 0x0000000714a00000| Complete 
| 249|0x0000000714b00000, 0x0000000714c00000, 0x0000000714c00000|100%| E|CS|TAMS 0x0000000714b00000, 0x0000000714b00000| Complete 
| 250|0x0000000714c00000, 0x0000000714d00000, 0x0000000714d00000|100%| E|CS|TAMS 0x0000000714c00000, 0x0000000714c00000| Complete 
| 251|0x0000000714d00000, 0x0000000714e00000, 0x0000000714e00000|100%| E|CS|TAMS 0x0000000714d00000, 0x0000000714d00000| Complete 
| 252|0x0000000714e00000, 0x0000000714f00000, 0x0000000714f00000|100%| E|CS|TAMS 0x0000000714e00000, 0x0000000714e00000| Complete 
| 253|0x0000000714f00000, 0x0000000715000000, 0x0000000715000000|100%| E|CS|TAMS 0x0000000714f00000, 0x0000000714f00000| Complete 
| 254|0x0000000715000000, 0x0000000715100000, 0x0000000715100000|100%| E|CS|TAMS 0x0000000715000000, 0x0000000715000000| Complete 
| 255|0x0000000715100000, 0x0000000715200000, 0x0000000715200000|100%| E|CS|TAMS 0x0000000715100000, 0x0000000715100000| Complete 
| 256|0x0000000715200000, 0x0000000715300000, 0x0000000715300000|100%| E|CS|TAMS 0x0000000715200000, 0x0000000715200000| Complete 
| 257|0x0000000715300000, 0x0000000715400000, 0x0000000715400000|100%| E|CS|TAMS 0x0000000715300000, 0x0000000715300000| Complete 
| 258|0x0000000715400000, 0x0000000715500000, 0x0000000715500000|100%| E|CS|TAMS 0x0000000715400000, 0x0000000715400000| Complete 
| 259|0x0000000715500000, 0x0000000715600000, 0x0000000715600000|100%| E|CS|TAMS 0x0000000715500000, 0x0000000715500000| Complete 
| 260|0x0000000715600000, 0x0000000715700000, 0x0000000715700000|100%| E|CS|TAMS 0x0000000715600000, 0x0000000715600000| Complete 
| 261|0x0000000715700000, 0x0000000715800000, 0x0000000715800000|100%| E|CS|TAMS 0x0000000715700000, 0x0000000715700000| Complete 
| 262|0x0000000715800000, 0x0000000715900000, 0x0000000715900000|100%| E|CS|TAMS 0x0000000715800000, 0x0000000715800000| Complete 
| 263|0x0000000715900000, 0x0000000715a00000, 0x0000000715a00000|100%| E|CS|TAMS 0x0000000715900000, 0x0000000715900000| Complete 
| 264|0x0000000715a00000, 0x0000000715b00000, 0x0000000715b00000|100%| E|CS|TAMS 0x0000000715a00000, 0x0000000715a00000| Complete 
| 265|0x0000000715b00000, 0x0000000715c00000, 0x0000000715c00000|100%| E|CS|TAMS 0x0000000715b00000, 0x0000000715b00000| Complete 
| 266|0x0000000715c00000, 0x0000000715d00000, 0x0000000715d00000|100%| E|CS|TAMS 0x0000000715c00000, 0x0000000715c00000| Complete 
| 267|0x0000000715d00000, 0x0000000715e00000, 0x0000000715e00000|100%| E|CS|TAMS 0x0000000715d00000, 0x0000000715d00000| Complete 
| 268|0x0000000715e00000, 0x0000000715f00000, 0x0000000715f00000|100%| E|CS|TAMS 0x0000000715e00000, 0x0000000715e00000| Complete 
| 269|0x0000000715f00000, 0x0000000716000000, 0x0000000716000000|100%| E|CS|TAMS 0x0000000715f00000, 0x0000000715f00000| Complete 
| 270|0x0000000716000000, 0x0000000716100000, 0x0000000716100000|100%| E|CS|TAMS 0x0000000716000000, 0x0000000716000000| Complete 
| 271|0x0000000716100000, 0x0000000716200000, 0x0000000716200000|100%| E|CS|TAMS 0x0000000716100000, 0x0000000716100000| Complete 
| 272|0x0000000716200000, 0x0000000716300000, 0x0000000716300000|100%| E|CS|TAMS 0x0000000716200000, 0x0000000716200000| Complete 
| 273|0x0000000716300000, 0x0000000716400000, 0x0000000716400000|100%| E|CS|TAMS 0x0000000716300000, 0x0000000716300000| Complete 
| 274|0x0000000716400000, 0x0000000716500000, 0x0000000716500000|100%| E|CS|TAMS 0x0000000716400000, 0x0000000716400000| Complete 
| 275|0x0000000716500000, 0x0000000716600000, 0x0000000716600000|100%| E|CS|TAMS 0x0000000716500000, 0x0000000716500000| Complete 
| 276|0x0000000716600000, 0x0000000716700000, 0x0000000716700000|100%| E|CS|TAMS 0x0000000716600000, 0x0000000716600000| Complete 
| 277|0x0000000716700000, 0x0000000716800000, 0x0000000716800000|100%| E|CS|TAMS 0x0000000716700000, 0x0000000716700000| Complete 
| 278|0x0000000716800000, 0x0000000716900000, 0x0000000716900000|100%| E|CS|TAMS 0x0000000716800000, 0x0000000716800000| Complete 
| 279|0x0000000716900000, 0x0000000716a00000, 0x0000000716a00000|100%| E|CS|TAMS 0x0000000716900000, 0x0000000716900000| Complete 
| 280|0x0000000716a00000, 0x0000000716b00000, 0x0000000716b00000|100%| E|CS|TAMS 0x0000000716a00000, 0x0000000716a00000| Complete 
| 281|0x0000000716b00000, 0x0000000716c00000, 0x0000000716c00000|100%| E|CS|TAMS 0x0000000716b00000, 0x0000000716b00000| Complete 
| 282|0x0000000716c00000, 0x0000000716d00000, 0x0000000716d00000|100%| E|CS|TAMS 0x0000000716c00000, 0x0000000716c00000| Complete 
| 283|0x0000000716d00000, 0x0000000716e00000, 0x0000000716e00000|100%| E|CS|TAMS 0x0000000716d00000, 0x0000000716d00000| Complete 
| 284|0x0000000716e00000, 0x0000000716f00000, 0x0000000716f00000|100%| E|CS|TAMS 0x0000000716e00000, 0x0000000716e00000| Complete 
| 285|0x0000000716f00000, 0x0000000717000000, 0x0000000717000000|100%| E|CS|TAMS 0x0000000716f00000, 0x0000000716f00000| Complete 
| 286|0x0000000717000000, 0x0000000717100000, 0x0000000717100000|100%| E|CS|TAMS 0x0000000717000000, 0x0000000717000000| Complete 
| 287|0x0000000717100000, 0x0000000717200000, 0x0000000717200000|100%| E|CS|TAMS 0x0000000717100000, 0x0000000717100000| Complete 
| 288|0x0000000717200000, 0x0000000717300000, 0x0000000717300000|100%| E|CS|TAMS 0x0000000717200000, 0x0000000717200000| Complete 
| 289|0x0000000717300000, 0x0000000717400000, 0x0000000717400000|100%| E|CS|TAMS 0x0000000717300000, 0x0000000717300000| Complete 
| 290|0x0000000717400000, 0x0000000717500000, 0x0000000717500000|100%| E|CS|TAMS 0x0000000717400000, 0x0000000717400000| Complete 
| 291|0x0000000717500000, 0x0000000717600000, 0x0000000717600000|100%| E|CS|TAMS 0x0000000717500000, 0x0000000717500000| Complete 
| 292|0x0000000717600000, 0x0000000717700000, 0x0000000717700000|100%| E|CS|TAMS 0x0000000717600000, 0x0000000717600000| Complete 
| 293|0x0000000717700000, 0x0000000717800000, 0x0000000717800000|100%| E|CS|TAMS 0x0000000717700000, 0x0000000717700000| Complete 
| 294|0x0000000717800000, 0x0000000717900000, 0x0000000717900000|100%| E|CS|TAMS 0x0000000717800000, 0x0000000717800000| Complete 
| 295|0x0000000717900000, 0x0000000717a00000, 0x0000000717a00000|100%| E|CS|TAMS 0x0000000717900000, 0x0000000717900000| Complete 
| 296|0x0000000717a00000, 0x0000000717b00000, 0x0000000717b00000|100%| E|CS|TAMS 0x0000000717a00000, 0x0000000717a00000| Complete 
| 297|0x0000000717b00000, 0x0000000717c00000, 0x0000000717c00000|100%| E|CS|TAMS 0x0000000717b00000, 0x0000000717b00000| Complete 
| 298|0x0000000717c00000, 0x0000000717d00000, 0x0000000717d00000|100%| E|CS|TAMS 0x0000000717c00000, 0x0000000717c00000| Complete 
| 299|0x0000000717d00000, 0x0000000717e00000, 0x0000000717e00000|100%| E|CS|TAMS 0x0000000717d00000, 0x0000000717d00000| Complete 
| 300|0x0000000717e00000, 0x0000000717f00000, 0x0000000717f00000|100%| E|CS|TAMS 0x0000000717e00000, 0x0000000717e00000| Complete 
| 301|0x0000000717f00000, 0x0000000718000000, 0x0000000718000000|100%| E|CS|TAMS 0x0000000717f00000, 0x0000000717f00000| Complete 
| 302|0x0000000718000000, 0x0000000718100000, 0x0000000718100000|100%| E|CS|TAMS 0x0000000718000000, 0x0000000718000000| Complete 

Card table byte_map: [0x000001e9b4180000,0x000001e9b4960000] _byte_map_base: 0x000001e9b0957000

Marking Bits (Prev, Next): (CMBitMap*) 0x000001e9a092dd68, (CMBitMap*) 0x000001e9a092dda0
 Prev Bits: [0x000001e9b5140000, 0x000001e9b8ff8000)
 Next Bits: [0x000001e9b9000000, 0x000001e9bceb8000)

Polling page: 0x000001e99e690000

Metaspace:

Usage:
  Non-class:     44.41 MB capacity,    43.65 MB ( 98%) used,   632.65 KB (  1%) free+waste,   146.56 KB ( <1%) overhead. 
      Class:      6.72 MB capacity,     6.23 MB ( 93%) used,   429.87 KB (  6%) free+waste,    70.19 KB (  1%) overhead. 
       Both:     51.13 MB capacity,    49.88 MB ( 98%) used,     1.04 MB (  2%) free+waste,   216.75 KB ( <1%) overhead. 

Virtual space:
  Non-class space:       46.00 MB reserved,      44.63 MB ( 97%) committed 
      Class space:        1.00 GB reserved,       6.82 MB ( <1%) committed 
             Both:        1.04 GB reserved,      51.45 MB (  5%) committed 

Chunk freelists:
   Non-Class:  29.00 KB
       Class:  0 bytes
        Both:  29.00 KB

MaxMetaspaceSize: 17179869184.00 GB
CompressedClassSpaceSize: 1.00 GB

CodeHeap 'non-profiled nmethods': size=238912Kb used=9462Kb max_used=9467Kb free=229450Kb
 bounds [0x000001e9a5050000, 0x000001e9a5990000, 0x000001e9b39a0000]
CodeHeap 'non-nmethods': size=6848Kb used=1222Kb max_used=1222Kb free=5625Kb
 bounds [0x000001e9a49a0000, 0x000001e9a4c10000, 0x000001e9a5050000]
 total_blobs=6114 nmethods=5252 adapters=499
 compilation: enabled
              stopped_count=0, restarted_count=0
 full_count=0

Compilation events (20 events):
Event: 6.833 Thread 0x000001e9bfcf0800 5255       1       org.springframework.beans.factory.support.RootBeanDefinition::getPreferredConstructors (2 bytes)
Event: 6.833 Thread 0x000001e9bfcf0800 nmethod 5255 0x000001e9a598b290 code [0x000001e9a598b440, 0x000001e9a598b558]
Event: 6.835 Thread 0x000001e9bfcf0800 5256       1       ch.qos.logback.core.UnsynchronizedAppenderBase::isStarted (5 bytes)
Event: 6.835 Thread 0x000001e9bfcf0800 nmethod 5256 0x000001e9a598b610 code [0x000001e9a598b7c0, 0x000001e9a598b8d8]
Event: 6.835 Thread 0x000001e9bfcf0800 5257       1       ch.qos.logback.core.pattern.Converter::write (11 bytes)
Event: 6.836 Thread 0x000001e9bfcf0800 nmethod 5257 0x000001e9a598b990 code [0x000001e9a598bb60, 0x000001e9a598bce0]
Event: 6.842 Thread 0x000001e9bfcf0800 5258       1       java.util.concurrent.atomic.AtomicInteger::get (5 bytes)
Event: 6.842 Thread 0x000001e9bfcf0800 nmethod 5258 0x000001e9a598be10 code [0x000001e9a598bfc0, 0x000001e9a598c0d8]
Event: 6.846 Thread 0x000001e9bfcf0800 5259       1       org.springframework.web.servlet.mvc.condition.AbstractRequestCondition::hashCode (10 bytes)
Event: 6.847 Thread 0x000001e9bfcf0800 nmethod 5259 0x000001e9a598c190 code [0x000001e9a598c360, 0x000001e9a598c4c0]
Event: 6.847 Thread 0x000001e9bfcf0800 5260       1       org.springframework.util.AntPathMatcher::isPotentialMatch (116 bytes)
Event: 6.847 Thread 0x000001e9bfcf0800 nmethod 5260 0x000001e9a598c590 code [0x000001e9a598c7a0, 0x000001e9a598cc90]
Event: 6.848 Thread 0x000001e9bfcf0800 5261       1       java.util.regex.Pattern::atom (422 bytes)
Event: 6.849 Thread 0x000001e9bfcf0800 nmethod 5261 0x000001e9a598d010 code [0x000001e9a598d2e0, 0x000001e9a598e360]
Event: 6.857 Thread 0x000001e9bfcf0800 5262       1       org.apache.tomcat.util.http.MimeHeaderField::getName (5 bytes)
Event: 6.857 Thread 0x000001e9bfcf0800 nmethod 5262 0x000001e9a598e910 code [0x000001e9a598eac0, 0x000001e9a598ebd8]
Event: 6.861 Thread 0x000001e9bfcf0800 5267       1       java.nio.Buffer::flip (20 bytes)
Event: 6.861 Thread 0x000001e9bfcf0800 nmethod 5267 0x000001e9a51c0e90 code [0x000001e9a51c1040, 0x000001e9a51c1178]
Event: 6.865 Thread 0x000001e9bfcf0800 5268       1       java.io.BufferedOutputStream::flushBuffer (29 bytes)
Event: 6.865 Thread 0x000001e9bfcf0800 nmethod 5268 0x000001e9a51c0b10 code [0x000001e9a51c0cc0, 0x000001e9a51c0e30]

GC Heap History (12 events):
Event: 0.895 GC heap before
{Heap before GC invocations=0 (full 0):
 garbage-first heap   total 258048K, used 14336K [0x0000000705200000, 0x0000000800000000)
  region size 1024K, 14 young (14336K), 0 survivors (0K)
 Metaspace       used 12282K, capacity 12540K, committed 12800K, reserved 1060864K
  class space    used 1311K, capacity 1436K, committed 1536K, reserved 1048576K
}
Event: 0.900 GC heap after
{Heap after GC invocations=1 (full 0):
 garbage-first heap   total 258048K, used 5288K [0x0000000705200000, 0x0000000800000000)
  region size 1024K, 2 young (2048K), 2 survivors (2048K)
 Metaspace       used 12282K, capacity 12540K, committed 12800K, reserved 1060864K
  class space    used 1311K, capacity 1436K, committed 1536K, reserved 1048576K
}
Event: 1.088 GC heap before
{Heap before GC invocations=1 (full 0):
 garbage-first heap   total 258048K, used 15528K [0x0000000705200000, 0x0000000800000000)
  region size 1024K, 12 young (12288K), 2 survivors (2048K)
 Metaspace       used 15331K, capacity 15693K, committed 15872K, reserved 1062912K
  class space    used 1664K, capacity 1787K, committed 1792K, reserved 1048576K
}
Event: 1.092 GC heap after
{Heap after GC invocations=2 (full 0):
 garbage-first heap   total 258048K, used 6899K [0x0000000705200000, 0x0000000800000000)
  region size 1024K, 2 young (2048K), 2 survivors (2048K)
 Metaspace       used 15331K, capacity 15693K, committed 15872K, reserved 1062912K
  class space    used 1664K, capacity 1787K, committed 1792K, reserved 1048576K
}
Event: 1.276 GC heap before
{Heap before GC invocations=2 (full 0):
 garbage-first heap   total 258048K, used 28403K [0x0000000705200000, 0x0000000800000000)
  region size 1024K, 25 young (25600K), 2 survivors (2048K)
 Metaspace       used 20675K, capacity 21186K, committed 21296K, reserved 1069056K
  class space    used 2448K, capacity 2671K, committed 2688K, reserved 1048576K
}
Event: 1.280 GC heap after
{Heap after GC invocations=3 (full 0):
 garbage-first heap   total 258048K, used 8307K [0x0000000705200000, 0x0000000800000000)
  region size 1024K, 3 young (3072K), 3 survivors (3072K)
 Metaspace       used 20675K, capacity 21186K, committed 21296K, reserved 1069056K
  class space    used 2448K, capacity 2671K, committed 2688K, reserved 1048576K
}
Event: 1.624 GC heap before
{Heap before GC invocations=4 (full 0):
 garbage-first heap   total 258048K, used 45171K [0x0000000705200000, 0x0000000800000000)
  region size 1024K, 39 young (39936K), 3 survivors (3072K)
 Metaspace       used 26888K, capacity 27591K, committed 27900K, reserved 1073152K
  class space    used 3258K, capacity 3532K, committed 3660K, reserved 1048576K
}
Event: 1.628 GC heap after
{Heap after GC invocations=5 (full 0):
 garbage-first heap   total 258048K, used 10315K [0x0000000705200000, 0x0000000800000000)
  region size 1024K, 4 young (4096K), 4 survivors (4096K)
 Metaspace       used 26888K, capacity 27591K, committed 27900K, reserved 1073152K
  class space    used 3258K, capacity 3532K, committed 3660K, reserved 1048576K
}
Event: 2.019 GC heap before
{Heap before GC invocations=5 (full 0):
 garbage-first heap   total 258048K, used 65611K [0x0000000705200000, 0x0000000800000000)
  region size 1024K, 58 young (59392K), 4 survivors (4096K)
 Metaspace       used 29189K, capacity 30040K, committed 30332K, reserved 1075200K
  class space    used 3609K, capacity 3911K, committed 4044K, reserved 1048576K
}
Event: 2.026 GC heap after
{Heap after GC invocations=6 (full 0):
 garbage-first heap   total 310272K, used 13367K [0x0000000705200000, 0x0000000800000000)
  region size 1024K, 7 young (7168K), 7 survivors (7168K)
 Metaspace       used 29189K, capacity 30040K, committed 30332K, reserved 1075200K
  class space    used 3609K, capacity 3911K, committed 4044K, reserved 1048576K
}
Event: 2.541 GC heap before
{Heap before GC invocations=6 (full 0):
 garbage-first heap   total 310272K, used 72759K [0x0000000705200000, 0x0000000800000000)
  region size 1024K, 66 young (67584K), 7 survivors (7168K)
 Metaspace       used 34885K, capacity 35900K, committed 36048K, reserved 1081344K
  class space    used 4440K, capacity 4875K, committed 4940K, reserved 1048576K
}
Event: 2.547 GC heap after
{Heap after GC invocations=7 (full 0):
 garbage-first heap   total 310272K, used 16531K [0x0000000705200000, 0x0000000800000000)
  region size 1024K, 10 young (10240K), 10 survivors (10240K)
 Metaspace       used 34885K, capacity 35900K, committed 36048K, reserved 1081344K
  class space    used 4440K, capacity 4875K, committed 4940K, reserved 1048576K
}

Deoptimization events (6 events):
Event: 3.255 Thread 0x000001e9a08c8800 DEOPT PACKING pc=0x000001e9a52fbe73 sp=0x0000000ccb0fc1b0
Event: 3.255 Thread 0x000001e9a08c8800 DEOPT UNPACKING pc=0x000001e9a49c8fce sp=0x0000000ccb0fb6b8 mode 3
Event: 3.255 Thread 0x000001e9a08c8800 DEOPT PACKING pc=0x000001e9a52ff05d sp=0x0000000ccb0fc180
Event: 3.255 Thread 0x000001e9a08c8800 DEOPT UNPACKING pc=0x000001e9a49c8fce sp=0x0000000ccb0fb6b8 mode 3
Event: 3.733 Thread 0x000001e9a08c8800 DEOPT PACKING pc=0x000001e9a51be3ac sp=0x0000000ccb0fc9b0
Event: 3.733 Thread 0x000001e9a08c8800 DEOPT UNPACKING pc=0x000001e9a49c8fce sp=0x0000000ccb0fbec8 mode 0

Classes redefined (0 events):
No events

Internal exceptions (20 events):
Event: 3.265 Thread 0x000001e9a08c8800 Exception <a 'java/lang/ClassNotFoundException'{0x00000007117ec7c8}: org/springframework/beans/factory/AwareCustomizer> (0x00000007117ec7c8) thrown at [./src/hotspot/share/classfile/systemDictionary.cpp, line 231]
Event: 3.381 Thread 0x000001e9a08c8800 Exception <a 'java/lang/NoSuchMethodError'{0x0000000710a48708}: 'java.lang.Object java.lang.invoke.DirectMethodHandle$Holder.invokeInterface(java.lang.Object, java.lang.Object, java.lang.Object, java.lang.Object)'> (0x0000000710a48708) thrown at [./src/hotspot/share/interpreter/linkResolver.cpp, line 773]
Event: 3.393 Thread 0x000001e9a08c8800 Exception <a 'java/lang/NoSuchMethodError'{0x00000007109bea58}: 'java.lang.Object java.lang.invoke.DirectMethodHandle$Holder.invokeInterface(java.lang.Object, java.lang.Object, java.lang.Object)'> (0x00000007109bea58) thrown at [./src/hotspot/share/interpreter/linkResolver.cpp, line 773]
Event: 3.496 Thread 0x000001e9a08c8800 Exception <a 'java/lang/NoSuchMethodError'{0x000000070fc9eae0}: 'void java.lang.invoke.DirectMethodHandle$Holder.invokeVirtual(java.lang.Object, java.lang.Object, int)'> (0x000000070fc9eae0) thrown at [./src/hotspot/share/interpreter/linkResolver.cpp, line 773]
Event: 3.786 Thread 0x000001e9a08c8800 Exception <a 'java/lang/ClassNotFoundException'{0x000000070e0b7e28}: > (0x000000070e0b7e28) thrown at [./src/hotspot/share/prims/jni.cpp, line 636]
Event: 3.786 Thread 0x000001e9a08c8800 Exception <a 'java/lang/ClassNotFoundException'{0x000000070e0c84d8}: > (0x000000070e0c84d8) thrown at [./src/hotspot/share/prims/jni.cpp, line 636]
Event: 3.787 Thread 0x000001e9a08c8800 Exception <a 'java/lang/ClassNotFoundException'{0x000000070e0cbb10}: > (0x000000070e0cbb10) thrown at [./src/hotspot/share/prims/jni.cpp, line 636]
Event: 3.787 Thread 0x000001e9a08c8800 Exception <a 'java/lang/ClassNotFoundException'{0x000000070e0cf168}: > (0x000000070e0cf168) thrown at [./src/hotspot/share/prims/jni.cpp, line 636]
Event: 3.787 Thread 0x000001e9a08c8800 Exception <a 'java/lang/ClassNotFoundException'{0x000000070e0d2810}: > (0x000000070e0d2810) thrown at [./src/hotspot/share/prims/jni.cpp, line 636]
Event: 3.787 Thread 0x000001e9a08c8800 Exception <a 'java/lang/ClassNotFoundException'{0x000000070e0d5fc0}: > (0x000000070e0d5fc0) thrown at [./src/hotspot/share/prims/jni.cpp, line 636]
Event: 3.799 Thread 0x000001e9a08c8800 Exception <a 'java/lang/ClassNotFoundException'{0x000000070df8c508}: > (0x000000070df8c508) thrown at [./src/hotspot/share/prims/jni.cpp, line 636]
Event: 3.800 Thread 0x000001e9a08c8800 Exception <a 'java/lang/ClassNotFoundException'{0x000000070df8fde0}: > (0x000000070df8fde0) thrown at [./src/hotspot/share/prims/jni.cpp, line 636]
Event: 3.800 Thread 0x000001e9a08c8800 Exception <a 'java/lang/ClassNotFoundException'{0x000000070df93640}: > (0x000000070df93640) thrown at [./src/hotspot/share/prims/jni.cpp, line 636]
Event: 3.800 Thread 0x000001e9a08c8800 Exception <a 'java/lang/ClassNotFoundException'{0x000000070df96f00}: > (0x000000070df96f00) thrown at [./src/hotspot/share/prims/jni.cpp, line 636]
Event: 3.800 Thread 0x000001e9a08c8800 Exception <a 'java/lang/ClassNotFoundException'{0x000000070df9a7e0}: > (0x000000070df9a7e0) thrown at [./src/hotspot/share/prims/jni.cpp, line 636]
Event: 3.800 Thread 0x000001e9a08c8800 Exception <a 'java/lang/ClassNotFoundException'{0x000000070df9e0d8}: > (0x000000070df9e0d8) thrown at [./src/hotspot/share/prims/jni.cpp, line 636]
Event: 3.845 Thread 0x000001e9a08c8800 Exception <a 'java/lang/NoSuchMethodError'{0x000000070dc71540}: 'void java.lang.invoke.DirectMethodHandle$Holder.invokeSpecial(java.lang.Object, java.lang.Object)'> (0x000000070dc71540) thrown at [./src/hotspot/share/interpreter/linkResolver.cpp, line 773]
Event: 3.845 Thread 0x000001e9a08c8800 Exception <a 'java/lang/NoSuchMethodError'{0x000000070dc76dd8}: 'java.lang.Object java.lang.invoke.DirectMethodHandle$Holder.newInvokeSpecial(java.lang.Object, int)'> (0x000000070dc76dd8) thrown at [./src/hotspot/share/interpreter/linkResolver.cpp, line 773]
Event: 6.858 Thread 0x000001e9c3453800 Exception <a 'java/lang/NoSuchMethodError'{0x000000070ce1dcb0}: 'int java.lang.invoke.DirectMethodHandle$Holder.invokeStatic(java.lang.Object, int, int, int, java.lang.Object)'> (0x000000070ce1dcb0) thrown at [./src/hotspot/share/interpreter/linkResolver.cpp, line 773]
Event: 6.858 Thread 0x000001e9c3453800 Exception <a 'java/lang/NoSuchMethodError'{0x000000070ce23d88}: 'java.lang.Object java.lang.invoke.DirectMethodHandle$Holder.invokeStatic(java.lang.Object, int, int, int)'> (0x000000070ce23d88) thrown at [./src/hotspot/share/interpreter/linkResolver.cpp, line 773]

Events (20 events):
Event: 6.856 loading class org/springframework/validation/BindingErrorProcessor done
Event: 6.857 loading class com/xtp/project/common/QuoteMethod
Event: 6.857 loading class com/xtp/project/common/QuoteMethod done
Event: 6.857 loading class com/zts/xtp/common/jni/JNILoadLibrary
Event: 6.857 loading class com/zts/xtp/common/jni/JNILoadLibrary done
Event: 6.857 Executing VM operation: RevokeBias
Event: 6.857 Executing VM operation: RevokeBias done
Event: 6.858 Thread 0x000001e9bfcf4000 flushing nmethod 0x000001e9a51afc10
Event: 6.858 Thread 0x000001e9bfcf4000 flushing nmethod 0x000001e9a51c0290
Event: 6.858 Thread 0x000001e9bfcf4000 flushing nmethod 0x000001e9a51c0990
Event: 6.858 Thread 0x000001e9bfcf4000 flushing nmethod 0x000001e9a521c490
Event: 6.858 loading class java/io/FileFilter
Event: 6.858 loading class java/io/FileFilter done
Event: 6.861 Loaded shared library C:\Windows\System32\glog.dll
Event: 6.862 Loaded shared library C:\Windows\System32\xtpquoteapi.dll
Event: 6.863 Loaded shared library C:\Windows\System32\xtptraderapi.dll
Event: 6.864 Loaded shared library C:\Windows\System32\tradeplugin.dll
Event: 6.864 Loaded shared library C:\Windows\System32\quoteplugin.dll
Event: 6.865 loading class com/zts/xtp/quote/api/QuoteApi
Event: 6.865 loading class com/zts/xtp/quote/api/QuoteApi done


Dynamic libraries:
0x00007ff7a1940000 - 0x00007ff7a194a000 	C:\Program Files\JetBrains\IntelliJ IDEA 2019.3.4\jbr\bin\java.exe
0x00007ffb84860000 - 0x00007ffb84a50000 	C:\Windows\SYSTEM32\ntdll.dll
0x00007ffb83770000 - 0x00007ffb83822000 	C:\Windows\System32\KERNEL32.DLL
0x00007ffb81d10000 - 0x00007ffb81fb4000 	C:\Windows\System32\KERNELBASE.dll
0x00007ffb82040000 - 0x00007ffb8213a000 	C:\Windows\System32\ucrtbase.dll
0x00007ffb75510000 - 0x00007ffb75529000 	C:\Program Files\JetBrains\IntelliJ IDEA 2019.3.4\jbr\bin\jli.dll
0x00007ffb83b90000 - 0x00007ffb83d24000 	C:\Windows\System32\USER32.dll
0x00007ffb81a10000 - 0x00007ffb81a31000 	C:\Windows\System32\win32u.dll
0x00007ffb82d00000 - 0x00007ffb82d26000 	C:\Windows\System32\GDI32.dll
0x00007ffb81850000 - 0x00007ffb819e5000 	C:\Windows\System32\gdi32full.dll
0x00007ffb81af0000 - 0x00007ffb81b8e000 	C:\Windows\System32\msvcp_win.dll
0x00007ffb72e60000 - 0x00007ffb72e77000 	C:\Program Files\JetBrains\IntelliJ IDEA 2019.3.4\jbr\bin\VCRUNTIME140.dll
0x00007ffb643b0000 - 0x00007ffb64634000 	C:\Windows\WinSxS\amd64_microsoft.windows.common-controls_6595b64144ccf1df_6.0.18362.900_none_e6beb9d913147d17\COMCTL32.dll
0x00007ffb83e70000 - 0x00007ffb83f0e000 	C:\Windows\System32\msvcrt.dll
0x00007ffb82910000 - 0x00007ffb82c45000 	C:\Windows\System32\combase.dll
0x00007ffb83890000 - 0x00007ffb839b0000 	C:\Windows\System32\RPCRT4.dll
0x00007ffb81fc0000 - 0x00007ffb82040000 	C:\Windows\System32\bcryptPrimitives.dll
0x00007ffb82ea0000 - 0x00007ffb82ece000 	C:\Windows\System32\IMM32.DLL
0x00007ffb67530000 - 0x00007ffb675cd000 	C:\Program Files\JetBrains\IntelliJ IDEA 2019.3.4\jbr\bin\msvcp140.dll
0x00007ffb3f080000 - 0x00007ffb3fb3b000 	C:\Program Files\JetBrains\IntelliJ IDEA 2019.3.4\jbr\bin\server\jvm.dll
0x00007ffb82c50000 - 0x00007ffb82cf3000 	C:\Windows\System32\ADVAPI32.dll
0x00007ffb83fc0000 - 0x00007ffb84057000 	C:\Windows\System32\sechost.dll
0x00007ffb82db0000 - 0x00007ffb82db8000 	C:\Windows\System32\PSAPI.DLL
0x00007ffb7c0a0000 - 0x00007ffb7c0a9000 	C:\Windows\SYSTEM32\WSOCK32.dll
0x00007ffb830b0000 - 0x00007ffb8311f000 	C:\Windows\System32\WS2_32.dll
0x00007ffb75b80000 - 0x00007ffb75ba4000 	C:\Windows\SYSTEM32\WINMM.dll
0x00007ffb7c3a0000 - 0x00007ffb7c3aa000 	C:\Windows\SYSTEM32\VERSION.dll
0x00007ffb75aa0000 - 0x00007ffb75acd000 	C:\Windows\SYSTEM32\WINMMBASE.dll
0x00007ffb82140000 - 0x00007ffb8218a000 	C:\Windows\System32\cfgmgr32.dll
0x00007ffb81750000 - 0x00007ffb81761000 	C:\Windows\System32\kernel.appcore.dll
0x00007ffb76040000 - 0x00007ffb76051000 	C:\Program Files\JetBrains\IntelliJ IDEA 2019.3.4\jbr\bin\verify.dll
0x00007ffb7cdd0000 - 0x00007ffb7cfc4000 	C:\Windows\SYSTEM32\DBGHELP.DLL
0x00007ffb7cb20000 - 0x00007ffb7cb4a000 	C:\Windows\SYSTEM32\dbgcore.DLL
0x00007ffb75cc0000 - 0x00007ffb75ce9000 	C:\Program Files\JetBrains\IntelliJ IDEA 2019.3.4\jbr\bin\java.dll
0x00007ffb7c050000 - 0x00007ffb7c05f000 	C:\Program Files\JetBrains\IntelliJ IDEA 2019.3.4\jbr\bin\instrument.dll
0x00007ffb75720000 - 0x00007ffb75738000 	C:\Program Files\JetBrains\IntelliJ IDEA 2019.3.4\jbr\bin\zip.dll
0x00007ffb7bd80000 - 0x00007ffb7bd8b000 	C:\Program Files\JetBrains\IntelliJ IDEA 2019.3.4\jbr\bin\jimage.dll
0x00007ffb84130000 - 0x00007ffb84816000 	C:\Windows\System32\SHELL32.dll
0x00007ffb82ed0000 - 0x00007ffb82f79000 	C:\Windows\System32\shcore.dll
0x00007ffb82190000 - 0x00007ffb82910000 	C:\Windows\System32\windows.storage.dll
0x00007ffb81770000 - 0x00007ffb81793000 	C:\Windows\System32\profapi.dll
0x00007ffb817a0000 - 0x00007ffb817ea000 	C:\Windows\System32\powrprof.dll
0x00007ffb81720000 - 0x00007ffb81730000 	C:\Windows\System32\UMPDC.dll
0x00007ffb83830000 - 0x00007ffb83882000 	C:\Windows\System32\shlwapi.dll
0x00007ffb819f0000 - 0x00007ffb81a07000 	C:\Windows\System32\cryptsp.dll
0x00007ffb75700000 - 0x00007ffb7571a000 	C:\Program Files\JetBrains\IntelliJ IDEA 2019.3.4\jbr\bin\net.dll
0x00007ffb7a700000 - 0x00007ffb7a7f0000 	C:\Windows\SYSTEM32\WINHTTP.dll
0x00007ffb80ee0000 - 0x00007ffb80f47000 	C:\Windows\system32\mswsock.dll
0x00007ffb75680000 - 0x00007ffb75694000 	C:\Program Files\JetBrains\IntelliJ IDEA 2019.3.4\jbr\bin\nio.dll
0x00007ffb7ad30000 - 0x00007ffb7ad4a000 	C:\Program Files\JetBrains\IntelliJ IDEA 2019.3.4\bin\breakgen64.dll
0x00007ffb80c40000 - 0x00007ffb80d0b000 	C:\Windows\SYSTEM32\DNSAPI.dll
0x00007ffb839b0000 - 0x00007ffb839b8000 	C:\Windows\System32\NSI.dll
0x00007ffb80c00000 - 0x00007ffb80c3a000 	C:\Windows\SYSTEM32\IPHLPAPI.DLL
0x00007ffb79db0000 - 0x00007ffb79dba000 	C:\Windows\System32\rasadhlp.dll
0x00007ffb7b350000 - 0x00007ffb7b3c7000 	C:\Windows\System32\fwpuclnt.dll
0x00007ffb81b90000 - 0x00007ffb81bb6000 	C:\Windows\System32\bcrypt.dll
0x00007ffb7bd60000 - 0x00007ffb7bd6a000 	C:\Program Files\JetBrains\IntelliJ IDEA 2019.3.4\jbr\bin\management.dll
0x00007ffb7b260000 - 0x00007ffb7b26c000 	C:\Program Files\JetBrains\IntelliJ IDEA 2019.3.4\jbr\bin\management_ext.dll
0x00007ffb80a60000 - 0x00007ffb80a93000 	C:\Windows\system32\rsaenh.dll
0x00007ffb81640000 - 0x00007ffb81665000 	C:\Windows\SYSTEM32\USERENV.dll
0x00007ffb81060000 - 0x00007ffb8106c000 	C:\Windows\SYSTEM32\CRYPTBASE.dll
0x00007ffb7c0c0000 - 0x00007ffb7c0d6000 	C:\Windows\SYSTEM32\dhcpcsvc6.DLL
0x00007ffb7c080000 - 0x00007ffb7c09c000 	C:\Windows\SYSTEM32\dhcpcsvc.DLL
0x00007ffb6a9c0000 - 0x00007ffb6a9d6000 	C:\Windows\system32\napinsp.dll
0x00007ffb6ad20000 - 0x00007ffb6ad3a000 	C:\Windows\system32\pnrpnsp.dll
0x00007ffb6b0c0000 - 0x00007ffb6b0ce000 	C:\Windows\System32\winrnr.dll
0x00007ffb7d2f0000 - 0x00007ffb7d30c000 	C:\Windows\system32\NLAapi.dll
0x00007ffb6ad40000 - 0x00007ffb6ad55000 	C:\Windows\system32\wshbth.dll
0x00007ffb6b940000 - 0x00007ffb6b97e000 	C:\Windows\System32\glog.dll
0x00007ffb6aa30000 - 0x00007ffb6aa86000 	C:\Windows\System32\xtpquoteapi.dll
0x00007ffb6a270000 - 0x00007ffb6a2d1000 	C:\Windows\System32\xtptraderapi.dll
0x00007ffb6b080000 - 0x00007ffb6b097000 	C:\Windows\SYSTEM32\NETAPI32.dll
0x00007ffb75760000 - 0x00007ffb7577d000 	C:\Windows\System32\tradeplugin.dll
0x00007ffb75640000 - 0x00007ffb75655000 	C:\Windows\System32\quoteplugin.dll

dbghelp: loaded successfully - version: 4.0.5 - missing functions: none
symbol engine: initialized successfully - sym options: 0x614 - pdb path: .;C:\Program Files\JetBrains\IntelliJ IDEA 2019.3.4\jbr\bin;C:\Windows\SYSTEM32;C:\Windows\WinSxS\amd64_microsoft.windows.common-controls_6595b64144ccf1df_6.0.18362.900_none_e6beb9d913147d17;C:\Program Files\JetBrains\IntelliJ IDEA 2019.3.4\jbr\bin\server;C:\Program Files\JetBrains\IntelliJ IDEA 2019.3.4\bin

VM Arguments:
jvm_args: -XX:TieredStopAtLevel=1 -Xverify:none -Dspring.output.ansi.enabled=always -Dcom.sun.management.jmxremote -Dspring.jmx.enabled=true -Dspring.liveBeansView.mbeanDomain -Dspring.application.admin.enabled=true -javaagent:C:\Program Files\JetBrains\IntelliJ IDEA 2019.3.4\lib\idea_rt.jar=13522:C:\Program Files\JetBrains\IntelliJ IDEA 2019.3.4\bin -Dfile.encoding=UTF-8 
java_command: com.xtp.project.Application
java_class_path (initial): D:\workspace\spring-boot-xtp\target\classes;D:\workspace\xtpapi-1.1.19.2.jar;C:\Users\ZhJia\.m2\repository\org\springframework\boot\spring-boot-starter-web\2.1.0.RELEASE\spring-boot-starter-web-2.1.0.RELEASE.jar;C:\Users\ZhJia\.m2\repository\org\springframework\boot\spring-boot-starter\2.1.0.RELEASE\spring-boot-starter-2.1.0.RELEASE.jar;C:\Users\ZhJia\.m2\repository\org\springframework\boot\spring-boot\2.1.0.RELEASE\spring-boot-2.1.0.RELEASE.jar;C:\Users\ZhJia\.m2\repository\org\springframework\boot\spring-boot-starter-logging\2.1.0.RELEASE\spring-boot-starter-logging-2.1.0.RELEASE.jar;C:\Users\ZhJia\.m2\repository\ch\qos\logback\logback-classic\1.2.3\logback-classic-1.2.3.jar;C:\Users\ZhJia\.m2\repository\ch\qos\logback\logback-core\1.2.3\logback-core-1.2.3.jar;C:\Users\ZhJia\.m2\repository\org\apache\logging\log4j\log4j-to-slf4j\2.11.1\log4j-to-slf4j-2.11.1.jar;C:\Users\ZhJia\.m2\repository\org\apache\logging\log4j\log4j-api\2.11.1\log4j-api-2.11.1.jar;C:\Users\ZhJia\.m2\repository\org\slf4j\jul-to-slf4j\1.7.25\jul-to-slf4j-1.7.25.jar;C:\Users\ZhJia\.m2\repository\javax\annotation\javax.annotation-api\1.3.2\javax.annotation-api-1.3.2.jar;C:\Users\ZhJia\.m2\repository\org\yaml\snakeyaml\1.23\snakeyaml-1.23.jar;C:\Users\ZhJia\.m2\repository\org\springframework\boot\spring-boot-starter-json\2.1.0.RELEASE\spring-boot-starter-json-2.1.0.RELEASE.jar;C:\Users\ZhJia\.m2\repository\com\fasterxml\jackson\core\jackson-databind\2.9.7\jackson-databind-2.9.7.jar;C:\Users\ZhJia\.m2\repository\com\fasterxml\jackson\core\jackson-core\2.9.7\jackson-core-2.9.7.jar;C:\Users\ZhJia\.m2\repository\com\fasterxml\jackson\datatype\jackson-datatype-jdk8\2.9.7\jackson-datatype-jdk8-2.9.7.jar;C:\Users\ZhJia\.m2\repository\com\fasterxml\jackson\datatype\jackson-datatype-jsr310\2.9.7\jackson-datatype-jsr310-2.9.7.jar;C:\Users\ZhJia\.m2\repository\com\fasterxml\jackson\module\jackson-module-parameter-names\2.9.7\jackson-module-parameter-names-2.9.7.jar;C:\Users\ZhJia
Launcher Type: SUN_STANDARD

[Global flags]
     bool BytecodeVerificationLocal                = false                                     {product} {command line}
     bool BytecodeVerificationRemote               = false                                     {product} {command line}
     intx CICompilerCount                          = 3                                         {product} {ergonomic}
     uint ConcGCThreads                            = 1                                         {product} {ergonomic}
     uint G1ConcRefinementThreads                  = 4                                         {product} {ergonomic}
   size_t G1HeapRegionSize                         = 1048576                                   {product} {ergonomic}
    uintx GCDrainStackTargetSize                   = 64                                        {product} {ergonomic}
   size_t InitialHeapSize                          = 264241152                                 {product} {ergonomic}
     bool ManagementServer                         = true                                      {product} {command line}
   size_t MarkStackSize                            = 4194304                                   {product} {ergonomic}
   size_t MaxHeapSize                              = 4208984064                                {product} {ergonomic}
   size_t MaxNewSize                               = 2524971008                                {product} {ergonomic}
   size_t MinHeapDeltaBytes                        = 1048576                                   {product} {ergonomic}
    uintx NonNMethodCodeHeapSize                   = 6973028                                {pd product} {ergonomic}
    uintx NonProfiledCodeHeapSize                  = 244685212                              {pd product} {ergonomic}
    uintx ProfiledCodeHeapSize                     = 0                                      {pd product} {ergonomic}
    uintx ReservedCodeCacheSize                    = 251658240                              {pd product} {ergonomic}
     bool SegmentedCodeCache                       = true                                      {product} {ergonomic}
     intx TieredStopAtLevel                        = 1                                         {product} {command line}
     bool UseCompressedClassPointers               = true                                 {lp64_product} {ergonomic}
     bool UseCompressedOops                        = true                                 {lp64_product} {ergonomic}
     bool UseG1GC                                  = true                                      {product} {ergonomic}
     bool UseLargePagesIndividualAllocation        = false                                  {pd product} {ergonomic}

Logging:
Log output configuration:
 #0: stdout all=warning uptime,level,tags
 #1: stderr all=off uptime,level,tags

Environment Variables:
PATH=C:\Program Files (x86)\NetSarang\Xftp 6\;C:\Program Files (x86)\NetSarang\Xshell 6\;C:\Windows\system32;C:\Windows;C:\Windows\System32\Wbem;C:\Windows\System32\WindowsPowerShell\v1.0\;C:\Windows\System32\OpenSSH\;C:\Program Files\Git\cmd;C:\Users\ZhJia\AppData\Local\Microsoft\WindowsApps;;C:\Program Files\JetBrains\PhpStorm 2019.3.4\bin;;C:\Program Files\JetBrains\IntelliJ IDEA 2019.3.4\bin;;C:\Users\ZhJia\AppData\Local\Programs\Microsoft VS Code\bin
USERNAME=ZhJia
OS=Windows_NT
PROCESSOR_IDENTIFIER=Intel64 Family 6 Model 158 Stepping 11, GenuineIntel



---------------  S Y S T E M  ---------------

OS: Windows 10 , 64 bit Build 18362 (10.0.18362.900)
OS uptime: 0 days 23:15 hours
HyperV virtualization detected

CPU:total 4 (initial active 4) (4 cores per cpu, 1 threads per core) family 6 model 158 stepping 11, cmov, cx8, fxsr, mmx, sse, sse2, sse3, ssse3, sse4.1, sse4.2, popcnt, avx, avx2, aes, clmul, erms, 3dnowpref, lzcnt, tsc, tscinvbit, bmi1, bmi2, adx, fma

Memory: 4k page, system-wide physical 16053M (8304M free)
TotalPageFile size 19125M (AvailPageFile size 9001M)
current process WorkingSet (physical memory assigned to process): 309M, peak: 309M
current process commit charge ("private bytes"): 460M, peak: 460M

vm_info: OpenJDK 64-Bit Server VM (11.0.7+10-b765.53) for windows-amd64 JRE (11.0.7+10-b765.53), built on May 12 2020 04:38:25 by "" with MS VC++ 14.0 (VS2015)

END.
